2024-05-05 00:23:25.906108
creating Y/n/_allcrse/202108/fa15/1bfb/2f70.pkl: 0 -0.06490749354134584
+-------------+----------+---------+-------------+
|   pred_code |   actual |   proba |         err |
|-------------+----------+---------+-------------|
|      202108 |    19080 | 19050.7 | -0.00153712 |
|      202208 |    22140 | 19938.6 | -0.0994331  |
|      202308 |    25300 | 23213.1 | -0.0824849  |
|      202408 |     8710 | 26188   |  2.00666    |
+-------------+----------+---------+-------------+
+----+----------+---------+------------+
|    |   actual |   proba |        err |
|----+----------+---------+------------|
|  0 |    66520 | 62202.4 | -0.0649075 |
+----+----------+---------+------------+
0.06490749354134584 -0.02817862251793224
+-------------+----------+---------+------------+
|   pred_code |   actual |   proba |        err |
|-------------+----------+---------+------------|
|      202108 |    19080 | 19701.5 |  0.0325747 |
|      202208 |    22140 | 20519.2 | -0.0732073 |
|      202308 |    25300 | 24424.8 | -0.0345912 |
|      202408 |     8710 | 28098.6 |  2.22602   |
+-------------+----------+---------+------------+
+----+----------+---------+------------+
|    |   actual |   proba |        err |
|----+----------+---------+------------|
|  0 |    66520 | 64645.6 | -0.0281786 |
+----+----------+---------+------------+
0.09308611605927808 -0.025418143277476157
+-------------+----------+---------+------------+
|   pred_code |   actual |   proba |        err |
|-------------+----------+---------+------------|
|      202108 |    19080 | 19767.8 |  0.0360478 |
|      202208 |    22140 | 20503.5 | -0.0739157 |
|      202308 |    25300 | 24557.9 | -0.0293325 |
|      202408 |     8710 | 28504.5 |  2.27262   |
+-------------+----------+---------+------------+
+----+----------+---------+------------+
|    |   actual |   proba |        err |
|----+----------+---------+------------|
|  0 |    66520 | 64829.2 | -0.0254181 |
+----+----------+---------+------------+
0.11850425933675424 0.0040534909004537045
+-------------+----------+---------+------------+
|   pred_code |   actual |   proba |        err |
|-------------+----------+---------+------------|
|      202108 |    19080 | 20266.3 |  0.0621741 |
|      202208 |    22140 | 21349.9 | -0.0356853 |
|      202308 |    25300 | 25173.4 | -0.0050028 |
|      202408 |     8710 | 29275.4 |  2.36112   |
+-------------+----------+---------+------------+
+----+----------+---------+------------+
|    |   actual |   proba |        err |
|----+----------+---------+------------|
|  0 |    66520 | 66789.6 | 0.00405349 |
+----+----------+---------+------------+
0.11445076843630053 -0.013116238537282054
+-------------+----------+---------+------------+
|   pred_code |   actual |   proba |        err |
|-------------+----------+---------+------------|
|      202108 |    19080 | 19889.4 |  0.042424  |
|      202208 |    22140 | 20792.5 | -0.0608646 |
|      202308 |    25300 | 24965.6 | -0.0132174 |
|      202408 |     8710 | 30130.5 |  2.4593    |
+-------------+----------+---------+------------+
+----+----------+---------+------------+
|    |   actual |   proba |        err |
|----+----------+---------+------------|
|  0 |    66520 | 65647.5 | -0.0131162 |
+----+----------+---------+------------+
4 0.022745978724643207
0.1275670069735826 -0.0028852870121220953
+-------------+----------+---------+------------+
|   pred_code |   actual |   proba |        err |
|-------------+----------+---------+------------|
|      202108 |    19080 | 20190.6 |  0.0582088 |
|      202208 |    22140 | 21105.9 | -0.046707  |
|      202308 |    25300 | 25031.5 | -0.010611  |
|      202408 |     8710 | 28943.2 |  2.32299   |
+-------------+----------+---------+------------+
+----+----------+---------+-------------+
|    |   actual |   proba |         err |
|----+----------+---------+-------------|
|  0 |    66520 | 66328.1 | -0.00288529 |
+----+----------+---------+-------------+
5 0.012471439248246561
0.13045229398570468 0.004422076009248155
+-------------+----------+---------+--------------+
|   pred_code |   actual |   proba |          err |
|-------------+----------+---------+--------------|
|      202108 |    19080 | 20290.2 |  0.0634302   |
|      202208 |    22140 | 21225.1 | -0.0413221   |
|      202308 |    25300 | 25298.8 | -4.82172e-05 |
|      202408 |     8710 | 30028.9 |  2.44763     |
+-------------+----------+---------+--------------+
+----+----------+---------+------------+
|    |   actual |   proba |        err |
|----+----------+---------+------------|
|  0 |    66520 | 66814.2 | 0.00442208 |
+----+----------+---------+------------+
6 0.011361033198342928
0.12603021797645653 0.0024389986094408567
+-------------+----------+---------+-------------+
|   pred_code |   actual |   proba |         err |
|-------------+----------+---------+-------------|
|      202108 |    19080 | 20112.1 |  0.0540957  |
|      202208 |    22140 | 21209.2 | -0.0420419  |
|      202308 |    25300 | 25360.9 |  0.00240736 |
|      202408 |     8710 | 30106   |  2.45648    |
+-------------+----------+---------+-------------+
+----+----------+---------+----------+
|    |   actual |   proba |      err |
|----+----------+---------+----------|
|  0 |    66520 | 66682.2 | 0.002439 |
+----+----------+---------+----------+
7 0.006589680128318693
0.12359121936701567 -0.011571136841821317
+-------------+----------+---------+------------+
|   pred_code |   actual |   proba |        err |
|-------------+----------+---------+------------|
|      202108 |    19080 | 20199.3 |  0.058665  |
|      202208 |    22140 | 20858   | -0.0579043 |
|      202308 |    25300 | 24693   | -0.0239937 |
|      202408 |     8710 | 28362.7 |  2.25633   |
+-------------+----------+---------+------------+
+----+----------+---------+------------+
|    |   actual |   proba |        err |
|----+----------+---------+------------|
|  0 |    66520 | 65750.3 | -0.0115711 |
+----+----------+---------+------------+
8 0.007126868865888921
0.135162356208837 -0.012714902844005671
+-------------+----------+---------+------------+
|   pred_code |   actual |   proba |        err |
|-------------+----------+---------+------------|
|      202108 |    19080 | 20160.2 |  0.0566167 |
|      202208 |    22140 | 20812.3 | -0.0599682 |
|      202308 |    25300 | 24701.7 | -0.0236501 |
|      202408 |     8710 | 29523.9 |  2.38965   |
+-------------+----------+---------+------------+
+----+----------+---------+------------+
|    |   actual |   proba |        err |
|----+----------+---------+------------|
|  0 |    66520 | 65674.2 | -0.0127149 |
+----+----------+---------+------------+
9 0.0070269060877570216
0.14787725905284266 0.016435896335198263
+-------------+----------+---------+------------+
|   pred_code |   actual |   proba |        err |
|-------------+----------+---------+------------|
|      202108 |    19080 | 20622.4 |  0.0808374 |
|      202208 |    22140 | 21197.4 | -0.0425738 |
|      202308 |    25300 | 25793.5 |  0.0195068 |
|      202408 |     8710 | 29980.1 |  2.44204   |
+-------------+----------+---------+------------+
+----+----------+---------+-----------+
|    |   actual |   proba |       err |
|----+----------+---------+-----------|
|  0 |    66520 | 67613.3 | 0.0164359 |
+----+----------+---------+-----------+
10 0.010872041846342977
0.1314413627176444 -0.008931639520823542
+-------------+----------+---------+------------+
|   pred_code |   actual |   proba |        err |
|-------------+----------+---------+------------|
|      202108 |    19080 | 20134   |  0.0552428 |
|      202208 |    22140 | 21019.3 | -0.0506192 |
|      202308 |    25300 | 24772.5 | -0.0208481 |
|      202408 |     8710 | 28572.4 |  2.28041   |
+-------------+----------+---------+------------+
+----+----------+---------+-------------+
|    |   actual |   proba |         err |
|----+----------+---------+-------------|
|  0 |    66520 | 65925.9 | -0.00893164 |
+----+----------+---------+-------------+
11 0.011047881762179688
0.14037300223846794 0.0042468430547204505
+-------------+----------+---------+-------------+
|   pred_code |   actual |   proba |         err |
|-------------+----------+---------+-------------|
|      202108 |    19080 | 20321.6 |  0.0650752  |
|      202208 |    22140 | 21364.5 | -0.0350275  |
|      202308 |    25300 | 25116.4 | -0.00725775 |
|      202408 |     8710 | 29987.8 |  2.44292    |
+-------------+----------+---------+-------------+
+----+----------+---------+------------+
|    |   actual |   proba |        err |
|----+----------+---------+------------|
|  0 |    66520 | 66802.5 | 0.00424684 |
+----+----------+---------+------------+
12 0.01124351873485866
0.13612615918374749 -0.0019183697194452565
+-------------+----------+---------+------------+
|   pred_code |   actual |   proba |        err |
|-------------+----------+---------+------------|
|      202108 |    19080 | 20336.9 |  0.0658752 |
|      202208 |    22140 | 21190.4 | -0.0428922 |
|      202308 |    25300 | 24865.1 | -0.0171887 |
|      202408 |     8710 | 30456.1 |  2.49669   |
+-------------+----------+---------+------------+
+----+----------+---------+-------------+
|    |   actual |   proba |         err |
|----+----------+---------+-------------|
|  0 |    66520 | 66392.4 | -0.00191837 |
+----+----------+---------+-------------+
13 0.010311508731778468
0.13804452890319274 -0.011825187098178702
+-------------+----------+---------+------------+
|   pred_code |   actual |   proba |        err |
|-------------+----------+---------+------------|
|      202108 |    19080 | 20183.3 |  0.0578232 |
|      202208 |    22140 | 20875.6 | -0.0571105 |
|      202308 |    25300 | 24674.5 | -0.0247215 |
|      202408 |     8710 | 28473.7 |  2.26909   |
+-------------+----------+---------+------------+
+----+----------+---------+------------+
|    |   actual |   proba |        err |
|----+----------+---------+------------|
|  0 |    66520 | 65733.4 | -0.0118252 |
+----+----------+---------+------------+
14 0.010106134415807226
0.14986971600137144 0.018489974819603017
+-------------+----------+---------+------------+
|   pred_code |   actual |   proba |        err |
|-------------+----------+---------+------------|
|      202108 |    19080 | 20542.6 |  0.0766565 |
|      202208 |    22140 | 21555.5 | -0.0264023 |
|      202308 |    25300 | 25651.9 |  0.0139089 |
|      202408 |     8710 | 29760   |  2.41676   |
+-------------+----------+---------+------------+
+----+----------+---------+---------+
|    |   actual |   proba |     err |
|----+----------+---------+---------|
|  0 |    66520 |   67750 | 0.01849 |
+----+----------+---------+---------+
15 0.010800032056763513
0.13137974118176843 -0.0017156494287432489
+-------------+----------+---------+-------------+
|   pred_code |   actual |   proba |         err |
|-------------+----------+---------+-------------|
|      202108 |    19080 | 20117.7 |  0.0543851  |
|      202208 |    22140 | 21154.9 | -0.0444923  |
|      202308 |    25300 | 25133.3 | -0.00659014 |
|      202408 |     8710 | 29260.8 |  2.35945    |
+-------------+----------+---------+-------------+
+----+----------+---------+-------------+
|    |   actual |   proba |         err |
|----+----------+---------+-------------|
|  0 |    66520 | 66405.9 | -0.00171565 |
+----+----------+---------+-------------+
16 0.009957718250776848
0.13309539061051168 -0.013388260277245267
+-------------+----------+---------+------------+
|   pred_code |   actual |   proba |        err |
|-------------+----------+---------+------------|
|      202108 |    19080 | 20156.6 |  0.0564269 |
|      202208 |    22140 | 20908.8 | -0.0556082 |
|      202308 |    25300 | 24564   | -0.0290928 |
|      202408 |     8710 | 29286.2 |  2.36236   |
+-------------+----------+---------+------------+
+----+----------+---------+------------+
|    |   actual |   proba |        err |
|----+----------+---------+------------|
|  0 |    66520 | 65629.4 | -0.0133883 |
+----+----------+---------+------------+
17 0.011367742084080337
0.14648365088775694 -0.0020171330051111935
+-------------+----------+---------+-------------+
|   pred_code |   actual |   proba |         err |
|-------------+----------+---------+-------------|
|      202108 |    19080 | 20134.7 |  0.0552799  |
|      202208 |    22140 | 21187.8 | -0.0430077  |
|      202308 |    25300 | 25063.3 | -0.00935686 |
|      202408 |     8710 | 29506.9 |  2.38771    |
+-------------+----------+---------+-------------+
+----+----------+---------+-------------+
|    |   actual |   proba |         err |
|----+----------+---------+-------------|
|  0 |    66520 | 66385.8 | -0.00201713 |
+----+----------+---------+-------------+
18 0.01136754464982287
0.14850078389286814 0.0016216036764313824
+-------------+----------+---------+------------+
|   pred_code |   actual |   proba |        err |
|-------------+----------+---------+------------|
|      202108 |    19080 | 20443.3 |  0.0714501 |
|      202208 |    22140 | 21139.6 | -0.0451864 |
|      202308 |    25300 | 25045   | -0.010078  |
|      202408 |     8710 | 30564.2 |  2.5091    |
+-------------+----------+---------+------------+
+----+----------+---------+-----------+
|    |   actual |   proba |       err |
|----+----------+---------+-----------|
|  0 |    66520 | 66627.9 | 0.0016216 |
+----+----------+---------+-----------+
19 0.010285697820086821
Elapsed time: 618.7347 seconds
creating Y/n/_allcrse/202208/fa15/1bfb/2f70.pkl: 0 0.021481673744738528
+-------------+----------+---------+------------+
|   pred_code |   actual |   proba |        err |
|-------------+----------+---------+------------|
|      202108 |    19080 | 19677.2 |  0.031302  |
|      202208 |    22140 | 21768.9 | -0.0167596 |
|      202308 |    25300 | 26502.8 |  0.0475406 |
|      202408 |     8710 | 31003.3 |  2.5595    |
+-------------+----------+---------+------------+
+----+----------+---------+-----------+
|    |   actual |   proba |       err |
|----+----------+---------+-----------|
|  0 |    66520 |   67949 | 0.0214817 |
+----+----------+---------+-----------+
-0.021481673744738528 0.029054231809982012
+-------------+----------+---------+------------+
|   pred_code |   actual |   proba |        err |
|-------------+----------+---------+------------|
|      202108 |    19080 | 19951.9 |  0.045698  |
|      202208 |    22140 | 21851.1 | -0.0130506 |
|      202308 |    25300 | 26649.7 |  0.0533483 |
|      202408 |     8710 | 30837.7 |  2.5405    |
+-------------+----------+---------+------------+
+----+----------+---------+-----------+
|    |   actual |   proba |       err |
|----+----------+---------+-----------|
|  0 |    66520 | 68452.7 | 0.0290542 |
+----+----------+---------+-----------+
-0.05053590555472054 0.021851158486169586
+-------------+----------+---------+------------+
|   pred_code |   actual |   proba |        err |
|-------------+----------+---------+------------|
|      202108 |    19080 | 19814.1 |  0.0384769 |
|      202208 |    22140 | 21666.8 | -0.0213715 |
|      202308 |    25300 | 26492.6 |  0.0471368 |
|      202408 |     8710 | 30891.4 |  2.54666   |
+-------------+----------+---------+------------+
+----+----------+---------+-----------+
|    |   actual |   proba |       err |
|----+----------+---------+-----------|
|  0 |    66520 | 67973.5 | 0.0218512 |
+----+----------+---------+-----------+
-0.07238706404089013 0.008019917648606434
+-------------+----------+---------+------------+
|   pred_code |   actual |   proba |        err |
|-------------+----------+---------+------------|
|      202108 |    19080 | 19413.5 |  0.0174804 |
|      202208 |    22140 | 21514.8 | -0.0282397 |
|      202308 |    25300 | 26125.2 |  0.0326161 |
|      202408 |     8710 | 30352.1 |  2.48474   |
+-------------+----------+---------+------------+
+----+----------+---------+------------+
|    |   actual |   proba |        err |
|----+----------+---------+------------|
|  0 |    66520 | 67053.5 | 0.00801992 |
+----+----------+---------+------------+
-0.08040698168949656 0.012277205163860438
+-------------+----------+---------+------------+
|   pred_code |   actual |   proba |        err |
|-------------+----------+---------+------------|
|      202108 |    19080 | 19479   |  0.0209121 |
|      202208 |    22140 | 21434.4 | -0.0318693 |
|      202308 |    25300 | 26423.3 |  0.0443978 |
|      202408 |     8710 | 30627.5 |  2.51636   |
+-------------+----------+---------+------------+
+----+----------+---------+-----------+
|    |   actual |   proba |       err |
|----+----------+---------+-----------|
|  0 |    66520 | 67336.7 | 0.0122772 |
+----+----------+---------+-----------+
4 0.007484129439335104
-0.092684186853357 0.00308219274145749
+-------------+----------+---------+------------+
|   pred_code |   actual |   proba |        err |
|-------------+----------+---------+------------|
|      202108 |    19080 | 19350   |  0.0141534 |
|      202208 |    22140 | 21193.3 | -0.0427602 |
|      202308 |    25300 | 26181.7 |  0.0348495 |
|      202408 |     8710 | 30630.1 |  2.51666   |
+-------------+----------+---------+------------+
+----+----------+---------+------------+
|    |   actual |   proba |        err |
|----+----------+---------+------------|
|  0 |    66520 |   66725 | 0.00308219 |
+----+----------+---------+------------+
5 0.009407728380760719
-0.09576637959481449 -0.0013329894093041528
+-------------+----------+---------+------------+
|   pred_code |   actual |   proba |        err |
|-------------+----------+---------+------------|
|      202108 |    19080 | 19347.2 |  0.0140036 |
|      202208 |    22140 | 21303   | -0.0378043 |
|      202308 |    25300 | 25781.1 |  0.0190169 |
|      202408 |     8710 | 30279.2 |  2.47638   |
+-------------+----------+---------+------------+
+----+----------+---------+-------------+
|    |   actual |   proba |         err |
|----+----------+---------+-------------|
|  0 |    66520 | 66431.3 | -0.00133299 |
+----+----------+---------+-------------+
6 0.007979986395882845
-0.09443339018551034 -0.008918957644317493
+-------------+----------+---------+--------------+
|   pred_code |   actual |   proba |          err |
|-------------+----------+---------+--------------|
|      202108 |    19080 | 19087.6 |  0.000400452 |
|      202208 |    22140 | 21208.2 | -0.0420876   |
|      202308 |    25300 | 25630.9 |  0.0130788   |
|      202408 |     8710 | 29622   |  2.40092     |
+-------------+----------+---------+--------------+
+----+----------+---------+-------------+
|    |   actual |   proba |         err |
|----+----------+---------+-------------|
|  0 |    66520 | 65926.7 | -0.00891896 |
+----+----------+---------+-------------+
7 0.007367602911386336
-0.08551443254119284 0.019588907380272413
+-------------+----------+---------+------------+
|   pred_code |   actual |   proba |        err |
|-------------+----------+---------+------------|
|      202108 |    19080 | 19786.7 |  0.0370367 |
|      202208 |    22140 | 21606.8 | -0.0240846 |
|      202308 |    25300 | 26429.6 |  0.0446493 |
|      202408 |     8710 | 30799.3 |  2.53609   |
+-------------+----------+---------+------------+
+----+----------+---------+-----------+
|    |   actual |   proba |       err |
|----+----------+---------+-----------|
|  0 |    66520 | 67823.1 | 0.0195889 |
+----+----------+---------+-----------+
8 0.010032921960485953
-0.10510333992146526 -0.007764639156861763
+-------------+----------+---------+-------------+
|   pred_code |   actual |   proba |         err |
|-------------+----------+---------+-------------|
|      202108 |    19080 | 19135   |  0.00288496 |
|      202208 |    22140 | 21428.6 | -0.0321328  |
|      202308 |    25300 | 25439.9 |  0.00552851 |
|      202408 |     8710 | 28822.5 |  2.30913    |
+-------------+----------+---------+-------------+
+----+----------+---------+-------------+
|    |   actual |   proba |         err |
|----+----------+---------+-------------|
|  0 |    66520 | 66003.5 | -0.00776464 |
+----+----------+---------+-------------+
9 0.010300549421861965
-0.09733870076460349 0.006137251954299483
+-------------+----------+---------+------------+
|   pred_code |   actual |   proba |        err |
|-------------+----------+---------+------------|
|      202108 |    19080 | 19324.1 |  0.0127956 |
|      202208 |    22140 | 21385   | -0.0341031 |
|      202308 |    25300 | 26219.2 |  0.0363301 |
|      202408 |     8710 | 30552   |  2.50769   |
+-------------+----------+---------+------------+
+----+----------+---------+------------+
|    |   actual |   proba |        err |
|----+----------+---------+------------|
|  0 |    66520 | 66928.2 | 0.00613725 |
+----+----------+---------+------------+
10 0.010498742189567548
-0.10347595271890297 -0.008574253983764324
+-------------+----------+---------+------------+
|   pred_code |   actual |   proba |        err |
|-------------+----------+---------+------------|
|      202108 |    19080 | 18750.6 | -0.0172617 |
|      202208 |    22140 | 21144.1 | -0.0449802 |
|      202308 |    25300 | 26054.9 |  0.029836  |
|      202408 |     8710 | 30069.5 |  2.4523    |
+-------------+----------+---------+------------+
+----+----------+---------+-------------+
|    |   actual |   proba |         err |
|----+----------+---------+-------------|
|  0 |    66520 | 65949.6 | -0.00857425 |
+----+----------+---------+-------------+
11 0.011266787913149086
-0.09490169873513865 0.023254049533974808
+-------------+----------+---------+------------+
|   pred_code |   actual |   proba |        err |
|-------------+----------+---------+------------|
|      202108 |    19080 | 19461.5 |  0.0199938 |
|      202208 |    22140 | 21342.6 | -0.036018  |
|      202308 |    25300 | 27262.8 |  0.0775816 |
|      202408 |     8710 | 31554.9 |  2.62283   |
+-------------+----------+---------+------------+
+----+----------+---------+----------+
|    |   actual |   proba |      err |
|----+----------+---------+----------|
|  0 |    66520 | 68066.9 | 0.023254 |
+----+----------+---------+----------+
12 0.013288027150456967
-0.11815574826911346 0.004970896910703626
+-------------+----------+---------+-------------+
|   pred_code |   actual |   proba |         err |
|-------------+----------+---------+-------------|
|      202108 |    19080 | 19267.2 |  0.00981077 |
|      202208 |    22140 | 21258.3 | -0.0398236  |
|      202308 |    25300 | 26325.2 |  0.0405206  |
|      202408 |     8710 | 30782.6 |  2.53417    |
+-------------+----------+---------+-------------+
+----+----------+---------+-----------+
|    |   actual |   proba |       err |
|----+----------+---------+-----------|
|  0 |    66520 | 66850.7 | 0.0049709 |
+----+----------+---------+-----------+
13 0.011592808490639121
-0.12312664517981708 -0.017394641984567194
+-------------+----------+---------+-------------+
|   pred_code |   actual |   proba |         err |
|-------------+----------+---------+-------------|
|      202108 |    19080 | 19006   | -0.00387897 |
|      202208 |    22140 | 21128.4 | -0.0456906  |
|      202308 |    25300 | 25228.5 | -0.00282577 |
|      202408 |     8710 | 29180.8 |  2.35027    |
+-------------+----------+---------+-------------+
+----+----------+---------+------------+
|    |   actual |   proba |        err |
|----+----------+---------+------------|
|  0 |    66520 | 65362.9 | -0.0173946 |
+----+----------+---------+------------+
14 0.013893368154532267
-0.10573200319524989 -0.005060535258506915
+-------------+----------+---------+-------------+
|   pred_code |   actual |   proba |         err |
|-------------+----------+---------+-------------|
|      202108 |    19080 | 19114.6 |  0.00181431 |
|      202208 |    22140 | 21286.5 | -0.03855    |
|      202308 |    25300 | 25782.3 |  0.0190614  |
|      202408 |     8710 | 30334.8 |  2.48275    |
+-------------+----------+---------+-------------+
+----+----------+---------+-------------+
|    |   actual |   proba |         err |
|----+----------+---------+-------------|
|  0 |    66520 | 66183.4 | -0.00506054 |
+----+----------+---------+-------------+
15 0.013896676056515681
-0.10067146793674298 0.063211017363199
+-------------+----------+---------+------------+
|   pred_code |   actual |   proba |        err |
|-------------+----------+---------+------------|
|      202108 |    19080 | 19541.2 |  0.0241702 |
|      202208 |    22140 | 21510.4 | -0.0284364 |
|      202308 |    25300 | 29673.2 |  0.172854  |
|      202408 |     8710 | 35310   |  3.05396   |
+-------------+----------+---------+------------+
+----+----------+---------+----------+
|    |   actual |   proba |      err |
|----+----------+---------+----------|
|  0 |    66520 | 70724.8 | 0.063211 |
+----+----------+---------+----------+
16 0.028062808682561023
-0.16388248529994198 -0.0179679866017739
+-------------+----------+---------+------------+
|   pred_code |   actual |   proba |        err |
|-------------+----------+---------+------------|
|      202108 |    19080 | 18885.2 | -0.0102081 |
|      202208 |    22140 | 20736.9 | -0.0633718 |
|      202308 |    25300 | 25702.6 |  0.0159128 |
|      202408 |     8710 | 29639.1 |  2.40288   |
+-------------+----------+---------+------------+
+----+----------+---------+-----------+
|    |   actual |   proba |       err |
|----+----------+---------+-----------|
|  0 |    66520 | 65324.8 | -0.017968 |
+----+----------+---------+-----------+
17 0.030057491633555745
-0.14591449869816808 -0.006768525766479683
+-------------+----------+---------+-------------+
|   pred_code |   actual |   proba |         err |
|-------------+----------+---------+-------------|
|      202108 |    19080 | 19223.8 |  0.00753879 |
|      202208 |    22140 | 20949.4 | -0.0537763  |
|      202308 |    25300 | 25896.5 |  0.0235781  |
|      202408 |     8710 | 30618.5 |  2.51533    |
+-------------+----------+---------+-------------+
+----+----------+---------+-------------+
|    |   actual |   proba |         err |
|----+----------+---------+-------------|
|  0 |    66520 | 66069.8 | -0.00676853 |
+----+----------+---------+-------------+
18 0.030466877142933956
-0.1391459729316884 0.00613523002560612
+-------------+----------+---------+------------+
|   pred_code |   actual |   proba |        err |
|-------------+----------+---------+------------|
|      202108 |    19080 | 19306.1 |  0.0118491 |
|      202208 |    22140 | 21301.7 | -0.0378641 |
|      202308 |    25300 | 26320.3 |  0.0403298 |
|      202408 |     8710 | 30807.5 |  2.53703   |
+-------------+----------+---------+------------+
+----+----------+---------+------------+
|    |   actual |   proba |        err |
|----+----------+---------+------------|
|  0 |    66520 | 66928.1 | 0.00613523 |
+----+----------+---------+------------+
19 0.028686988074281137
Elapsed time: 621.5662 seconds
creating Y/n/_allcrse/202308/fa15/1bfb/2f70.pkl: 0 -0.057867469944827166
+-------------+----------+---------+-------------+
|   pred_code |   actual |   proba |         err |
|-------------+----------+---------+-------------|
|      202108 |    19080 | 17818.8 | -0.0661003  |
|      202208 |    22140 | 19696.2 | -0.11038    |
|      202308 |    25300 | 25155.7 | -0.00570515 |
|      202408 |     8710 | 25683.3 |  1.94872    |
+-------------+----------+---------+-------------+
+----+----------+---------+------------+
|    |   actual |   proba |        err |
|----+----------+---------+------------|
|  0 |    66520 | 62670.7 | -0.0578675 |
+----+----------+---------+------------+
0.057867469944827166 -0.03791079629600902
+-------------+----------+---------+------------+
|   pred_code |   actual |   proba |        err |
|-------------+----------+---------+------------|
|      202108 |    19080 | 17994.1 | -0.0569141 |
|      202208 |    22140 | 20193.2 | -0.0879312 |
|      202308 |    25300 | 25810.9 |  0.0201933 |
|      202408 |     8710 | 25839.2 |  1.96661   |
+-------------+----------+---------+------------+
+----+----------+---------+------------+
|    |   actual |   proba |        err |
|----+----------+---------+------------|
|  0 |    66520 | 63998.2 | -0.0379108 |
+----+----------+---------+------------+
0.09577826624083619 -0.044210211684455825
+-------------+----------+---------+------------+
|   pred_code |   actual |   proba |        err |
|-------------+----------+---------+------------|
|      202108 |    19080 | 17823.3 | -0.0658635 |
|      202208 |    22140 | 20048.3 | -0.0944759 |
|      202308 |    25300 | 25707.5 |  0.0161072 |
|      202408 |     8710 | 24740.7 |  1.84049   |
+-------------+----------+---------+------------+
+----+----------+---------+------------+
|    |   actual |   proba |        err |
|----+----------+---------+------------|
|  0 |    66520 | 63579.1 | -0.0442102 |
+----+----------+---------+------------+
0.139988477925292 -0.023548497162363624
+-------------+----------+---------+------------+
|   pred_code |   actual |   proba |        err |
|-------------+----------+---------+------------|
|      202108 |    19080 | 18332.5 | -0.0391776 |
|      202208 |    22140 | 20305.6 | -0.0828528 |
|      202308 |    25300 | 26315.4 |  0.0401353 |
|      202408 |     8710 | 26475.7 |  2.03969   |
+-------------+----------+---------+------------+
+----+----------+---------+------------+
|    |   actual |   proba |        err |
|----+----------+---------+------------|
|  0 |    66520 | 64953.6 | -0.0235485 |
+----+----------+---------+------------+
0.16353697508765563 -0.016404506520028783
+-------------+----------+---------+------------+
|   pred_code |   actual |   proba |        err |
|-------------+----------+---------+------------|
|      202108 |    19080 | 18505.2 | -0.0301246 |
|      202208 |    22140 | 20719.8 | -0.0641462 |
|      202308 |    25300 | 26203.7 |  0.0357212 |
|      202408 |     8710 | 23594   |  1.70884   |
+-------------+----------+---------+------------+
+----+----------+---------+------------+
|    |   actual |   proba |        err |
|----+----------+---------+------------|
|  0 |    66520 | 65428.8 | -0.0164045 |
+----+----------+---------+------------+
4 0.014753084849855297
0.17994148160768442 0.001814322420208292
+-------------+----------+---------+------------+
|   pred_code |   actual |   proba |        err |
|-------------+----------+---------+------------|
|      202108 |    19080 | 18799   | -0.0147257 |
|      202208 |    22140 | 21090.7 | -0.0473959 |
|      202308 |    25300 | 26751   |  0.0573518 |
|      202408 |     8710 | 27381.5 |  2.14369   |
+-------------+----------+---------+------------+
+----+----------+---------+------------+
|    |   actual |   proba |        err |
|----+----------+---------+------------|
|  0 |    66520 | 66640.7 | 0.00181432 |
+----+----------+---------+------------+
5 0.01628633807981506
0.17812715918747613 -0.0031213162070043987
+-------------+----------+---------+------------+
|   pred_code |   actual |   proba |        err |
|-------------+----------+---------+------------|
|      202108 |    19080 | 18721.4 | -0.0187959 |
|      202208 |    22140 | 20921.1 | -0.0550553 |
|      202308 |    25300 | 26669.9 |  0.054147  |
|      202408 |     8710 | 25606   |  1.93984   |
+-------------+----------+---------+------------+
+----+----------+---------+-------------+
|    |   actual |   proba |         err |
|----+----------+---------+-------------|
|  0 |    66520 | 66312.4 | -0.00312132 |
+----+----------+---------+-------------+
6 0.016310643274322113
0.18124847539448052 -0.0005121075007076259
+-------------+----------+---------+------------+
|   pred_code |   actual |   proba |        err |
|-------------+----------+---------+------------|
|      202108 |    19080 | 18779.8 | -0.0157335 |
|      202208 |    22140 | 21083.8 | -0.0477042 |
|      202308 |    25300 | 26622.3 |  0.0522648 |
|      202408 |     8710 | 26838   |  2.08129   |
+-------------+----------+---------+------------+
+----+----------+---------+--------------+
|    |   actual |   proba |          err |
|----+----------+---------+--------------|
|  0 |    66520 | 66485.9 | -0.000512108 |
+----+----------+---------+--------------+
7 0.009878810017903673
0.18176058289518815 0.009644318195507262
+-------------+----------+---------+-------------+
|   pred_code |   actual |   proba |         err |
|-------------+----------+---------+-------------|
|      202108 |    19080 | 19014.5 | -0.00343208 |
|      202208 |    22140 | 21356   | -0.0354113  |
|      202308 |    25300 | 26791   |  0.058934   |
|      202408 |     8710 | 26304.3 |  2.02001    |
+-------------+----------+---------+-------------+
+----+----------+---------+------------+
|    |   actual |   proba |        err |
|----+----------+---------+------------|
|  0 |    66520 | 67161.5 | 0.00964432 |
+----+----------+---------+------------+
8 0.008493485743477977
0.1721162646996809 0.0018002033206434565
+-------------+----------+---------+-------------+
|   pred_code |   actual |   proba |         err |
|-------------+----------+---------+-------------|
|      202108 |    19080 | 19043.2 | -0.00192848 |
|      202208 |    22140 | 21222.1 | -0.0414591  |
|      202308 |    25300 | 26374.4 |  0.0424683  |
|      202408 |     8710 | 25784.2 |  1.9603     |
+-------------+----------+---------+-------------+
+----+----------+---------+-----------+
|    |   actual |   proba |       err |
|----+----------+---------+-----------|
|  0 |    66520 | 66639.7 | 0.0018002 |
+----+----------+---------+-----------+
9 0.004266626239480057
Elapsed time: 311.6025 seconds
creating Y/n/biol1406/202108/fa15/1bfb/2f70.pkl: 0 -0.014505335606854186
+-------------+----------+---------+-------------+
|   pred_code |   actual |   proba |         err |
|-------------+----------+---------+-------------|
|      202108 |     4850 | 4827.93 | -0.00454951 |
|      202208 |     5710 | 5892.86 |  0.0320253  |
|      202308 |     6470 | 6062.17 | -0.0630333  |
|      202408 |     2130 | 6949.08 |  2.26248    |
+-------------+----------+---------+-------------+
+----+----------+---------+------------+
|    |   actual |   proba |        err |
|----+----------+---------+------------|
|  0 |    17030 |   16783 | -0.0145053 |
+----+----------+---------+------------+
0.014505335606854186 0.02179364641538406
+-------------+----------+---------+------------+
|   pred_code |   actual |   proba |        err |
|-------------+----------+---------+------------|
|      202108 |     4850 | 4978.56 |  0.0265077 |
|      202208 |     5710 | 6108.12 |  0.069723  |
|      202308 |     6470 | 6314.47 | -0.0240394 |
|      202408 |     2130 | 7274.41 |  2.41522   |
+-------------+----------+---------+------------+
+----+----------+---------+-----------+
|    |   actual |   proba |       err |
|----+----------+---------+-----------|
|  0 |    17030 | 17401.1 | 0.0217936 |
+----+----------+---------+-----------+
-0.007288310808529874 -0.023539492024434838
+-------------+----------+---------+--------------+
|   pred_code |   actual |   proba |          err |
|-------------+----------+---------+--------------|
|      202108 |     4850 | 4853.07 |  0.000632163 |
|      202208 |     5710 | 5788.81 |  0.0138025   |
|      202308 |     6470 | 5987.24 | -0.0746145   |
|      202408 |     2130 | 7054.08 |  2.31177     |
+-------------+----------+---------+--------------+
+----+----------+---------+------------+
|    |   actual |   proba |        err |
|----+----------+---------+------------|
|  0 |    17030 | 16629.1 | -0.0235395 |
+----+----------+---------+------------+
0.016251181215904964 0.006627311773748534
+-------------+----------+---------+------------+
|   pred_code |   actual |   proba |        err |
|-------------+----------+---------+------------|
|      202108 |     4850 | 4988.83 |  0.0286243 |
|      202208 |     5710 | 5912.66 |  0.035492  |
|      202308 |     6470 | 6241.38 | -0.035336  |
|      202408 |     2130 | 7376.02 |  2.46292   |
+-------------+----------+---------+------------+
+----+----------+---------+------------+
|    |   actual |   proba |        err |
|----+----------+---------+------------|
|  0 |    17030 | 17142.9 | 0.00662731 |
+----+----------+---------+------------+
0.00962386944215643 -0.03545604264533175
+-------------+----------+---------+------------+
|   pred_code |   actual |   proba |        err |
|-------------+----------+---------+------------|
|      202108 |     4850 | 4898.89 |  0.0100794 |
|      202208 |     5710 | 5595.19 | -0.0201066 |
|      202308 |     6470 | 5932.11 | -0.0831365 |
|      202408 |     2130 | 6682.83 |  2.13748   |
+-------------+----------+---------+------------+
+----+----------+---------+-----------+
|    |   actual |   proba |       err |
|----+----------+---------+-----------|
|  0 |    17030 | 16426.2 | -0.035456 |
+----+----------+---------+-----------+
4 0.020659564354388517
0.04507991208748818 0.033809073065769635
+-------------+----------+---------+------------+
|   pred_code |   actual |   proba |        err |
|-------------+----------+---------+------------|
|      202108 |     4850 | 5126.48 |  0.0570053 |
|      202208 |     5710 | 6118.95 |  0.0716195 |
|      202308 |     6470 | 6360.35 | -0.0169481 |
|      202408 |     2130 | 7433.78 |  2.49004   |
+-------------+----------+---------+------------+
+----+----------+---------+-----------+
|    |   actual |   proba |       err |
|----+----------+---------+-----------|
|  0 |    17030 | 17605.8 | 0.0338091 |
+----+----------+---------+-----------+
5 0.02634799407239937
0.011270839021718548 0.01684607585877873
+-------------+----------+---------+------------+
|   pred_code |   actual |   proba |        err |
|-------------+----------+---------+------------|
|      202108 |     4850 | 5076.48 |  0.0466968 |
|      202208 |     5710 | 5990.61 |  0.0491431 |
|      202308 |     6470 | 6249.8  | -0.0340337 |
|      202408 |     2130 | 7274.24 |  2.41514   |
+-------------+----------+---------+------------+
+----+----------+---------+-----------+
|    |   actual |   proba |       err |
|----+----------+---------+-----------|
|  0 |    17030 | 17316.9 | 0.0168461 |
+----+----------+---------+-----------+
6 0.025618027539615198
-0.005575236837060182 0.007227254995985755
+-------------+----------+---------+-------------+
|   pred_code |   actual |   proba |         err |
|-------------+----------+---------+-------------|
|      202108 |     4850 | 4934.9  |  0.0175058  |
|      202208 |     5710 | 5788.28 |  0.0137093  |
|      202308 |     6470 | 6429.9  | -0.00619833 |
|      202408 |     2130 | 8101.57 |  2.80355    |
+-------------+----------+---------+-------------+
+----+----------+---------+------------+
|    |   actual |   proba |        err |
|----+----------+---------+------------|
|  0 |    17030 | 17153.1 | 0.00722725 |
+----+----------+---------+------------+
7 0.022853034573422675
-0.012802491833045937 -0.06626768726833987
+-------------+----------+---------+------------+
|   pred_code |   actual |   proba |        err |
|-------------+----------+---------+------------|
|      202108 |     4850 | 4588.86 | -0.0538424 |
|      202208 |     5710 | 5529.14 | -0.0316748 |
|      202308 |     6470 | 5783.46 | -0.106111  |
|      202408 |     2130 | 6305.15 |  1.96017   |
+-------------+----------+---------+------------+
+----+----------+---------+------------+
|    |   actual |   proba |        err |
|----+----------+---------+------------|
|  0 |    17030 | 15901.5 | -0.0662677 |
+----+----------+---------+------------+
8 0.036723839317745754
0.05346519543529393 0.04129454712018199
+-------------+----------+---------+------------+
|   pred_code |   actual |   proba |        err |
|-------------+----------+---------+------------|
|      202108 |     4850 | 5093.77 |  0.0502629 |
|      202208 |     5710 | 6254.55 |  0.0953671 |
|      202308 |     6470 | 6384.92 | -0.0131492 |
|      202408 |     2130 | 7451.5  |  2.49836   |
+-------------+----------+---------+------------+
+----+----------+---------+-----------+
|    |   actual |   proba |       err |
|----+----------+---------+-----------|
|  0 |    17030 | 17733.2 | 0.0412945 |
+----+----------+---------+-----------+
9 0.038364355794228415
0.012170648315111943 0.02221010309644811
+-------------+----------+---------+-------------+
|   pred_code |   actual |   proba |         err |
|-------------+----------+---------+-------------|
|      202108 |     4850 | 4920.23 |  0.0144798  |
|      202208 |     5710 | 6052.13 |  0.0599175  |
|      202308 |     6470 | 6435.88 | -0.00527329 |
|      202408 |     2130 | 6928.12 |  2.25264    |
+-------------+----------+---------+-------------+
+----+----------+---------+-----------+
|    |   actual |   proba |       err |
|----+----------+---------+-----------|
|  0 |    17030 | 17408.2 | 0.0222101 |
+----+----------+---------+-----------+
10 0.036973321299370726
-0.010039454781336166 -0.05325031647415435
+-------------+----------+---------+------------+
|   pred_code |   actual |   proba |        err |
|-------------+----------+---------+------------|
|      202108 |     4850 | 4677.03 | -0.0356635 |
|      202208 |     5710 | 5624.25 | -0.0150167 |
|      202308 |     6470 | 5821.86 | -0.100176  |
|      202408 |     2130 | 6802.6  |  2.19371   |
+-------------+----------+---------+------------+
+----+----------+---------+------------+
|    |   actual |   proba |        err |
|----+----------+---------+------------|
|  0 |    17030 | 16123.1 | -0.0532503 |
+----+----------+---------+------------+
11 0.04243052536731421
0.04321086169281818 0.04452276313857895
+-------------+----------+---------+-------------+
|   pred_code |   actual |   proba |         err |
|-------------+----------+---------+-------------|
|      202108 |     4850 | 5109.94 |  0.0535962  |
|      202208 |     5710 | 6230.37 |  0.0911332  |
|      202308 |     6470 | 6447.91 | -0.00341427 |
|      202408 |     2130 | 6730.04 |  2.15964    |
+-------------+----------+---------+-------------+
+----+----------+---------+-----------+
|    |   actual |   proba |       err |
|----+----------+---------+-----------|
|  0 |    17030 | 17788.2 | 0.0445228 |
+----+----------+---------+-----------+
12 0.04771037745797491
-0.0013119014457607658 -0.07006540617660006
+-------------+----------+---------+------------+
|   pred_code |   actual |   proba |        err |
|-------------+----------+---------+------------|
|      202108 |     4850 | 4730.78 | -0.024581  |
|      202208 |     5710 | 5451.35 | -0.0452969 |
|      202308 |     6470 | 5654.65 | -0.12602   |
|      202408 |     2130 | 6473.56 |  2.03923   |
+-------------+----------+---------+------------+
+----+----------+---------+------------+
|    |   actual |   proba |        err |
|----+----------+---------+------------|
|  0 |    17030 | 15836.8 | -0.0700654 |
+----+----------+---------+------------+
13 0.048741800553479916
0.0687535047308393 0.050229276716603266
+-------------+----------+---------+------------+
|   pred_code |   actual |   proba |        err |
|-------------+----------+---------+------------|
|      202108 |     4850 | 5283.39 | 0.0893589  |
|      202208 |     5710 | 6124.72 | 0.0726313  |
|      202308 |     6470 | 6477.29 | 0.00112662 |
|      202408 |     2130 | 7465.6  | 2.50498    |
+-------------+----------+---------+------------+
+----+----------+---------+-----------+
|    |   actual |   proba |       err |
|----+----------+---------+-----------|
|  0 |    17030 | 17885.4 | 0.0502293 |
+----+----------+---------+-----------+
14 0.050468265491916554
0.018524228014236033 -0.0054298709997063765
+-------------+----------+---------+------------+
|   pred_code |   actual |   proba |        err |
|-------------+----------+---------+------------|
|      202108 |     4850 | 4944.21 |  0.0194254 |
|      202208 |     5710 | 5962.29 |  0.0441835 |
|      202308 |     6470 | 6031.03 | -0.0678472 |
|      202408 |     2130 | 6978.32 |  2.27621   |
+-------------+----------+---------+------------+
+----+----------+---------+-------------+
|    |   actual |   proba |         err |
|----+----------+---------+-------------|
|  0 |    17030 | 16937.5 | -0.00542987 |
+----+----------+---------+-------------+
15 0.04908846133951155
0.02395409901394241 0.01903486083243555
+-------------+----------+---------+------------+
|   pred_code |   actual |   proba |        err |
|-------------+----------+---------+------------|
|      202108 |     4850 | 5087.67 |  0.0490049 |
|      202208 |     5710 | 6005.69 |  0.0517841 |
|      202308 |     6470 | 6260.8  | -0.0323335 |
|      202408 |     2130 | 7654.42 |  2.59362   |
+-------------+----------+---------+------------+
+----+----------+---------+-----------+
|    |   actual |   proba |       err |
|----+----------+---------+-----------|
|  0 |    17030 | 17354.2 | 0.0190349 |
+----+----------+---------+-----------+
16 0.04361875183775046
0.0049192381815068575 -0.029873444969572116
+-------------+----------+---------+-------------+
|   pred_code |   actual |   proba |         err |
|-------------+----------+---------+-------------|
|      202108 |     4850 | 4802.16 | -0.00986448 |
|      202208 |     5710 | 5799.88 |  0.0157404  |
|      202308 |     6470 | 5919.22 | -0.0851283  |
|      202408 |     2130 | 6577.64 |  2.0881     |
+-------------+----------+---------+-------------+
+----+----------+---------+------------+
|    |   actual |   proba |        err |
|----+----------+---------+------------|
|  0 |    17030 | 16521.3 | -0.0298734 |
+----+----------+---------+------------+
17 0.04112338827654324
0.034792683151078974 -0.005801208992798013
+-------------+----------+---------+------------+
|   pred_code |   actual |   proba |        err |
|-------------+----------+---------+------------|
|      202108 |     4850 | 5035.25 |  0.0381967 |
|      202208 |     5710 | 5797.8  |  0.0153774 |
|      202308 |     6470 | 6098.15 | -0.0574735 |
|      202408 |     2130 | 6753.84 |  2.17082   |
+-------------+----------+---------+------------+
+----+----------+---------+-------------+
|    |   actual |   proba |         err |
|----+----------+---------+-------------|
|  0 |    17030 | 16931.2 | -0.00580121 |
+----+----------+---------+-------------+
18 0.027137699421193966
0.040593892143876986 0.03697308247897091
+-------------+----------+---------+------------+
|   pred_code |   actual |   proba |        err |
|-------------+----------+---------+------------|
|      202108 |     4850 | 5132.34 |  0.0582151 |
|      202208 |     5710 | 6161.67 |  0.0791013 |
|      202308 |     6470 | 6365.64 | -0.0161298 |
|      202408 |     2130 | 7194.89 |  2.37788   |
+-------------+----------+---------+------------+
+----+----------+---------+-----------+
|    |   actual |   proba |       err |
|----+----------+---------+-----------|
|  0 |    17030 | 17659.7 | 0.0369731 |
+----+----------+---------+-----------+
19 0.02298030730172933
Elapsed time: 619.0244 seconds
creating Y/n/biol1406/202208/fa15/1bfb/2f70.pkl: 0 -0.032005519689789264
+-------------+----------+---------+-------------+
|   pred_code |   actual |   proba |         err |
|-------------+----------+---------+-------------|
|      202108 |     4850 | 4455.58 | -0.0813228  |
|      202208 |     5710 | 5740.9  |  0.00541133 |
|      202308 |     6470 | 6288.46 | -0.0280583  |
|      202408 |     2130 | 7012.81 |  2.2924     |
+-------------+----------+---------+-------------+
+----+----------+---------+------------+
|    |   actual |   proba |        err |
|----+----------+---------+------------|
|  0 |    17030 | 16484.9 | -0.0320055 |
+----+----------+---------+------------+
0.032005519689789264 0.001365147652182097
+-------------+----------+---------+------------+
|   pred_code |   actual |   proba |        err |
|-------------+----------+---------+------------|
|      202108 |     4850 | 4640.84 | -0.0431265 |
|      202208 |     5710 | 5877.05 |  0.0292562 |
|      202308 |     6470 | 6535.36 |  0.0101019 |
|      202408 |     2130 | 7339.54 |  2.44579   |
+-------------+----------+---------+------------+
+----+----------+---------+------------+
|    |   actual |   proba |        err |
|----+----------+---------+------------|
|  0 |    17030 | 17053.2 | 0.00136515 |
+----+----------+---------+------------+
0.030640372037607166 0.03220601000232248
+-------------+----------+---------+-----------+
|   pred_code |   actual |   proba |       err |
|-------------+----------+---------+-----------|
|      202108 |     4850 | 4951.78 | 0.0209862 |
|      202208 |     5710 | 5855.01 | 0.0253962 |
|      202308 |     6470 | 6771.67 | 0.0466264 |
|      202408 |     2130 | 6760.89 | 2.17412   |
+-------------+----------+---------+-----------+
+----+----------+---------+----------+
|    |   actual |   proba |      err |
|----+----------+---------+----------|
|  0 |    17030 | 17578.5 | 0.032206 |
+----+----------+---------+----------+
-0.0015656379647153162 -0.030595662838502236
+-------------+----------+---------+------------+
|   pred_code |   actual |   proba |        err |
|-------------+----------+---------+------------|
|      202108 |     4850 | 4610.18 | -0.0494473 |
|      202208 |     5710 | 5610.79 | -0.0173746 |
|      202308 |     6470 | 6287.98 | -0.0281323 |
|      202408 |     2130 | 7069.12 |  2.31884   |
+-------------+----------+---------+------------+
+----+----------+---------+------------+
|    |   actual |   proba |        err |
|----+----------+---------+------------|
|  0 |    17030 |   16509 | -0.0305957 |
+----+----------+---------+------------+
0.02903002487378692 -0.01065527423945356
+-------------+----------+---------+-------------+
|   pred_code |   actual |   proba |         err |
|-------------+----------+---------+-------------|
|      202108 |     4850 | 4468.95 | -0.0785671  |
|      202208 |     5710 | 5857.5  |  0.0258316  |
|      202308 |     6470 | 6522.09 |  0.00805136 |
|      202408 |     2130 | 7350.63 |  2.451      |
+-------------+----------+---------+-------------+
+----+----------+---------+------------+
|    |   actual |   proba |        err |
|----+----------+---------+------------|
|  0 |    17030 | 16848.5 | -0.0106553 |
+----+----------+---------+------------+
4 0.023656241711223863
0.03968529911324048 0.013920283020620428
+-------------+----------+---------+------------+
|   pred_code |   actual |   proba |        err |
|-------------+----------+---------+------------|
|      202108 |     4850 | 4797.82 | -0.0107587 |
|      202208 |     5710 | 5918.54 |  0.0365221 |
|      202308 |     6470 | 6550.7  |  0.0124732 |
|      202408 |     2130 | 7323.22 |  2.43813   |
+-------------+----------+---------+------------+
+----+----------+---------+-----------+
|    |   actual |   proba |       err |
|----+----------+---------+-----------|
|  0 |    17030 | 17267.1 | 0.0139203 |
+----+----------+---------+-----------+
5 0.02132934909636082
0.025765016092620052 0.022449927517615986
+-------------+----------+---------+------------+
|   pred_code |   actual |   proba |        err |
|-------------+----------+---------+------------|
|      202108 |     4850 | 4775.19 | -0.0154255 |
|      202208 |     5710 | 5774.58 |  0.0113102 |
|      202308 |     6470 | 6862.55 |  0.0606731 |
|      202408 |     2130 | 7559.14 |  2.54889   |
+-------------+----------+---------+------------+
+----+----------+---------+-----------+
|    |   actual |   proba |       err |
|----+----------+---------+-----------|
|  0 |    17030 | 17412.3 | 0.0224499 |
+----+----------+---------+-----------+
6 0.022957769210326284
0.003315088575004066 0.023751851504802968
+-------------+----------+---------+------------+
|   pred_code |   actual |   proba |        err |
|-------------+----------+---------+------------|
|      202108 |     4850 | 4870.39 | 0.00420378 |
|      202208 |     5710 | 5850.12 | 0.0245397  |
|      202308 |     6470 | 6713.98 | 0.03771    |
|      202408 |     2130 | 6644.12 | 2.1193     |
+-------------+----------+---------+------------+
+----+----------+---------+-----------+
|    |   actual |   proba |       err |
|----+----------+---------+-----------|
|  0 |    17030 | 17434.5 | 0.0237519 |
+----+----------+---------+-----------+
7 0.021167567441641964
-0.020436762929798902 -0.00809875954198469
+-------------+----------+---------+------------+
|   pred_code |   actual |   proba |        err |
|-------------+----------+---------+------------|
|      202108 |     4850 | 4726.04 | -0.0255597 |
|      202208 |     5710 | 5596.44 | -0.0198882 |
|      202308 |     6470 | 6569.6  |  0.0153947 |
|      202408 |     2130 | 7176.19 |  2.3691    |
+-------------+----------+---------+------------+
+----+----------+---------+-------------+
|    |   actual |   proba |         err |
|----+----------+---------+-------------|
|  0 |    17030 | 16892.1 | -0.00809876 |
+----+----------+---------+-------------+
8 0.014824209912254485
-0.012338003387814211 -0.0010459749057933898
+-------------+----------+---------+------------+
|   pred_code |   actual |   proba |        err |
|-------------+----------+---------+------------|
|      202108 |     4850 | 4705.53 | -0.0297869 |
|      202208 |     5710 | 5608.45 | -0.0177847 |
|      202308 |     6470 | 6698.2  |  0.0352711 |
|      202408 |     2130 | 7241.15 |  2.3996    |
+-------------+----------+---------+------------+
+----+----------+---------+-------------+
|    |   actual |   proba |         err |
|----+----------+---------+-------------|
|  0 |    17030 | 17012.2 | -0.00104597 |
+----+----------+---------+-------------+
9 0.012719043664506506
-0.011292028482020822 -0.019895038167938917
+-------------+----------+---------+-------------+
|   pred_code |   actual |   proba |         err |
|-------------+----------+---------+-------------|
|      202108 |     4850 | 4597.39 | -0.0520838  |
|      202208 |     5710 | 5671.44 | -0.00675299 |
|      202308 |     6470 | 6422.35 | -0.00736407 |
|      202408 |     2130 | 6823.5  |  2.20352    |
+-------------+----------+---------+-------------+
+----+----------+---------+-----------+
|    |   actual |   proba |       err |
|----+----------+---------+-----------|
|  0 |    17030 | 16691.2 | -0.019895 |
+----+----------+---------+-----------+
10 0.017156569097566507
0.008603009685918095 -0.028812684044585923
+-------------+----------+---------+--------------+
|   pred_code |   actual |   proba |          err |
|-------------+----------+---------+--------------|
|      202108 |     4850 | 4573.17 | -0.0570785   |
|      202208 |     5710 | 5705.99 | -0.000702224 |
|      202308 |     6470 | 6260.16 | -0.0324327   |
|      202408 |     2130 | 6835.68 |  2.20924     |
+-------------+----------+---------+--------------+
+----+----------+---------+------------+
|    |   actual |   proba |        err |
|----+----------+---------+------------|
|  0 |    17030 | 16539.3 | -0.0288127 |
+----+----------+---------+------------+
11 0.018023581612383644
0.03741569373050402 0.0645179479025928
+-------------+----------+---------+-----------+
|   pred_code |   actual |   proba |       err |
|-------------+----------+---------+-----------|
|      202108 |     4850 | 5049.82 | 0.0412002 |
|      202208 |     5710 | 6209.57 | 0.0874897 |
|      202308 |     6470 | 6869.35 | 0.0617239 |
|      202408 |     2130 | 7963.37 | 2.73867   |
+-------------+----------+---------+-----------+
+----+----------+---------+-----------+
|    |   actual |   proba |       err |
|----+----------+---------+-----------|
|  0 |    17030 | 18128.7 | 0.0645179 |
+----+----------+---------+-----------+
12 0.03300408193554485
-0.02710225417208878 0.08014818496572573
+-------------+----------+---------+-----------+
|   pred_code |   actual |   proba |       err |
|-------------+----------+---------+-----------|
|      202108 |     4850 | 5386.21 |  0.110559 |
|      202208 |     5710 | 5555.1  | -0.027127 |
|      202308 |     6470 | 7453.61 |  0.152026 |
|      202408 |     2130 | 8075    |  2.79108  |
+-------------+----------+---------+-----------+
+----+----------+---------+-----------+
|    |   actual |   proba |       err |
|----+----------+---------+-----------|
|  0 |    17030 | 18394.9 | 0.0801482 |
+----+----------+---------+-----------+
13 0.0447475148626663
-0.10725043913781451 -0.11239104704932468
+-------------+----------+---------+------------+
|   pred_code |   actual |   proba |        err |
|-------------+----------+---------+------------|
|      202108 |     4850 | 4194.07 | -0.135243  |
|      202208 |     5710 | 5048.58 | -0.115835  |
|      202308 |     6470 | 5873.32 | -0.0922223 |
|      202408 |     2130 | 6442.36 |  2.02458   |
+-------------+----------+---------+------------+
+----+----------+---------+-----------+
|    |   actual |   proba |       err |
|----+----------+---------+-----------|
|  0 |    17030 |   15116 | -0.112391 |
+----+----------+---------+-----------+
14 0.06984271130117137
0.005140607911510164 0.06315816699590204
+-------------+----------+---------+-------------+
|   pred_code |   actual |   proba |         err |
|-------------+----------+---------+-------------|
|      202108 |     4850 | 5290.97 |  0.0909209  |
|      202208 |     5710 | 5685.7  | -0.00425539 |
|      202308 |     6470 | 7128.92 |  0.101842   |
|      202408 |     2130 | 7757.99 |  2.64225    |
+-------------+----------+---------+-------------+
+----+----------+---------+-----------+
|    |   actual |   proba |       err |
|----+----------+---------+-----------|
|  0 |    17030 | 18105.6 | 0.0631582 |
+----+----------+---------+-----------+
15 0.07368786792299646
-0.05801755908439188 -0.0730558494895015
+-------------+----------+---------+------------+
|   pred_code |   actual |   proba |        err |
|-------------+----------+---------+------------|
|      202108 |     4850 | 4309.54 | -0.111436  |
|      202208 |     5710 | 5307.62 | -0.0704695 |
|      202308 |     6470 | 6168.7  | -0.0465684 |
|      202408 |     2130 | 6353.01 |  1.98264   |
+-------------+----------+---------+------------+
+----+----------+---------+------------+
|    |   actual |   proba |        err |
|----+----------+---------+------------|
|  0 |    17030 | 15785.9 | -0.0730558 |
+----+----------+---------+------------+
16 0.08055309575516369
0.015038290405109622 0.06915590846138087
+-------------+----------+---------+-----------+
|   pred_code |   actual |   proba |       err |
|-------------+----------+---------+-----------|
|      202108 |     4850 | 5118.44 | 0.0553493 |
|      202208 |     5710 | 5930.66 | 0.0386447 |
|      202308 |     6470 | 7158.62 | 0.106433  |
|      202408 |     2130 | 8124.26 | 2.81421   |
+-------------+----------+---------+-----------+
+----+----------+---------+-----------+
|    |   actual |   proba |       err |
|----+----------+---------+-----------|
|  0 |    17030 | 18207.7 | 0.0691559 |
+----+----------+---------+-----------+
17 0.08126273919948622
-0.054117618056271244 -0.07199812437164888
+-------------+----------+---------+------------+
|   pred_code |   actual |   proba |        err |
|-------------+----------+---------+------------|
|      202108 |     4850 | 4351.21 | -0.102844  |
|      202208 |     5710 | 5470.23 | -0.0419919 |
|      202308 |     6470 | 5982.44 | -0.0753575 |
|      202408 |     2130 | 6756.19 |  2.17192   |
+-------------+----------+---------+------------+
+----+----------+---------+------------+
|    |   actual |   proba |        err |
|----+----------+---------+------------|
|  0 |    17030 | 15803.9 | -0.0719981 |
+----+----------+---------+------------+
18 0.07588488327184911
0.01788050631537763 0.0362614916691133
+-------------+----------+---------+-----------+
|   pred_code |   actual |   proba |       err |
|-------------+----------+---------+-----------|
|      202108 |     4850 | 4917.3  | 0.0138766 |
|      202208 |     5710 | 5839.99 | 0.022766  |
|      202308 |     6470 | 6890.24 | 0.0649519 |
|      202408 |     2130 | 7071.08 | 2.31975   |
+-------------+----------+---------+-----------+
+----+----------+---------+-----------+
|    |   actual |   proba |       err |
|----+----------+---------+-----------|
|  0 |    17030 | 17647.5 | 0.0362615 |
+----+----------+---------+-----------+
19 0.06402596894884341
Elapsed time: 619.6322 seconds
creating Y/n/biol1406/202308/fa15/1bfb/2f70.pkl: 0 -0.005551783617146255
+-------------+----------+---------+-------------+
|   pred_code |   actual |   proba |         err |
|-------------+----------+---------+-------------|
|      202108 |     4850 | 4603.49 | -0.0508268  |
|      202208 |     5710 | 5835.83 |  0.0220376  |
|      202308 |     6470 | 6496.13 |  0.00403847 |
|      202408 |     2130 | 6935.54 |  2.25612    |
+-------------+----------+---------+-------------+
+----+----------+---------+-------------+
|    |   actual |   proba |         err |
|----+----------+---------+-------------|
|  0 |    17030 | 16935.5 | -0.00555178 |
+----+----------+---------+-------------+
0.005551783617146255 -0.0019471714440491006
+-------------+----------+---------+-------------+
|   pred_code |   actual |   proba |         err |
|-------------+----------+---------+-------------|
|      202108 |     4850 | 4615.72 | -0.0483053  |
|      202208 |     5710 | 5888.7  |  0.0312957  |
|      202308 |     6470 | 6492.42 |  0.00346555 |
|      202408 |     2130 | 5094.42 |  1.39175    |
+-------------+----------+---------+-------------+
+----+----------+---------+-------------+
|    |   actual |   proba |         err |
|----+----------+---------+-------------|
|  0 |    17030 | 16996.8 | -0.00194717 |
+----+----------+---------+-------------+
0.007498955061195356 -0.01639944121729897
+-------------+----------+---------+-------------+
|   pred_code |   actual |   proba |         err |
|-------------+----------+---------+-------------|
|      202108 |     4850 | 4456.21 | -0.0811936  |
|      202208 |     5710 | 5776.26 |  0.0116034  |
|      202308 |     6470 | 6518.25 |  0.00745768 |
|      202408 |     2130 | 5565.53 |  1.61292    |
+-------------+----------+---------+-------------+
+----+----------+---------+------------+
|    |   actual |   proba |        err |
|----+----------+---------+------------|
|  0 |    17030 | 16750.7 | -0.0163994 |
+----+----------+---------+------------+
0.023898396278494327 -0.0059355267913236975
+-------------+----------+---------+------------+
|   pred_code |   actual |   proba |        err |
|-------------+----------+---------+------------|
|      202108 |     4850 | 4582.17 | -0.0552228 |
|      202208 |     5710 | 5793.79 |  0.014674  |
|      202308 |     6470 | 6552.96 |  0.0128223 |
|      202408 |     2130 | 6254.35 |  1.93631   |
+-------------+----------+---------+------------+
+----+----------+---------+-------------+
|    |   actual |   proba |         err |
|----+----------+---------+-------------|
|  0 |    17030 | 16928.9 | -0.00593553 |
+----+----------+---------+-------------+
0.029833923069818025 -0.0016362893060106742
+-------------+----------+---------+------------+
|   pred_code |   actual |   proba |        err |
|-------------+----------+---------+------------|
|      202108 |     4850 | 4524.07 | -0.0672024 |
|      202208 |     5710 | 5867.92 |  0.0276564 |
|      202308 |     6470 | 6610.15 |  0.0216611 |
|      202408 |     2130 | 5476.32 |  1.57104   |
+-------------+----------+---------+------------+
+----+----------+---------+-------------+
|    |   actual |   proba |         err |
|----+----------+---------+-------------|
|  0 |    17030 | 17002.1 | -0.00163629 |
+----+----------+---------+-------------+
4 0.0053551567258356145
0.0314702123758287 0.01218835559701148
+-------------+----------+---------+------------+
|   pred_code |   actual |   proba |        err |
|-------------+----------+---------+------------|
|      202108 |     4850 | 4697.92 | -0.0313571 |
|      202208 |     5710 | 5894.13 |  0.0322469 |
|      202308 |     6470 | 6645.52 |  0.0271283 |
|      202408 |     2130 | 5557.97 |  1.60937   |
+-------------+----------+---------+------------+
+----+----------+---------+-----------+
|    |   actual |   proba |       err |
|----+----------+---------+-----------|
|  0 |    17030 | 17237.6 | 0.0121884 |
+----+----------+---------+-----------+
5 0.009181438887340966
0.01928185677881722 -0.0021373509996800433
+-------------+----------+---------+------------+
|   pred_code |   actual |   proba |        err |
|-------------+----------+---------+------------|
|      202108 |     4850 | 4483.06 | -0.0756587 |
|      202208 |     5710 | 5912.31 |  0.0354312 |
|      202308 |     6470 | 6598.23 |  0.0198197 |
|      202408 |     2130 | 5774.97 |  1.71125   |
+-------------+----------+---------+------------+
+----+----------+---------+-------------+
|    |   actual |   proba |         err |
|----+----------+---------+-------------|
|  0 |    17030 | 16993.6 | -0.00213735 |
+----+----------+---------+-------------+
6 0.009178444176824903
0.021419207778497262 0.02826749888761615
+-------------+----------+---------+------------+
|   pred_code |   actual |   proba |        err |
|-------------+----------+---------+------------|
|      202108 |     4850 | 4709.62 | -0.028945  |
|      202208 |     5710 | 6018.71 |  0.054065  |
|      202308 |     6470 | 6783.07 |  0.0483876 |
|      202408 |     2130 | 6981.77 |  2.27783   |
+-------------+----------+---------+------------+
+----+----------+---------+-----------+
|    |   actual |   proba |       err |
|----+----------+---------+-----------|
|  0 |    17030 | 17511.4 | 0.0282675 |
+----+----------+---------+-----------+
7 0.012657108190558994
-0.006848291109118887 -0.03031450813041614
+-------------+----------+---------+-------------+
|   pred_code |   actual |   proba |         err |
|-------------+----------+---------+-------------|
|      202108 |     4850 | 4350.43 | -0.103005   |
|      202208 |     5710 | 5756.06 |  0.00806684 |
|      202308 |     6470 | 6407.26 | -0.00969778 |
|      202408 |     2130 | 5049.55 |  1.37068    |
+-------------+----------+---------+-------------+
+----+----------+---------+------------+
|    |   actual |   proba |        err |
|----+----------+---------+------------|
|  0 |    17030 | 16513.7 | -0.0303145 |
+----+----------+---------+------------+
8 0.019316899775245363
0.023466217021297253 -0.010307981319729875
+-------------+----------+---------+------------+
|   pred_code |   actual |   proba |        err |
|-------------+----------+---------+------------|
|      202108 |     4850 | 4514.15 | -0.069247  |
|      202208 |     5710 | 5760.65 |  0.0088709 |
|      202308 |     6470 | 6579.65 |  0.0169475 |
|      202408 |     2130 | 6187.37 |  1.90487   |
+-------------+----------+---------+------------+
+----+----------+---------+-----------+
|    |   actual |   proba |       err |
|----+----------+---------+-----------|
|  0 |    17030 | 16854.5 | -0.010308 |
+----+----------+---------+-----------+
9 0.019881337915883902
0.03377419834102713 -0.0007306783076236334
+-------------+----------+---------+------------+
|   pred_code |   actual |   proba |        err |
|-------------+----------+---------+------------|
|      202108 |     4850 | 4639.92 | -0.0433154 |
|      202208 |     5710 | 5818.79 |  0.0190526 |
|      202308 |     6470 | 6558.85 |  0.013732  |
|      202408 |     2130 | 5835.66 |  1.73974   |
+-------------+----------+---------+------------+
+----+----------+---------+--------------+
|    |   actual |   proba |          err |
|----+----------+---------+--------------|
|  0 |    17030 | 17017.6 | -0.000730678 |
+----+----------+---------+--------------+
10 0.01888401159040071
0.03450487664865076 0.019212511369328222
+-------------+----------+---------+------------+
|   pred_code |   actual |   proba |        err |
|-------------+----------+---------+------------|
|      202108 |     4850 | 4700.73 | -0.0307783 |
|      202208 |     5710 | 5942.62 |  0.0407397 |
|      202308 |     6470 | 6713.84 |  0.0376878 |
|      202408 |     2130 | 6250.36 |  1.93444   |
+-------------+----------+---------+------------+
+----+----------+---------+-----------+
|    |   actual |   proba |       err |
|----+----------+---------+-----------|
|  0 |    17030 | 17357.2 | 0.0192125 |
+----+----------+---------+-----------+
11 0.0209113472523518
0.01529236527932254 0.02540678162762644
+-------------+----------+---------+------------+
|   pred_code |   actual |   proba |        err |
|-------------+----------+---------+------------|
|      202108 |     4850 | 4781.84 | -0.0140531 |
|      202208 |     5710 | 5987.18 |  0.0485431 |
|      202308 |     6470 | 6693.65 |  0.0345678 |
|      202408 |     2130 | 5372.16 |  1.52214   |
+-------------+----------+---------+------------+
+----+----------+---------+-----------+
|    |   actual |   proba |       err |
|----+----------+---------+-----------|
|  0 |    17030 | 17462.7 | 0.0254068 |
+----+----------+---------+-----------+
12 0.020190341274188766
-0.0101144163483039 -0.04583911934979623
+-------------+----------+---------+------------+
|   pred_code |   actual |   proba |        err |
|-------------+----------+---------+------------|
|      202108 |     4850 | 4332.14 | -0.106774  |
|      202208 |     5710 | 5603.08 | -0.0187255 |
|      202308 |     6470 | 6314.14 | -0.0240899 |
|      202408 |     2130 | 6201.67 |  1.91158   |
+-------------+----------+---------+------------+
+----+----------+---------+------------+
|    |   actual |   proba |        err |
|----+----------+---------+------------|
|  0 |    17030 | 16249.4 | -0.0458391 |
+----+----------+---------+------------+
13 0.02526889108183076
0.03572470300149233 -0.007781142420036247
+-------------+----------+---------+-------------+
|   pred_code |   actual |   proba |         err |
|-------------+----------+---------+-------------|
|      202108 |     4850 | 4576.6  | -0.0563712  |
|      202208 |     5710 | 5753.68 |  0.00764957 |
|      202308 |     6470 | 6567.21 |  0.0150245  |
|      202408 |     2130 | 6394.22 |  2.00198    |
+-------------+----------+---------+-------------+
+----+----------+---------+-------------+
|    |   actual |   proba |         err |
|----+----------+---------+-------------|
|  0 |    17030 | 16897.5 | -0.00778114 |
+----+----------+---------+-------------+
14 0.025131609919484103
0.04350584542152858 0.007419552397688545
+-------------+----------+---------+------------+
|   pred_code |   actual |   proba |        err |
|-------------+----------+---------+------------|
|      202108 |     4850 | 4575.68 | -0.0565607 |
|      202208 |     5710 | 5955.19 |  0.0429412 |
|      202308 |     6470 | 6625.48 |  0.024031  |
|      202408 |     2130 | 6010.19 |  1.82168   |
+-------------+----------+---------+------------+
+----+----------+---------+------------+
|    |   actual |   proba |        err |
|----+----------+---------+------------|
|  0 |    17030 | 17156.4 | 0.00741955 |
+----+----------+---------+------------+
15 0.025420250856936544
0.03608629302384003 0.022726293119231578
+-------------+----------+---------+------------+
|   pred_code |   actual |   proba |        err |
|-------------+----------+---------+------------|
|      202108 |     4850 | 4701.14 | -0.030693  |
|      202208 |     5710 | 5958.3  |  0.0434857 |
|      202308 |     6470 | 6757.59 |  0.0444492 |
|      202408 |     2130 | 6083.86 |  1.85627   |
+-------------+----------+---------+------------+
+----+----------+---------+-----------+
|    |   actual |   proba |       err |
|----+----------+---------+-----------|
|  0 |    17030 |   17417 | 0.0227263 |
+----+----------+---------+-----------+
16 0.025992548710484883
0.013359999904608455 -0.02284181407809749
+-------------+----------+---------+-------------+
|   pred_code |   actual |   proba |         err |
|-------------+----------+---------+-------------|
|      202108 |     4850 | 4404.41 | -0.0918748  |
|      202208 |     5710 | 5730.43 |  0.00357771 |
|      202308 |     6470 | 6506.17 |  0.00559018 |
|      202408 |     2130 | 5279.97 |  1.47886    |
+-------------+----------+---------+-------------+
+----+----------+---------+------------+
|    |   actual |   proba |        err |
|----+----------+---------+------------|
|  0 |    17030 |   16641 | -0.0228418 |
+----+----------+---------+------------+
17 0.02377399852280794
0.036201813982705944 0.017336347188714463
+-------------+----------+---------+------------+
|   pred_code |   actual |   proba |        err |
|-------------+----------+---------+------------|
|      202108 |     4850 | 4686.77 | -0.0336547 |
|      202208 |     5710 | 5950.05 |  0.0420401 |
|      202308 |     6470 | 6688.41 |  0.033758  |
|      202408 |     2130 | 6182.65 |  1.90265   |
+-------------+----------+---------+------------+
+----+----------+---------+-----------+
|    |   actual |   proba |       err |
|----+----------+---------+-----------|
|  0 |    17030 | 17325.2 | 0.0173363 |
+----+----------+---------+-----------+
18 0.016718438738172442
0.01886546679399148 0.0044375963373457505
+-------------+----------+---------+------------+
|   pred_code |   actual |   proba |        err |
|-------------+----------+---------+------------|
|      202108 |     4850 | 4594.6  | -0.0526591 |
|      202208 |     5710 | 5864.29 |  0.027021  |
|      202308 |     6470 | 6646.68 |  0.0273074 |
|      202408 |     2130 | 6038.26 |  1.83486   |
+-------------+----------+---------+------------+
+----+----------+---------+-----------+
|    |   actual |   proba |       err |
|----+----------+---------+-----------|
|  0 |    17030 | 17105.6 | 0.0044376 |
+----+----------+---------+-----------+
19 0.015776045744044054
Elapsed time: 619.3065 seconds
