2024-05-03 12:11:59.289035
creating Y_pred/n/biol1406/202308/fa15/1bfb/e698.pkl: 
+----+-------------+----------+-------------+----------+
|    |   pred_code |   actual |   predicted |      err |
|----+-------------+----------+-------------+----------|
|  0 |      202108 |      483 |         204 | -57.764  |
|  1 |      202208 |      567 |         349 | -38.448  |
|  2 |      202308 |      642 |         395 | -38.4735 |
+----+-------------+----------+-------------+----------+
0 -44.895155728601935 2098.378373401005
+----+-------------+----------+-------------+----------+
|    |   pred_code |   actual |   predicted |      err |
|----+-------------+----------+-------------+----------|
|  0 |      202108 |      483 |         535 | 10.766   |
|  1 |      202208 |      567 |         621 |  9.52381 |
|  2 |      202308 |      642 |         785 | 22.2741  |
+----+-------------+----------+-------------+----------+
0.5 14.18799945821482 234.24938148252795
+----+-------------+----------+-------------+----------+
|    |   pred_code |   actual |   predicted |      err |
|----+-------------+----------+-------------+----------|
|  0 |      202108 |      483 |         498 |  3.10559 |
|  1 |      202208 |      567 |         576 |  1.5873  |
|  2 |      202308 |      642 |         732 | 14.0187  |
+----+-------------+----------+-------------+----------+
0.25 6.237194412732805 69.56264327480334
+----+-------------+----------+-------------+----------+
|    |   pred_code |   actual |   predicted |      err |
|----+-------------+----------+-------------+----------|
|  0 |      202108 |      483 |          52 | -89.234  |
|  1 |      202208 |      567 |         147 | -74.0741 |
|  2 |      202308 |      642 |         151 | -76.4798 |
+----+-------------+----------+-------------+----------+
0.125 -79.92925976807868 6432.939785382034
+----+-------------+----------+-------------+-----------+
|    |   pred_code |   actual |   predicted |       err |
|----+-------------+----------+-------------+-----------|
|  0 |      202108 |      483 |         429 | -11.1801  |
|  1 |      202208 |      567 |         520 |  -8.28924 |
|  2 |      202308 |      642 |         649 |   1.09034 |
+----+-------------+----------+-------------+-----------+
0.1875 -6.1263410556832385 64.96518383017988
+----+-------------+----------+-------------+----------+
|    |   pred_code |   actual |   predicted |      err |
|----+-------------+----------+-------------+----------|
|  0 |      202108 |      483 |         450 | -6.8323  |
|  1 |      202208 |      567 |         540 | -4.7619  |
|  2 |      202308 |      642 |         673 |  4.82866 |
+----+-------------+----------+-------------+----------+
0.21875 -2.255180820804551 30.890665465660913
+----+-------------+----------+-------------+----------+
|    |   pred_code |   actual |   predicted |      err |
|----+-------------+----------+-------------+----------|
|  0 |      202108 |      483 |          52 | -89.234  |
|  1 |      202208 |      567 |         147 | -74.0741 |
|  2 |      202308 |      642 |         151 | -76.4798 |
+----+-------------+----------+-------------+----------+
0.234375 -79.92925976807868 6432.939785382034
+----+-------------+----------+-------------+----------+
|    |   pred_code |   actual |   predicted |      err |
|----+-------------+----------+-------------+----------|
|  0 |      202108 |      483 |         462 | -4.34783 |
|  1 |      202208 |      567 |         554 | -2.29277 |
|  2 |      202308 |      642 |         691 |  7.6324  |
+----+-------------+----------+-------------+----------+
0.2421875 0.33060123583397544 27.47129730740501
+----+-------------+----------+-------------+-----------+
|    |   pred_code |   actual |   predicted |       err |
|----+-------------+----------+-------------+-----------|
|  0 |      202108 |      483 |         461 | -4.55487  |
|  1 |      202208 |      567 |         562 | -0.881834 |
|  2 |      202308 |      642 |         692 |  7.78816  |
+----+-------------+----------+-------------+-----------+
0.23828125 0.7838207847237543 27.393299286303005
+----+-------------+----------+-------------+----------+
|    |   pred_code |   actual |   predicted |      err |
|----+-------------+----------+-------------+----------|
|  0 |      202108 |      483 |         459 | -4.96894 |
|  1 |      202208 |      567 |         546 | -3.7037  |
|  2 |      202308 |      642 |         683 |  6.38629 |
+----+-------------+----------+-------------+----------+
0.236328125 -0.7621183227305431 26.397520920186803
+----+-------------+----------+-------------+----------+
|    |   pred_code |   actual |   predicted |      err |
|----+-------------+----------+-------------+----------|
|  0 |      202108 |      483 |         459 | -4.96894 |
|  1 |      202208 |      567 |         558 | -1.5873  |
|  2 |      202308 |      642 |         682 |  6.23053 |
+----+-------------+----------+-------------+----------+
0.2373046875 -0.10857203055496534 22.00981027538911
+----+-------------+----------+-------------+----------+
|    |   pred_code |   actual |   predicted |      err |
|----+-------------+----------+-------------+----------|
|  0 |      202108 |      483 |         462 | -4.34783 |
|  1 |      202208 |      567 |         540 | -4.7619  |
|  2 |      202308 |      642 |         677 |  5.45171 |
+----+-------------+----------+-------------+----------+
0.23779296875 -1.2193391510742169 23.76683586401889
0.2373046875 22.00981027538911
+----+-------------+-------------+-------------+--------------+-------------+------------+------------+------------+---------------------+-----------------+-------------+----------+-------------+----------+--------------+---------------+----------+
|    | crse_code   | levl_code   | styp_code   |   train_code |   pred_code | trf_hash   | imp_hash   | clf_hash   |   202408_projection |   overall_score |   error_pct |    error |   predicted |   actual |   test_score |   train_score |   weight |
|----+-------------+-------------+-------------+--------------+-------------+------------+------------+------------+---------------------+-----------------+-------------+----------+-------------+----------+--------------+---------------+----------|
|  0 | biol1406    | ug          | n           |       202308 |      202108 | fa15       | 1bfb       | e698       |             607.072 |         23.89   |    -4.45135 | -24.2153 |     519.785 |      544 |      41.9017 |       5.86084 | 0.237305 |
|  1 | biol1406    | ug          | n           |       202308 |      202208 | fa15       | 1bfb       | e698       |             576.074 |         18.9392 |    -2.91005 | -17.6349 |     588.365 |      606 |      32.0789 |       5.86084 | 0.237305 |
|  2 | biol1406    | ug          | n           |       202308 |      202308 | fa15       | 1bfb       | e698       |             569.224 |         17.3092 |     7.71028 |  52.2757 |     730.276 |      678 |      28.7363 |       5.86084 | 0.237305 |
+----+-------------+-------------+-------------+--------------+-------------+------------+------------+------------+---------------------+-----------------+-------------+----------+-------------+----------+--------------+---------------+----------+
Elapsed time: 564.0131 seconds
