2024-05-03 17:15:38.513933
creating Y/n/_allcrse/202108/fa15/1bfb/aa8b.pkl: 
0 -0.0527223128802223 5.293747804351778
-0.0527223128802223 -0.07534002955785897 7.534002955785897
-0.12806234243808126 -0.10797114796121314 10.797114796121313
-0.2360334903992944 -0.1598307941858285 15.983079418582848
-0.3958642845851229 -0.22753901529327328 22.75390152932733
-0.6234032998783962 -0.3500387443403157 35.003874434031566
-0.9734420442187118 -0.6433872281052596 64.33872281052597
-0.99 -0.7132432585377001 71.32432585377
-0.99 -0.6953635105048769 69.53635105048768
-0.99 -0.657419168422558 65.7419168422558
-0.99 -0.7826354282183411 78.26354282183411
-0.99 -0.7087846692555836 70.87846692555836
0 5.293747804351778
2024-05-03 17:21:23.932420
creating Y/n/_allcrse/202108/fa15/1bfb/aa8b.pkl: 
0 -0.048912797726596104 4.896213846402553
0.048912797726596104 -0.033989460177563324 4.748908610215185
0.08290225790415942 -0.00943215859552741 3.8344680507114446
0.09233441649968684 -0.008342399193204822 3.8054075135872703
0.10067681569289166 -0.004337092926948098 3.877020606480519
0.10501390861983977 -0.0038067155545323437 3.710138847961882
0.1088206241743721 -0.0008656259852559319 4.105823770672031
0.10968625015962803 0.0027486848286863244 4.126189615308432
0.1069375653309417 -0.0007477258501904505 3.9947401228631905
0.10768529118113215 -0.0016413669607933112 3.877591589505136
0.10932665814192546 0.0011199726312186205 3.846027021144449
0.10820668551070685 -0.0008324889325048342 4.055216805115325
0.10501390861983977 3.710138847961882
+----+-------------+-------------+-------------+--------------+-------------+------------+------------+------------+---------------------+-----------------+-------------+-----------+-------------+----------+--------------+---------------+
|    | crse_code   | levl_code   | styp_code   |   train_code |   pred_code | trf_hash   | imp_hash   | clf_hash   |   202408_projection |   overall_score |   error_pct |     error |   predicted |   actual |   test_score |   train_score |
|----+-------------+-------------+-------------+--------------+-------------+------------+------------+------------+---------------------+-----------------+-------------+-----------+-------------+----------+--------------+---------------|
|  0 | _allcrse    | ug          | n           |       202108 |      202108 | fa15       | 1bfb       | aa8b       |             3338.21 |         26.5285 |    5.03889  |  107.933  |     2249.93 |     2142 |      24.9057 |       28.1375 |
|  1 | _allcrse    | ug          | n           |       202108 |      202208 | fa15       | 1bfb       | aa8b       |             3300.3  |         27.9129 |   -6.10069  | -149.345  |     2298.66 |     2448 |      27.6306 |       28.1375 |
|  2 | _allcrse    | ug          | n           |       202108 |      202308 | fa15       | 1bfb       | aa8b       |             3174.21 |         24.9274 |    0.452536 |   12.2185 |     2712.22 |     2700 |      21.6695 |       28.1375 |
+----+-------------+-------------+-------------+--------------+-------------+------------+------------+------------+---------------------+-----------------+-------------+-----------+-------------+----------+--------------+---------------+
Elapsed time: 491.3230 seconds
creating Y/n/_allcrse/202208/fa15/1bfb/aa8b.pkl: 
0 0.05105636680373116 5.19517339663845
-0.05105636680373116 0.027699871999618986 4.098701028504489
-0.07875623880335014 0.016083370647611155 3.705764962118374
-0.0948396094509613 0.008773894521016068 3.2966313954481277
-0.10361350397197737 0.007779210087588455 3.5569164701021707
-0.11139271405956583 0.0020394004497998517 3.114834824568369
-0.11343211450936568 0.0009698966097196152 3.106989374256593
-0.1144020111190853 0.0015115997840489115 3.304082892231941
-0.1159136109031342 5.807367607857383e-05 3.024643293033598
-0.11597168457921278 0.0022950188728804535 3.2964280190735864
-0.11826670345209324 0.010345937604859504 4.2154691674979174
-0.12861264105695275 0.0012091138238447725 3.5453506169180193
-0.1159136109031342 3.024643293033598
+----+-------------+-------------+-------------+--------------+-------------+------------+------------+------------+---------------------+-----------------+-------------+-----------+-------------+----------+--------------+---------------+
|    | crse_code   | levl_code   | styp_code   |   train_code |   pred_code | trf_hash   | imp_hash   | clf_hash   |   202408_projection |   overall_score |   error_pct |     error |   predicted |   actual |   test_score |   train_score |
|----+-------------+-------------+-------------+--------------+-------------+------------+------------+------------+---------------------+-----------------+-------------+-----------+-------------+----------+--------------+---------------|
|  0 | _allcrse    | ug          | n           |       202208 |      202108 | fa15       | 1bfb       | aa8b       |             3414.87 |         24.7178 |     1.82946 |   39.1871 |     2181.19 |     2142 |      26.2587 |       23.1628 |
|  1 | _allcrse    | ug          | n           |       202208 |      202208 | fa15       | 1bfb       | aa8b       |             3376.08 |         21.8982 |    -4.63885 | -113.559  |     2334.44 |     2448 |      20.6502 |       23.1628 |
|  2 | _allcrse    | ug          | n           |       202208 |      202308 | fa15       | 1bfb       | aa8b       |             3247.1  |         20.9542 |     3.56013 |   96.1236 |     2796.12 |     2700 |      18.7595 |       23.1628 |
+----+-------------+-------------+-------------+--------------+-------------+------------+------------+------------+---------------------+-----------------+-------------+-----------+-------------+----------+--------------+---------------+
Elapsed time: 489.9383 seconds
creating Y/n/_allcrse/202308/fa15/1bfb/aa8b.pkl: 
0 -0.08083647723760952 8.083647723760953
0.08083647723760952 -0.061367089105576055 7.673251243831743
0.14220356634318557 -0.03285081598085349 5.957028563467681
0.17505438232403905 -0.019802275818425235 5.297186856142569
0.19485665814246428 -0.020735523451765363 5.766436539831288
0.21559218159422963 -0.008188850140265639 4.92678640030166
0.22378103173449526 -0.005713938231151887 4.850077573692979
0.22949496996564714 -0.0007106595084503583 4.472993642917808
0.2302056294740975 -0.008305247140108904 5.098654089841351
0.23851087661420642 0.0008115695831946157 4.4931845713292375
0.2376993070310118 0.0010449988787164521 4.467771669758433
0.23665430815229535 -0.000572643302443702 4.575181388980506
0.2376993070310118 4.467771669758433
+----+-------------+-------------+-------------+--------------+-------------+------------+------------+------------+---------------------+-----------------+-------------+----------+-------------+----------+--------------+---------------+
|    | crse_code   | levl_code   | styp_code   |   train_code |   pred_code | trf_hash   | imp_hash   | clf_hash   |   202408_projection |   overall_score |   error_pct |    error |   predicted |   actual |   test_score |   train_score |
|----+-------------+-------------+-------------+--------------+-------------+------------+------------+------------+---------------------+-----------------+-------------+----------+-------------+----------+--------------+---------------|
|  0 | _allcrse    | ug          | n           |       202308 |      202108 | fa15       | 1bfb       | aa8b       |             3046.67 |         26.6796 |    -1.36424 |  -29.222 |     2112.78 |     2142 |      34.2729 |        19.109 |
|  1 | _allcrse    | ug          | n           |       202308 |      202208 | fa15       | 1bfb       | aa8b       |             3012.06 |         25.3047 |    -5.52586 | -135.273 |     2312.73 |     2448 |      31.4695 |        19.109 |
|  2 | _allcrse    | ug          | n           |       202308 |      202308 | fa15       | 1bfb       | aa8b       |             2896.99 |         18.5824 |     6.82993 |  184.408 |     2884.41 |     2700 |      18.0564 |        19.109 |
+----+-------------+-------------+-------------+--------------+-------------+------------+------------+------------+---------------------+-----------------+-------------+----------+-------------+----------+--------------+---------------+
Elapsed time: 490.1035 seconds
creating Y/n/biol1406/202108/fa15/1bfb/aa8b.pkl: 
0 0.008896272324681376 1.562189961790239
-0.008896272324681376 -0.0018013438638945594 1.8779034744824008
-0.007094928460786816 -0.014431738607749897 1.7048383230486592
0.007336810146963081 0.018244591729164705 1.8244591729164705
-0.010907781582201626 -0.0006179642911158615 1.9757411425890565
-0.010289817291085765 -0.01142921684486183 2.2962794080276865
0.001139399553776066 0.010594642991770561 1.7445255998767155
-0.009455243437994495 -0.0009855470699279278 1.8072170545545663
-0.008469696368066567 -0.005468823011640829 1.9898038062613366
-0.003000873356425738 -0.001362021958098647 1.6741539827879885
-0.0016388513983270911 0.0030118559210247087 1.5635333479698625
-0.0046507073193518 0.0064662574423913766 1.76025556604447
0 1.562189961790239
+----+-------------+-------------+-------------+--------------+-------------+------------+------------+------------+---------------------+-----------------+-------------+------------+-------------+----------+--------------+---------------+
|    | crse_code   | levl_code   | styp_code   |   train_code |   pred_code | trf_hash   | imp_hash   | clf_hash   |   202408_projection |   overall_score |   error_pct |      error |   predicted |   actual |   test_score |   train_score |
|----+-------------+-------------+-------------+--------------+-------------+------------+------------+------------+---------------------+-----------------+-------------+------------+-------------+----------+--------------+---------------|
|  0 | biol1406    | ug          | n           |       202108 |      202108 | fa15       | 1bfb       | aa8b       |             819.534 |         16.5996 |   0.0783526 |   0.426238 |     544.426 |      544 |      15.4647 |       17.7684 |
|  1 | biol1406    | ug          | n           |       202108 |      202208 | fa15       | 1bfb       | aa8b       |             777.925 |         16.6008 |   2.26817   |  13.7451   |     619.745 |      606 |      15.4445 |       17.7684 |
|  2 | biol1406    | ug          | n           |       202108 |      202308 | fa15       | 1bfb       | aa8b       |             765.263 |         16.8055 |  -2.6867    | -18.2158   |     659.784 |      678 |      15.8557 |       17.7684 |
+----+-------------+-------------+-------------+--------------+-------------+------------+------------+------------+---------------------+-----------------+-------------+------------+-------------+----------+--------------+---------------+
Elapsed time: 489.1308 seconds
creating Y/n/biol1406/202208/fa15/1bfb/aa8b.pkl: 
0 0.01582617277509975 1.5826172775099752
-0.01582617277509975 -0.012335992639145013 1.591420822152238
-0.0034901801359547378 3.702068990370696e-05 1.1490105984258778
-0.003527200825858445 0.0019628753779996253 1.416123280124463
-0.00549007620385807 0.0041374606148541675 1.1104474478151585
-0.009627536818712238 -0.012183054576045923 1.7277868713675242
0.0025555177573336856 0.01218523329622693 1.3541557471478152
-0.009629715538893245 -0.01216079461464418 2.0923845304660587
0.0025310790757509354 -0.0184990435219267 2.7603162965528742
0.021030122597677635 0.019069960497277938 1.9069960497277938
0.001960162100399697 0.010095427072087918 1.6652208599184148
-0.008135264971688221 -0.03507894608275756 4.660170523698396
-0.00549007620385807 1.1104474478151585
+----+-------------+-------------+-------------+--------------+-------------+------------+------------+------------+---------------------+-----------------+-------------+-----------+-------------+----------+--------------+---------------+
|    | crse_code   | levl_code   | styp_code   |   train_code |   pred_code | trf_hash   | imp_hash   | clf_hash   |   202408_projection |   overall_score |   error_pct |     error |   predicted |   actual |   test_score |   train_score |
|----+-------------+-------------+-------------+--------------+-------------+------------+------------+------------+---------------------+-----------------+-------------+-----------+-------------+----------+--------------+---------------|
|  0 | biol1406    | ug          | n           |       202208 |      202108 | fa15       | 1bfb       | aa8b       |             807.56  |         16.591  |   -2.97376  | -16.1772  |     527.823 |      544 |      18.1991 |       14.9995 |
|  1 | biol1406    | ug          | n           |       202208 |      202208 | fa15       | 1bfb       | aa8b       |             766.559 |         13.6605 |   -0.360285 |  -2.18333 |     603.817 |      606 |      12.322  |       14.9995 |
|  2 | biol1406    | ug          | n           |       202208 |      202308 | fa15       | 1bfb       | aa8b       |             754.082 |         15.1997 |    1.36422  |   9.24944 |     687.249 |      678 |      15.3928 |       14.9995 |
+----+-------------+-------------+-------------+--------------+-------------+------------+------------+------------+---------------------+-----------------+-------------+-----------+-------------+----------+--------------+---------------+
Elapsed time: 488.6198 seconds
creating Y/n/biol1406/202308/fa15/1bfb/aa8b.pkl: 
0 -0.030374004266267945 3.264404220083298
0.030374004266267945 -0.0006330161176119434 2.686849830777464
0.03100702038387989 -0.012051115848309498 3.103685902531768
0.04305813623218939 -0.003060600340515881 3.08422777615817
0.04611873657270527 0.00757862244563956 2.477754061297066
0.03854011412706571 -0.008292570072113 3.313947512078811
0.046832684199178715 0.015111337873997174 3.009140269199613
0.03172134632518154 -0.018081075606177333 3.8538437715808302
0.04980242193135887 -0.00045367485764336024 3.5788205526272896
0.05025609678900223 0.00013352019395433215 3.1242272941340006
0.0501225765950479 0.006549072107440675 2.8075246112857277
0.043573504487607224 0.009406889504234553 2.771105965399982
0.04611873657270527 2.477754061297066
+----+-------------+-------------+-------------+--------------+-------------+------------+------------+------------+---------------------+-----------------+-------------+-----------+-------------+----------+--------------+---------------+
|    | crse_code   | levl_code   | styp_code   |   train_code |   pred_code | trf_hash   | imp_hash   | clf_hash   |   202408_projection |   overall_score |   error_pct |     error |   predicted |   actual |   test_score |   train_score |
|----+-------------+-------------+-------------+--------------+-------------+------------+------------+------------+---------------------+-----------------+-------------+-----------+-------------+----------+--------------+---------------|
|  0 | biol1406    | ug          | n           |       202308 |      202108 | fa15       | 1bfb       | aa8b       |             634.163 |         17.8124 |    -3.16391 | -17.2117  |     526.788 |      544 |      19.8434 |       15.7099 |
|  1 | biol1406    | ug          | n           |       202308 |      202208 | fa15       | 1bfb       | aa8b       |             601.966 |         16.1474 |     1.12497 |   6.81733 |     612.817 |      606 |      16.4937 |       15.7099 |
|  2 | biol1406    | ug          | n           |       202308 |      202308 | fa15       | 1bfb       | aa8b       |             592.168 |         14.5667 |     4.25114 |  28.8227  |     706.823 |      678 |      13.2961 |       15.7099 |
+----+-------------+-------------+-------------+--------------+-------------+------------+------------+------------+---------------------+-----------------+-------------+-----------+-------------+----------+--------------+---------------+
Elapsed time: 490.3805 seconds
creating Y/n/engl1301/202108/fa15/1bfb/aa8b.pkl: 
0 -0.0745783591672761 7.494928168314208
0.0745783591672761 0.016361341375782712 4.541469822891538
0.058217017791493395 -0.02588926091160119 6.917981644120363
0.08410627870309459 -0.0038750806096195336 5.612844227759647
0.08798135931271413 0.013578373004461 5.114600020716431
0.07440298630825312 -0.011880208569128711 5.7900102191377165
0.08628319487738183 0.006469739869616224 5.853637285848165
0.0798134550077656 0.005482679756794506 5.295672465993306
0.07433077525097109 -0.018812373672490928 6.618604497424663
0.09314314892346202 0.024371914742477758 4.220641089300448
0.06877123418098427 -0.015052187343430798 6.46014345100091
0.08382342152441506 0.0010282484102842604 6.114817868631798
0.09314314892346202 4.220641089300448
+----+-------------+-------------+-------------+--------------+-------------+------------+------------+------------+---------------------+-----------------+-------------+-----------+-------------+----------+--------------+---------------+
|    | crse_code   | levl_code   | styp_code   |   train_code |   pred_code | trf_hash   | imp_hash   | clf_hash   |   202408_projection |   overall_score |   error_pct |     error |   predicted |   actual |   test_score |   train_score |
|----+-------------+-------------+-------------+--------------+-------------+------------+------------+------------+---------------------+-----------------+-------------+-----------+-------------+----------+--------------+---------------|
|  0 | engl1301    | ug          | n           |       202108 |      202108 | fa15       | 1bfb       | aa8b       |             1687.91 |         26.2299 |   10.2617   |  92.9713  |     998.971 |      906 |      24.127  |       28.2918 |
|  1 | engl1301    | ug          | n           |       202108 |      202208 | fa15       | 1bfb       | aa8b       |             1677.17 |         27.7126 |    0.103756 |   1.05623 |    1019.06  |     1018 |      27.1802 |       28.2918 |
|  2 | engl1301    | ug          | n           |       202108 |      202308 | fa15       | 1bfb       | aa8b       |             1612.82 |         27.4632 |   -2.82032  | -37.9897  |    1309.01  |     1347 |      26.6496 |       28.2918 |
+----+-------------+-------------+-------------+--------------+-------------+------------+------------+------------+---------------------+-----------------+-------------+-----------+-------------+----------+--------------+---------------+
Elapsed time: 492.2251 seconds
creating Y/n/engl1301/202208/fa15/1bfb/aa8b.pkl: 
0 -0.02540279669533037 3.840548243390285
0.02540279669533037 0.009114651452356645 4.715545842997448
0.01628814524297373 0.00526475750066846 4.264169378384686
0.011023387742305268 -0.004412201983940656 3.7979331689720377
0.015435589726245924 -0.01288259259185931 4.4435126267612555
0.028318182318105234 0.02446412450084423 4.813674776845819
0.003854057817261003 -0.018802328305129696 3.3987440498764157
0.0226563861223907 -0.006788003688577793 5.654285201005923
0.02944438981096849 0.011712896189644254 5.202715142324033
0.017731493621324236 0.0015499097949676077 4.409415323284316
0.01618158382635663 -0.00987995339678597 4.850389140743675
0.026061537223142597 0.003365596617624996 4.955725286341458
0.003854057817261003 3.3987440498764157
+----+-------------+-------------+-------------+--------------+-------------+------------+------------+------------+---------------------+-----------------+-------------+-----------+-------------+----------+--------------+---------------+
|    | crse_code   | levl_code   | styp_code   |   train_code |   pred_code | trf_hash   | imp_hash   | clf_hash   |   202408_projection |   overall_score |   error_pct |     error |   predicted |   actual |   test_score |   train_score |
|----+-------------+-------------+-------------+--------------+-------------+------------+------------+------------+---------------------+-----------------+-------------+-----------+-------------+----------+--------------+---------------|
|  0 | engl1301    | ug          | n           |       202208 |      202108 | fa15       | 1bfb       | aa8b       |             1575.24 |         25.2388 |    2.71772  |  24.6225  |     930.623 |      906 |      26.8648 |       23.6064 |
|  1 | engl1301    | ug          | n           |       202208 |      202208 | fa15       | 1bfb       | aa8b       |             1565.22 |         22.1654 |    0.421184 |   4.28765 |    1022.29  |     1018 |      20.8064 |       23.6064 |
|  2 | engl1301    | ug          | n           |       202208 |      202308 | fa15       | 1bfb       | aa8b       |             1505.16 |         23.9198 |   -7.11361  | -95.8203  |    1251.18  |     1347 |      24.2633 |       23.6064 |
+----+-------------+-------------+-------------+--------------+-------------+------------+------------+------------+---------------------+-----------------+-------------+-----------+-------------+----------+--------------+---------------+
Elapsed time: 488.8858 seconds
creating Y/n/engl1301/202308/fa15/1bfb/aa8b.pkl: 
0 -0.03721501339327552 3.754863818025611
0.03721501339327552 0.016393850565373718 2.6805447006608585
0.020821162827901803 -0.007230723227359255 1.8198183212720116
0.028051886055261058 -0.0007934261285159246 2.1132610758534494
0.02884531218377698 -0.0010168939341819911 1.845375994570982
0.02986220611795897 0.013290662598004044 2.2535409966950875
0.016571543519954927 -0.014895321621358426 2.3595677273378564
0.031466865141313353 0.006757120543393169 1.8559070647495106
0.024709744597920184 0.0020217172197584863 2.1693415223327057
0.0226880273781617 0.005742597784650656 2.0942334516639365
0.016945429593511044 -0.019498109347073005 2.858854990454533
0.03644353894058405 0.0008226231697583408 2.2547257930148374
0.020821162827901803 1.8198183212720116
+----+-------------+-------------+-------------+--------------+-------------+------------+------------+------------+---------------------+-----------------+-------------+-----------+-------------+----------+--------------+---------------+
|    | crse_code   | levl_code   | styp_code   |   train_code |   pred_code | trf_hash   | imp_hash   | clf_hash   |   202408_projection |   overall_score |   error_pct |     error |   predicted |   actual |   test_score |   train_score |
|----+-------------+-------------+-------------+--------------+-------------+------------+------------+------------+---------------------+-----------------+-------------+-----------+-------------+----------+--------------+---------------|
|  0 | engl1301    | ug          | n           |       202308 |      202108 | fa15       | 1bfb       | aa8b       |             1496.87 |         25.5701 |   -0.338663 |  -3.06828 |     902.932 |      906 |      27.8295 |       23.3124 |
|  1 | engl1301    | ug          | n           |       202308 |      202208 | fa15       | 1bfb       | aa8b       |             1487.34 |         24.4641 |   -3.62108  | -36.8625  |     981.137 |     1018 |      25.5912 |       23.3124 |
|  2 | engl1301    | ug          | n           |       202308 |      202308 | fa15       | 1bfb       | aa8b       |             1430.28 |         22.1961 |    1.67433  |  22.5532  |    1369.55  |     1347 |      21.0963 |       23.3124 |
+----+-------------+-------------+-------------+--------------+-------------+------------+------------+------------+---------------------+-----------------+-------------+-----------+-------------+----------+--------------+---------------+
Elapsed time: 491.2976 seconds
creating Y/n/math1314/202108/fa15/1bfb/aa8b.pkl: 
0 -0.14870795118876298 15.09766184183018
0.14870795118876298 0.0033091354230957437 15.049382153215316
0.14539881576566724 0.01658787163283182 13.89891222814914
0.12881094413283542 -0.0005598098096083101 13.776066977370363
0.12937075394244374 0.0073954656306823114 13.347477242772628
0.12197528831176142 -0.027296592940802666 15.463065858581295
0.14927188125256408 0.009528687250418591 14.181415660838152
0.1397431940021455 0.021933950314324435 13.063101914756906
0.11780924368782106 -0.02134963505183496 14.471681169248773
0.13915887873965602 0.029874238724787488 12.550226916788112
0.10928464001486853 -0.04947797054318318 15.949577529264584
0.15876261055805171 0.01810174015198814 14.661732002222013
0.13915887873965602 12.550226916788112
+----+-------------+-------------+-------------+--------------+-------------+------------+------------+------------+---------------------+-----------------+-------------+-----------+-------------+----------+--------------+---------------+
|    | crse_code   | levl_code   | styp_code   |   train_code |   pred_code | trf_hash   | imp_hash   | clf_hash   |   202408_projection |   overall_score |   error_pct |     error |   predicted |   actual |   test_score |   train_score |
|----+-------------+-------------+-------------+--------------+-------------+------------+------------+------------+---------------------+-----------------+-------------+-----------+-------------+----------+--------------+---------------|
|  0 | math1314    | ug          | n           |       202108 |      202108 | fa15       | 1bfb       | aa8b       |             868.13  |         18.5517 |    21.8353  |   86.9044 |     484.904 |      398 |      17.0007 |       20.0371 |
|  1 | math1314    | ug          | n           |       202108 |      202208 | fa15       | 1bfb       | aa8b       |             832.477 |         19.6995 |    -4.84113 |  -24.1088 |     473.891 |      498 |      19.3367 |       20.0371 |
|  2 | math1314    | ug          | n           |       202108 |      202308 | fa15       | 1bfb       | aa8b       |             821.041 |         22.6724 |   -18.1188  | -128.825  |     582.175 |      711 |      25.2717 |       20.0371 |
+----+-------------+-------------+-------------+--------------+-------------+------------+------------+------------+---------------------+-----------------+-------------+-----------+-------------+----------+--------------+---------------+
Elapsed time: 491.3377 seconds
creating Y/n/math1314/202208/fa15/1bfb/aa8b.pkl: 
0 0.005483591093580838 10.616559335266428
-0.005483591093580838 -0.024258407556604022 9.749710430784376
0.018774816463023185 0.009768774505237129 10.523309830567078
0.009006041957786056 0.012684896921107894 10.693688805107044
-0.0036788549633218377 -0.02632622442150327 9.061823313092772
0.02264736945818143 0.055641935968581246 12.437757770808071
-0.032994566510399816 -0.07146799087745932 8.894402503817918
0.03847342436705951 0.03143527451076178 11.832190341112003
0.007038149856297728 -0.005954575833293248 9.610927780311322
0.012992725689590975 -0.012815337694657777 9.955357478550841
0.02580806338424875 0.014576411817718035 11.720903819379236
0.011231651566530715 -0.01569966038581509 10.028532994842013
-0.032994566510399816 8.894402503817918
+----+-------------+-------------+-------------+--------------+-------------+------------+------------+------------+---------------------+-----------------+-------------+-----------+-------------+----------+--------------+---------------+
|    | crse_code   | levl_code   | styp_code   |   train_code |   pred_code | trf_hash   | imp_hash   | clf_hash   |   202408_projection |   overall_score |   error_pct |     error |   predicted |   actual |   test_score |   train_score |
|----+-------------+-------------+-------------+--------------+-------------+------------+------------+------------+---------------------+-----------------+-------------+-----------+-------------+----------+--------------+---------------|
|  0 | math1314    | ug          | n           |       202208 |      202108 | fa15       | 1bfb       | aa8b       |             878.676 |         15.5366 |     7.37429 |   29.3497 |     427.35  |      398 |      16.2458 |        14.859 |
|  1 | math1314    | ug          | n           |       202208 |      202208 | fa15       | 1bfb       | aa8b       |             842.591 |         13.6496 |    -3.60399 |  -17.9479 |     480.052 |      498 |      12.3831 |        14.859 |
|  2 | math1314    | ug          | n           |       202208 |      202308 | fa15       | 1bfb       | aa8b       |             831.015 |         16.7239 |   -19.1828  | -136.39   |     574.61  |      711 |      18.5825 |        14.859 |
+----+-------------+-------------+-------------+--------------+-------------+------------+------------+------------+---------------------+-----------------+-------------+-----------+-------------+----------+--------------+---------------+
Elapsed time: 492.2873 seconds
creating Y/n/math1314/202308/fa15/1bfb/aa8b.pkl: 
0 0.08402234129187473 8.402234129187473
-0.08402234129187473 -0.03307170955912264 7.150847656052228
-0.05095063173275209 0.009088281866568479 7.049915396264299
-0.06003891359932057 -0.005117974824853507 6.831157038899438
-0.05492093877446706 0.0017983089304840494 7.131905685927475
-0.05671924770495111 -0.0032510741580108102 7.389604798243917
-0.0534681735469403 0.004855427371524075 6.953929631649862
-0.05832360091846438 -0.0026026905065088535 7.31147719369359
-0.055720910411955524 0.011934166625384565 7.214787142335173
-0.06765507703734008 0.0009155732265121822 7.549620387233613
-0.06857065026385227 -0.01168333077063318 7.960878128395459
-0.05688731949321909 -0.004337969717866781 7.284042598667935
-0.06003891359932057 6.831157038899438
+----+-------------+-------------+-------------+--------------+-------------+------------+------------+------------+---------------------+-----------------+-------------+----------+-------------+----------+--------------+---------------+
|    | crse_code   | levl_code   | styp_code   |   train_code |   pred_code | trf_hash   | imp_hash   | clf_hash   |   202408_projection |   overall_score |   error_pct |    error |   predicted |   actual |   test_score |   train_score |
|----+-------------+-------------+-------------+--------------+-------------+------------+------------+------------+---------------------+-----------------+-------------+----------+-------------+----------+--------------+---------------|
|  0 | math1314    | ug          | n           |       202308 |      202108 | fa15       | 1bfb       | aa8b       |             854.261 |         16.7433 |    10.801   |  42.9882 |     440.988 |      398 |      16.41   |       17.0978 |
|  1 | math1314    | ug          | n           |       202308 |      202208 | fa15       | 1bfb       | aa8b       |             819.179 |         16.015  |    -3.99808 | -19.9104 |     478.09  |      498 |      14.943  |       17.0978 |
|  2 | math1314    | ug          | n           |       202308 |      202308 | fa15       | 1bfb       | aa8b       |             807.925 |         16.4118 |    -6.69241 | -47.5831 |     663.417 |      711 |      15.7403 |       17.0978 |
+----+-------------+-------------+-------------+--------------+-------------+------------+------------+------------+---------------------+-----------------+-------------+----------+-------------+----------+--------------+---------------+
Elapsed time: 488.7786 seconds2024-05-03 21:56:09.235105
Traceback (most recent call last):
  File "/home/scook/institutional_data_analytics/admitted_matriculation_projection/admitted_matriculation_predictor/src/LiveAMP.py", line 551, in <module>
    run_amp(136)
  File "/home/scook/institutional_data_analytics/admitted_matriculation_projection/admitted_matriculation_predictor/src/LiveAMP.py", line 528, in run_amp
    assert 1==2
           ^^^^
AssertionError
2024-05-03 21:56:38.340818
/home/scook/institutional_data_analytics/admitted_matriculation_projection/resources/rslt/136/Y/n/_allcrse/202108/fa15/1bfb/aa8b.pkl
True
Traceback (most recent call last):
  File "/home/scook/institutional_data_analytics/admitted_matriculation_projection/admitted_matriculation_predictor/src/LiveAMP.py", line 550, in <module>
    run_amp(136)
  File "/home/scook/institutional_data_analytics/admitted_matriculation_projection/admitted_matriculation_predictor/src/LiveAMP.py", line 536, in run_amp
    self.get_Y()
  File "/home/scook/institutional_data_analytics/admitted_matriculation_projection/admitted_matriculation_predictor/src/LiveAMP.py", line 388, in get_Y
    return self.get(func, f"Y/{self.styp_code}/{self.crse_code}/{self.train_code}/{self.param['trf'][0]}/{self.param['imp'][0]}/{self.param['clf'][0]}.pkl", "X_proc")
           ^^^^^^^^^^^^^^^^^^^^^^^^^^^^^^^^^^^^^^^^^^^^^^^^^^^^^^^^^^^^^^^^^^^^^^^^^^^^^^^^^^^^^^^^^^^^^^^^^^^^^^^^^^^^^^^^^^^^^^^^^^^^^^^^^^^^^^^^^^^^^^^^^^^^^^^^^^^
  File "/home/scook/institutional_data_analytics/admitted_matriculation_projection/admitted_matriculation_predictor/src/setup.py", line 315, in get
    assert 1==2
           ^^^^
AssertionError
2024-05-03 21:57:27.063559
creating Y/n/_allcrse/202108/fa15/1bfb/aa8b.pkl: 
2024-05-03 21:58:12.448867
/home/scook/institutional_data_analytics/admitted_matriculation_projection/resources/rslt/136/Y/n/_allcrse/202108/fa15/1bfb/aa8b.pkl
/home/scook/institutional_data_analytics/admitted_matriculation_projection/resources/rslt/136/X_proc/n/fa15/1bfb.pkl
creating Y/n/_allcrse/202108/fa15/1bfb/aa8b.pkl: 
2024-05-03 21:59:11.897081
/home/scook/institutional_data_analytics/admitted_matriculation_projection/resources/rslt/136/Y/n/_allcrse/202108/fa15/1bfb/aa8b.pkl True
/home/scook/institutional_data_analytics/admitted_matriculation_projection/resources/rslt/136/X_proc/n/fa15/1bfb.pkl True
creating Y/n/_allcrse/202108/fa15/1bfb/aa8b.pkl: 
/home/scook/institutional_data_analytics/admitted_matriculation_projection/resources/trm.parq True
/home/scook/institutional_data_analytics/admitted_matriculation_projection/resources/dst.parq True
2024-05-03 22:15:35.393181
/home/scook/institutional_data_analytics/admitted_matriculation_projection/resources/rslt/136/Y/n/_allcrse/202108/fa15/1bfb/aa8b.pkl True
/home/scook/institutional_data_analytics/admitted_matriculation_projection/resources/rslt/136/Y/n/_allcrse/202208/fa15/1bfb/aa8b.pkl False
/home/scook/institutional_data_analytics/admitted_matriculation_projection/resources/rslt/136/X_proc/n/fa15/1bfb.pkl True
creating Y/n/_allcrse/202208/fa15/1bfb/aa8b.pkl: 
2024-05-03 22:15:55.800887
creating Y/n/_allcrse/202208/fa15/1bfb/aa8b.pkl: 
0 0.04767932006908596 4.791011300884821
-0.04767932006908596 0.02762690634352601 4.039949491595518
-0.07530622641261198 0.014084198731138383 3.462210686437702
-0.08939042514375035 0.010168062449098217 3.381535404477439
-0.09955848759284858 0.0035023932444673647 3.051338129915608
-0.10306088083731595 0.004432730215795488 3.12068018235937
-0.10749361105311143 0.0020205538422746563 3.112156947500107
-0.1095141648953861 0.0026349612368190556 3.2130323851274234
-0.11214912613220515 0.0033499153527188166 3.334737744381374
-0.11549904148492397 -0.001625669275385026 2.895820644193085
-0.11387337220953894 0.0011764649379230792 3.096050207941077
-0.11504983714746202 0.0003021062411058262 3.0568001004849576
-0.11549904148492397 2.895820644193085
+----+-------------+-------------+-------------+--------------+-------------+------------+------------+------------+---------------------+-----------------+-------------+----------+-------------+----------+--------------+---------------+
|    | crse_code   | levl_code   | styp_code   |   train_code |   pred_code | trf_hash   | imp_hash   | clf_hash   |   202408_projection |   overall_score |   error_pct |    error |   predicted |   actual |   test_score |   train_score |
|----+-------------+-------------+-------------+--------------+-------------+------------+------------+------------+---------------------+-----------------+-------------+----------+-------------+----------+--------------+---------------|
|  0 | _allcrse    | ug          | n           |       202208 |      202108 | fa15       | 1bfb       | aa8b       |             3424.51 |         24.7321 |     2.06751 |   44.286 |     2186.29 |     2142 |      26.2807 |       23.1416 |
|  1 | _allcrse    | ug          | n           |       202208 |      202208 | fa15       | 1bfb       | aa8b       |             3385.61 |         21.5719 |    -4.61515 | -112.979 |     2335.02 |     2448 |      19.9945 |       23.1416 |
|  2 | _allcrse    | ug          | n           |       202208 |      202308 | fa15       | 1bfb       | aa8b       |             3256.27 |         20.9836 |     3.75362 |  101.348 |     2801.35 |     2700 |      18.8201 |       23.1416 |
+----+-------------+-------------+-------------+--------------+-------------+------------+------------+------------+---------------------+-----------------+-------------+----------+-------------+----------+--------------+---------------+
Elapsed time: 492.4868 seconds
creating Y/n/agec2317/202108/fa15/1bfb/aa8b.pkl: 
0 0.03792447250750416 3.7924472507504157
-0.03792447250750416 -0.03442061677117988 3.4420616771179877
-0.0035038557363242795 -0.00533674220322522 1.3568576332276114
0.0018328864669009404 0.047345467955051714 4.734546795505171
-0.04551258148815077 -0.023157093552921282 3.064427543854409
-0.02235548793522949 -0.003755082036751789 2.312654964603807
-0.018600405898477702 -0.015630639607127073 1.8718040479252924
-0.00296976629135063 -0.007983091375001009 1.7893378866350784
0.005013325083650379 0.05104996747619069 5.10499674761907
-0.046036642392540315 -0.0197623966773743 3.5922445199841855
-0.026274245715166015 -0.014580653340660943 2.515100975141886
-0.011693592374505072 0.002316142316232376 1.8169055582924254
-0.0035038557363242795 1.3568576332276114
+----+-------------+-------------+-------------+--------------+-------------+------------+------------+------------+---------------------+-----------------+-------------+-----------+-------------+----------+--------------+---------------+
|    | crse_code   | levl_code   | styp_code   |   train_code |   pred_code | trf_hash   | imp_hash   | clf_hash   |   202408_projection |   overall_score |   error_pct |     error |   predicted |   actual |   test_score |   train_score |
|----+-------------+-------------+-------------+--------------+-------------+------------+------------+------------+---------------------+-----------------+-------------+-----------+-------------+----------+--------------+---------------|
|  0 | agec2317    | ug          | n           |       202108 |      202108 | fa15       | 1bfb       | aa8b       |             292.377 |         7.09916 |    -0.34533 | -0.666487 |     192.334 |      193 |      6.2964  |       7.87705 |
|  1 | agec2317    | ug          | n           |       202108 |      202208 | fa15       | 1bfb       | aa8b       |             269.009 |         7.43737 |    -0.57883 | -1.22133  |     209.779 |      211 |      7.00647 |       7.87705 |
|  2 | agec2317    | ug          | n           |       202108 |      202308 | fa15       | 1bfb       | aa8b       |             263.755 |         7.37373 |     3.88095 |  8.22761  |     220.228 |      212 |      6.88658 |       7.87705 |
+----+-------------+-------------+-------------+--------------+-------------+------------+------------+------------+---------------------+-----------------+-------------+-----------+-------------+----------+--------------+---------------+
Elapsed time: 487.7561 seconds
creating Y/n/agec2317/202208/fa15/1bfb/aa8b.pkl: 
0 0.00010649991131587526 4.428448717164002
-0.00010649991131587526 -0.0014268816332291638 4.574120620108854
0.0013203817219132885 0.03698412466031727 3.7596903907240464
-0.035663742938403985 -0.031487648672628064 5.541356313097404
-0.00417609426577592 0.015139301810641567 4.735595777463294
-0.01931539607641749 -0.013973931432679035 5.888219855197988
-0.005341464643738454 0.008967389372296611 4.90878588526339
-0.014308854016035065 -0.023008704231659904 4.644497566571285
0.00869985021562484 0.012625174485787113 2.780886637074424
-0.003925324270162274 0.011455668026871813 4.749069689898825
-0.015380992297034086 -0.015495800413043695 4.634101250480601
0.00011480811600960913 0.03290503134395125 3.4158897179076644
0.00869985021562484 2.780886637074424
+----+-------------+-------------+-------------+--------------+-------------+------------+------------+------------+---------------------+-----------------+-------------+----------+-------------+----------+--------------+---------------+
|    | crse_code   | levl_code   | styp_code   |   train_code |   pred_code | trf_hash   | imp_hash   | clf_hash   |   202408_projection |   overall_score |   error_pct |    error |   predicted |   actual |   test_score |   train_score |
|----+-------------+-------------+-------------+--------------+-------------+------------+------------+------------+---------------------+-----------------+-------------+----------+-------------+----------+--------------+---------------|
|  0 | agec2317    | ug          | n           |       202208 |      202108 | fa15       | 1bfb       | aa8b       |             319.739 |         7.41222 |   -1.67852  | -3.23955 |      189.76 |      193 |      8.03477 |       6.79094 |
|  1 | agec2317    | ug          | n           |       202208 |      202208 | fa15       | 1bfb       | aa8b       |             294.183 |         6.04059 |    0.876886 |  1.85023 |      212.85 |      211 |      5.26621 |       6.79094 |
|  2 | agec2317    | ug          | n           |       202208 |      202308 | fa15       | 1bfb       | aa8b       |             288.438 |         6.87157 |    9.79243  | 20.7599  |      232.76 |      212 |      6.94817 |       6.79094 |
+----+-------------+-------------+-------------+--------------+-------------+------------+------------+------------+---------------------+-----------------+-------------+----------+-------------+----------+--------------+---------------+
Elapsed time: 490.4597 seconds
creating Y/n/agec2317/202308/fa15/1bfb/aa8b.pkl: 
0 -0.08568207677057649 8.82618686888534
0.08568207677057649 0.02339198749185656 5.866552073327814
0.06229008927871993 -0.012116237799432605 6.664112481067952
0.07440632707815253 0.019588819808902518 5.038189387446627
0.05481750726925001 -0.008036310951692363 5.9603214359012355
0.06285381822094238 -0.0038914046387626224 5.895032469587813
0.06674522285970501 -0.00941350575263522 7.1781212815402435
0.07615872861234023 0.03494508771419006 5.573067001351606
0.04121364089815017 -0.04186452676881195 7.873354512692887
0.08307816766696212 0.018322569087572127 5.44423451133135
0.06475559857938999 -0.004696989851227573 6.134080912268987
0.06945258843061757 -0.007529852892271667 6.396992859885946
0.07440632707815253 5.038189387446627
+----+-------------+-------------+-------------+--------------+-------------+------------+------------+------------+---------------------+-----------------+-------------+----------+-------------+----------+--------------+---------------+
|    | crse_code   | levl_code   | styp_code   |   train_code |   pred_code | trf_hash   | imp_hash   | clf_hash   |   202408_projection |   overall_score |   error_pct |    error |   predicted |   actual |   test_score |   train_score |
|----+-------------+-------------+-------------+--------------+-------------+------------+------------+------------+---------------------+-----------------+-------------+----------+-------------+----------+--------------+---------------|
|  0 | agec2317    | ug          | n           |       202308 |      202108 | fa15       | 1bfb       | aa8b       |             305.357 |         8.12673 |   -4.28452  | -8.26913 |     184.731 |      193 |      8.73528 |       7.48613 |
|  1 | agec2317    | ug          | n           |       202308 |      202208 | fa15       | 1bfb       | aa8b       |             280.951 |         7.47671 |   -0.517489 | -1.0919  |     209.908 |      211 |      7.47807 |       7.48613 |
|  2 | agec2317    | ug          | n           |       202308 |      202308 | fa15       | 1bfb       | aa8b       |             275.464 |         7.08404 |    9.79879  | 20.7734  |     232.773 |      212 |      6.6812  |       7.48613 |
+----+-------------+-------------+-------------+--------------+-------------+------------+------------+------------+---------------------+-----------------+-------------+----------+-------------+----------+--------------+---------------+
Elapsed time: 489.7711 seconds
creating Y/n/ansc1319/202108/fa15/1bfb/aa8b.pkl: Elapsed time: 3.6030 seconds
creating Y/n/ansc1319/202208/fa15/1bfb/aa8b.pkl: Elapsed time: 3.5680 seconds
creating Y/n/ansc1319/202308/fa15/1bfb/aa8b.pkl: 
0 inf inf
-0.99 inf inf
-0.99 inf inf
-0.99 inf inf
-0.99 inf inf
-0.99 inf inf
-0.99 inf inf
-0.99 inf inf
-0.99 inf inf
-0.99 inf inf
-0.99 inf inf
-0.99 inf inf
0 inf
Elapsed time: 220.3730 seconds
Traceback (most recent call last):
  File "/home/scook/institutional_data_analytics/admitted_matriculation_projection/admitted_matriculation_predictor/src/LiveAMP.py", line 548, in <module>
    run_amp(136)
  File "/home/scook/institutional_data_analytics/admitted_matriculation_projection/admitted_matriculation_predictor/src/LiveAMP.py", line 534, in run_amp
    self.get_Y()
  File "/home/scook/institutional_data_analytics/admitted_matriculation_projection/admitted_matriculation_predictor/src/LiveAMP.py", line 387, in get_Y
    return self.get(func, f"Y/{self.styp_code}/{self.crse_code}/{self.train_code}/{self.param['trf'][0]}/{self.param['imp'][0]}/{self.param['clf'][0]}.pkl", "X_proc")
           ^^^^^^^^^^^^^^^^^^^^^^^^^^^^^^^^^^^^^^^^^^^^^^^^^^^^^^^^^^^^^^^^^^^^^^^^^^^^^^^^^^^^^^^^^^^^^^^^^^^^^^^^^^^^^^^^^^^^^^^^^^^^^^^^^^^^^^^^^^^^^^^^^^^^^^^^^^^
  File "/home/scook/institutional_data_analytics/admitted_matriculation_projection/admitted_matriculation_predictor/src/setup.py", line 326, in get
    func()
  File "/home/scook/institutional_data_analytics/admitted_matriculation_projection/admitted_matriculation_predictor/src/LiveAMP.py", line 379, in func
    clf.summary = self.summarize(clf)
                  ^^^^^^^^^^^^^^^^^^^
  File "/home/scook/institutional_data_analytics/admitted_matriculation_projection/admitted_matriculation_predictor/src/LiveAMP.py", line 391, in summarize
    S = clf.Y.groupby(['crse_code','levl_code','styp_code','train_code','pred_code','trf_hash','imp_hash','clf_hash','sim']).apply(lambda y: pd.Series({
        ^^^^^^^^^^^^^^^^^^^^^^^^^^^^^^^^^^^^^^^^^^^^^^^^^^^^^^^^^^^^^^^^^^^^^^^^^^^^^^^^^^^^^^^^^^^^^^^^^^^^^^^^^^^^^^^^^^^^^^^^^^^^^^^^^^^^^^^^^^^^^^^^
  File "/home/scook/miniconda3/envs/my3.11/lib/python3.11/site-packages/pandas/core/groupby/groupby.py", line 1824, in apply
    result = self._python_apply_general(f, self._selected_obj)
             ^^^^^^^^^^^^^^^^^^^^^^^^^^^^^^^^^^^^^^^^^^^^^^^^^
  File "/home/scook/miniconda3/envs/my3.11/lib/python3.11/site-packages/pandas/core/groupby/groupby.py", line 1885, in _python_apply_general
    values, mutated = self._grouper.apply_groupwise(f, data, self.axis)
                      ^^^^^^^^^^^^^^^^^^^^^^^^^^^^^^^^^^^^^^^^^^^^^^^^^
  File "/home/scook/miniconda3/envs/my3.11/lib/python3.11/site-packages/pandas/core/groupby/ops.py", line 919, in apply_groupwise
    res = f(group)
          ^^^^^^^^
  File "/home/scook/institutional_data_analytics/admitted_matriculation_projection/admitted_matriculation_predictor/src/LiveAMP.py", line 396, in <lambda>
    'test_score': log_loss(y['actual'], y['proba'], sample_weight=1+(2*y['actual']-1)*clf.weight) * 100,
                  ^^^^^^^^^^^^^^^^^^^^^^^^^^^^^^^^^^^^^^^^^^^^^^^^^^^^^^^^^^^^^^^^^^^^^^^^^^^^^^^
  File "/home/scook/miniconda3/envs/my3.11/lib/python3.11/site-packages/sklearn/utils/_param_validation.py", line 213, in wrapper
    return func(*args, **kwargs)
           ^^^^^^^^^^^^^^^^^^^^^
  File "/home/scook/miniconda3/envs/my3.11/lib/python3.11/site-packages/sklearn/metrics/_classification.py", line 2929, in log_loss
    raise ValueError(
ValueError: y_true contains only one label (False). Please provide the true labels explicitly through the labels argument.
2024-05-04 09:49:47.486497
creating Y/n/ansc1319/202308/fa15/1bfb/aa8b.pkl: 
0 0.0017675092642126522 0.17675092642126522
-0.0017675092642126522 -0.0003046777961701608 0.030467779617016078
-0.0014628314680424914 0.0006590706134055324 0.06590706134055324
-0.002121902081448024 0.004453048387319747 0.4453048387319747
-0.006574950468767771 -0.002786089192075125 0.2786089192075125
-0.0037888612766926455 0.005237720824323944 0.5237720824323944
-0.00902658210101659 -0.006696456678017326 0.6696456678017326
-0.002330125422999263 -0.0016242553228753565 0.16242553228753565
-0.0007058701001239065 0.0006623031135288837 0.06623031135288837
2024-05-04 09:52:46.845758
creating Y/n/ansc1319/202308/fa15/1bfb/aa8b.pkl: 
0 0.0017675092642126522 0.17675092642126522
-0.0008837546321063261 0.0004787922944704537 0.04787922944704537
-0.001123150779341553 0.003025331242210383 0.3025331242210383
-0.0026358164004467444 -0.0019030717514605389 0.1903071751460539
-0.001684280524716475 0.005673750540289735 0.5673750540289735
-0.004521155794861342 -0.0033344071787287932 0.3334407178728793
-0.0028539522054969457 -0.0007225073789818293 0.07225073789818293
-0.002492698516006031 0.003981770733684664 0.3981770733684664
-0.004483583882848363 -0.003335613230769141 0.3335613230769141
-0.0028157772674637926 0.0012120797871033595 0.12120797871033595
-0.0034218171610154724 -0.0036294725206162948 0.3629472520616295
-0.001607080900707325 -0.00016591242568542164 0.016591242568542164
-0.001607080900707325 0.016591242568542164
Elapsed time: 216.0935 seconds
Traceback (most recent call last):
  File "/home/scook/institutional_data_analytics/admitted_matriculation_projection/admitted_matriculation_predictor/src/LiveAMP.py", line 546, in <module>
    run_amp(136)
  File "/home/scook/institutional_data_analytics/admitted_matriculation_projection/admitted_matriculation_predictor/src/LiveAMP.py", line 532, in run_amp
    self.get_Y()
  File "/home/scook/institutional_data_analytics/admitted_matriculation_projection/admitted_matriculation_predictor/src/LiveAMP.py", line 385, in get_Y
    return self.get(func, f"Y/{self.styp_code}/{self.crse_code}/{self.train_code}/{self.param['trf'][0]}/{self.param['imp'][0]}/{self.param['clf'][0]}.pkl", "X_proc")
           ^^^^^^^^^^^^^^^^^^^^^^^^^^^^^^^^^^^^^^^^^^^^^^^^^^^^^^^^^^^^^^^^^^^^^^^^^^^^^^^^^^^^^^^^^^^^^^^^^^^^^^^^^^^^^^^^^^^^^^^^^^^^^^^^^^^^^^^^^^^^^^^^^^^^^^^^^^^
  File "/home/scook/institutional_data_analytics/admitted_matriculation_projection/admitted_matriculation_predictor/src/setup.py", line 327, in get
    func()
  File "/home/scook/institutional_data_analytics/admitted_matriculation_projection/admitted_matriculation_predictor/src/LiveAMP.py", line 377, in func
    clf.summary = self.summarize(clf)
                  ^^^^^^^^^^^^^^^^^^^
  File "/home/scook/institutional_data_analytics/admitted_matriculation_projection/admitted_matriculation_predictor/src/LiveAMP.py", line 389, in summarize
    S = clf.Y.groupby(['crse_code','levl_code','styp_code','train_code','pred_code','trf_hash','imp_hash','clf_hash','sim']).apply(lambda y: pd.Series({
        ^^^^^^^^^^^^^^^^^^^^^^^^^^^^^^^^^^^^^^^^^^^^^^^^^^^^^^^^^^^^^^^^^^^^^^^^^^^^^^^^^^^^^^^^^^^^^^^^^^^^^^^^^^^^^^^^^^^^^^^^^^^^^^^^^^^^^^^^^^^^^^^^
  File "/home/scook/miniconda3/envs/my3.11/lib/python3.11/site-packages/pandas/core/groupby/groupby.py", line 1824, in apply
    result = self._python_apply_general(f, self._selected_obj)
             ^^^^^^^^^^^^^^^^^^^^^^^^^^^^^^^^^^^^^^^^^^^^^^^^^
  File "/home/scook/miniconda3/envs/my3.11/lib/python3.11/site-packages/pandas/core/groupby/groupby.py", line 1885, in _python_apply_general
    values, mutated = self._grouper.apply_groupwise(f, data, self.axis)
                      ^^^^^^^^^^^^^^^^^^^^^^^^^^^^^^^^^^^^^^^^^^^^^^^^^
  File "/home/scook/miniconda3/envs/my3.11/lib/python3.11/site-packages/pandas/core/groupby/ops.py", line 919, in apply_groupwise
    res = f(group)
          ^^^^^^^^
  File "/home/scook/institutional_data_analytics/admitted_matriculation_projection/admitted_matriculation_predictor/src/LiveAMP.py", line 394, in <lambda>
    'test_score': log_loss(y['actual'], y['proba'], sample_weight=1+(2*y['actual']-1)*clf.weight) * 100,
                  ^^^^^^^^^^^^^^^^^^^^^^^^^^^^^^^^^^^^^^^^^^^^^^^^^^^^^^^^^^^^^^^^^^^^^^^^^^^^^^^
  File "/home/scook/miniconda3/envs/my3.11/lib/python3.11/site-packages/sklearn/utils/_param_validation.py", line 213, in wrapper
    return func(*args, **kwargs)
           ^^^^^^^^^^^^^^^^^^^^^
  File "/home/scook/miniconda3/envs/my3.11/lib/python3.11/site-packages/sklearn/metrics/_classification.py", line 2929, in log_loss
    raise ValueError(
ValueError: y_true contains only one label (False). Please provide the true labels explicitly through the labels argument.
2024-05-04 10:02:42.480722
creating Y/n/ansc1319/202308/fa15/1bfb/aa8b.pkl: 
0 0.0017675092642126522 0.17675092642126522
-0.0008837546321063261 0.0004787922944704537 0.04787922944704537
-0.001123150779341553 0.003025331242210383 0.3025331242210383
-0.0026358164004467444 -0.0019030717514605389 0.1903071751460539
-0.001684280524716475 0.005673750540289735 0.5673750540289735
-0.004521155794861342 -0.0033344071787287932 0.3334407178728793
-0.0028539522054969457 -0.0007225073789818293 0.07225073789818293
-0.002492698516006031 0.003981770733684664 0.3981770733684664
-0.004483583882848363 -0.003335613230769141 0.3335613230769141
-0.0028157772674637926 0.0012120797871033595 0.12120797871033595
-0.0034218171610154724 -0.0036294725206162948 0.3629472520616295
-0.001607080900707325 -0.00016591242568542164 0.016591242568542164
-0.001607080900707325 0.016591242568542164
+----+-------------+-------------+-------------+--------------+-------------+------------+------------+------------+---------------------+-----------------+---------------------+---------------------+-------------------+--------------------+--------------+---------------+
|    | crse_code   | levl_code   | styp_code   |   train_code |   pred_code | trf_hash   | imp_hash   | clf_hash   | 202408_projection   |   overall_score | error_pct           | error               | predicted         | actual             |   test_score |   train_score |
|----+-------------+-------------+-------------+--------------+-------------+------------+------------+------------+---------------------+-----------------+---------------------+---------------------+-------------------+--------------------+--------------+---------------|
|  0 | ansc1319    | ug          | n           |       202308 |      202108 | fa15       | 1bfb       | aa8b       | <NA>                |         6.35212 | <NA>                | <NA>                | <NA>              | <NA>               |      5.08834 |       7.62266 |
|  1 | ansc1319    | ug          | n           |       202308 |      202208 | fa15       | 1bfb       | aa8b       | <NA>                |         6.40002 | <NA>                | <NA>                | <NA>              | <NA>               |      5.19189 |       7.62266 |
|  2 | ansc1319    | ug          | n           |       202308 |      202308 | fa15       | 1bfb       | aa8b       | 360.598148915005    |         7.2162  | 0.04046065283156382 | 0.15051362853341743 | 372.1505136285335 | 372.00000000000006 |      6.80028 |       7.62266 |
+----+-------------+-------------+-------------+--------------+-------------+------------+------------+------------+---------------------+-----------------+---------------------+---------------------+-------------------+--------------------+--------------+---------------+
Elapsed time: 488.2359 seconds
creating Y/n/arts1301/202108/fa15/1bfb/aa8b.pkl: 
2024-05-04 10:11:20.114892
creating Y/n/arts1301/202108/fa15/1bfb/aa8b.pkl: 
0 -0.5149330589818452 51.493305898184516
0.2574665294909226 -0.19708949584432975 59.25559265161139
0.35601127741308747 -0.11537464083393038 64.92990370553848
0.41369859783005264 0.09570237989147994 72.87019092585858
0.3658474078843127 -0.09136348895317248 65.29097168240159
0.41152915236089893 0.04397876446063709 70.05606431227464
0.3895397701305804 0.5307778014817529 86.14597553828789
0.12415086938970393 -0.2631876542030249 57.48332598282752
0.2557446964912164 -0.2093645319823355 59.0745403700585
0.36042696248238415 -0.1709255638199908 65.75218913815894
0.44588974439237955 0.09461500080899676 70.18631849093771
0.39858224398788117 0.034801268452977596 67.71601507624383
0 51.493305898184516
+----+-------------+-------------+-------------+--------------+-------------+------------+------------+------------+---------------------+-----------------+-------------+-----------+-------------+----------+--------------+---------------+
|    | crse_code   | levl_code   | styp_code   |   train_code |   pred_code | trf_hash   | imp_hash   | clf_hash   |   202408_projection |   overall_score |   error_pct |     error |   predicted |   actual |   test_score |   train_score |
|----+-------------+-------------+-------------+--------------+-------------+------------+------------+------------+---------------------+-----------------+-------------+-----------+-------------+----------+--------------+---------------|
|  0 | arts1301    | ug          | n           |       202108 |      202108 | fa15       | 1bfb       | aa8b       |             25.493  |         1.16301 |    -3.20617 |  -0.57711 |     17.4229 |       18 |     0.839445 |       1.49094 |
|  1 | arts1301    | ug          | n           |       202108 |      202208 | fa15       | 1bfb       | aa8b       |             21.8949 |         2.74098 |   -70.7308  | -31.1215  |     12.8785 |       44 |     4.00535  |       1.49094 |
|  2 | arts1301    | ug          | n           |       202108 |      202308 | fa15       | 1bfb       | aa8b       |             18.7525 |         5.41056 |   -85.7577  | -94.3334  |     15.6666 |      110 |     9.33454  |       1.49094 |
+----+-------------+-------------+-------------+--------------+-------------+------------+------------+------------+---------------------+-----------------+-------------+-----------+-------------+----------+--------------+---------------+
Elapsed time: 491.1523 seconds
creating Y/n/arts1301/202208/fa15/1bfb/aa8b.pkl: 
2024-05-04 10:19:53.119201
creating Y/n/arts1301/202208/fa15/1bfb/aa8b.pkl: 
0 38.76802382480559 68.67190899507106
-0.19384011912402796 -15.252251216862112 42.268949515273164
-0.1175788630397174 -9.744168326569602 47.862892660503896
-0.06885802140686939 22.81117521882139 59.83535531322243
-0.18291389750097634 -19.51345513021856 45.60137744654969
-0.08534662184988354 42.332056734382675 68.62133492961078
2024-05-04 10:21:44.591182
creating Y/n/arts1301/202208/fa15/1bfb/aa8b.pkl: 
0 38.76802382480559 68.67190899507106
-0.19384011912402796 -29.616895429516017 50.27913663849469
-0.04575564197644788 1.900612281420792 50.770673494570794
-0.05525870338355184 46.06747126078104 79.08891070712437
-0.28559605968745705 -27.900949716137085 55.714958267634096
-0.14609131110677162 4.3796882752762025 49.55745099130033
-0.16798975248315262 4.634086407876134 59.673033499600834
-0.19116018452253328 7.951683260228688 49.59663428221422
-0.2309186008236767 -0.7546704600844871 43.52058746474987
-0.22714524852325427 -8.62146904175967 45.83993460228151
-0.1840379033144559 -8.787716292369659 49.3224102445178
-0.14009932185260762 -9.261466785187222 52.363198740958374
-0.2309186008236767 43.52058746474987
+----+-------------+-------------+-------------+--------------+-------------+------------+------------+------------+---------------------+-----------------+-------------+-----------+-------------+----------+--------------+---------------+-----------+
|    | crse_code   | levl_code   | styp_code   |   train_code |   pred_code | trf_hash   | imp_hash   | clf_hash   |   202408_projection |   overall_score |   error_pct |     error |   predicted |   actual |   test_score |   train_score |    weight |
|----+-------------+-------------+-------------+--------------+-------------+------------+------------+------------+---------------------+-----------------+-------------+-----------+-------------+----------+--------------+---------------+-----------|
|  0 | arts1301    | ug          | n           |       202208 |      202108 | fa15       | 1bfb       | aa8b       |             75.2318 |         1.51639 |     37.1506 |   6.68711 |     24.6871 |       18 |      1.0986  |       1.92249 | -0.230919 |
|  1 | arts1301    | ug          | n           |       202208 |      202208 | fa15       | 1bfb       | aa8b       |             64.6135 |         1.65454 |    -27.2123 | -11.9734  |     32.0266 |       44 |      1.43052 |       1.92249 | -0.230919 |
|  2 | arts1301    | ug          | n           |       202208 |      202308 | fa15       | 1bfb       | aa8b       |             55.3403 |         3.19762 |    -63.8084 | -70.1893  |     39.8107 |      110 |      4.48158 |       1.92249 | -0.230919 |
+----+-------------+-------------+-------------+--------------+-------------+------------+------------+------------+---------------------+-----------------+-------------+-----------+-------------+----------+--------------+---------------+-----------+
Elapsed time: 496.7580 seconds
creating Y/n/arts1301/202308/fa15/1bfb/aa8b.pkl: 
0 124.26831925204588 124.26831925204588
-0.6213415962602294 -35.44594968780411 35.44594968780411
-0.44411184782120894 -1.715708474738568 42.235361224789614
-0.4355333054475161 0.3949384102610957 42.13503048262109
-0.4375079974988216 1.8789339787604924 41.6506640668122
-0.446902667392624 0.1364110125375036 42.301325065332236
-0.44758472245531156 -1.913440505327339 41.76067929975016
-0.4380175199286749 0.7562688363307313 41.31205199920725
-0.44179886411032854 -1.0598490372663214 41.06178311410435
-0.4364996189239969 0.06114527900653958 42.67481522066361
-0.4368053453190296 3.5064402657987936 41.31787081334113
-0.45433754664802356 -0.6629402596005047 40.586593874994854
-0.6213415962602294 35.44594968780411
+----+-------------+-------------+-------------+--------------+-------------+------------+------------+------------+---------------------+-----------------+-------------+------------+-------------+----------+--------------+---------------+-----------+
|    | crse_code   | levl_code   | styp_code   |   train_code |   pred_code | trf_hash   | imp_hash   | clf_hash   |   202408_projection |   overall_score |   error_pct |      error |   predicted |   actual |   test_score |   train_score |    weight |
|----+-------------+-------------+-------------+--------------+-------------+------------+------------+------------+---------------------+-----------------+-------------+------------+-------------+----------+--------------+---------------+-----------|
|  0 | arts1301    | ug          | n           |       202308 |      202108 | fa15       | 1bfb       | aa8b       |             90.6655 |         1.03405 |    -1.31584 |  -0.236852 |     17.7631 |       18 |     0.517899 |        1.5491 | -0.621342 |
|  1 | arts1301    | ug          | n           |       202308 |      202208 | fa15       | 1bfb       | aa8b       |             77.8689 |         1.23134 |   -42.8303  | -18.8453   |     25.1547 |       44 |     0.915101 |        1.5491 | -0.621342 |
|  2 | arts1301    | ug          | n           |       202308 |      202308 | fa15       | 1bfb       | aa8b       |             66.6933 |         1.50386 |   -54.6668  | -60.1335   |     49.8665 |      110 |     1.45038  |        1.5491 | -0.621342 |
+----+-------------+-------------+-------------+--------------+-------------+------------+------------+------------+---------------------+-----------------+-------------+------------+-------------+----------+--------------+---------------+-----------+
Elapsed time: 490.6664 seconds
creating Y/n/arts1303/202108/fa15/1bfb/aa8b.pkl: Elapsed time: 3.8771 seconds
creating Y/n/arts1303/202208/fa15/1bfb/aa8b.pkl: Elapsed time: 3.7669 seconds
creating Y/n/arts1303/202308/fa15/1bfb/aa8b.pkl: 
0 38.037349076298945 39.820372040508786
-0.19018674538149472 14.30539331938091 24.912460226761667
-0.26171371197839927 -11.334202777572548 16.09054746683578
-0.20504269809053652 -48.99660062371638 48.99660062371638
0.03994030502804541 43.64362382052238 43.64362382052238
-0.17827781407456647 37.5734561165731 52.71201072264602
-0.36614509465743195 8.420997673585767 44.403841728587665
-0.40825008302536075 8.864470337822643 47.47889170429311
-0.45257243471447395 -7.490852944443797 33.61713980265928
-0.415118169992255 21.935736679597962 61.1272604409257
-0.5247968533902447 -22.36948987102718 29.351677371855306
-0.4129494040351088 21.722472241782633 60.930208312317816
-0.26171371197839927 16.09054746683578
+----+-------------+-------------+-------------+--------------+-------------+------------+------------+------------+---------------------+-----------------+-------------+----------+-------------+----------+--------------+---------------+-----------+
|    | crse_code   | levl_code   | styp_code   |   train_code |   pred_code | trf_hash   | imp_hash   | clf_hash   |   202408_projection |   overall_score |   error_pct |    error |   predicted |   actual |   test_score |   train_score |    weight |
|----+-------------+-------------+-------------+--------------+-------------+------------+------------+------------+---------------------+-----------------+-------------+----------+-------------+----------+--------------+---------------+-----------|
|  0 | arts1303    | ug          | n           |       202308 |      202108 | fa15       | 1bfb       | aa8b       |             17.064  |        0.518892 |     76.426  |  2.29278 |     5.29278 |        3 |     0.2324   |       0.80027 | -0.261714 |
|  1 | arts1303    | ug          | n           |       202308 |      202208 | fa15       | 1bfb       | aa8b       |             23.8896 |        0.604733 |     16.7015 |  1.16911 |     8.16911 |        7 |     0.399788 |       0.80027 | -0.261714 |
|  2 | arts1303    | ug          | n           |       202308 |      202308 | fa15       | 1bfb       | aa8b       |             17.9621 |        0.519445 |    -14.0661 | -2.81321 |    17.1868  |       20 |     0.220636 |       0.80027 | -0.261714 |
+----+-------------+-------------+-------------+--------------+-------------+------------+------------+------------+---------------------+-----------------+-------------+----------+-------------+----------+--------------+---------------+-----------+
Elapsed time: 500.2797 seconds
creating Y/n/biol1407/202108/fa15/1bfb/aa8b.pkl: 
0 20.690752680249854 21.835685469693324
-0.10345376340124927 -11.150755331572675 12.326854991109688
-0.0476999867433859 40.095175422105434 40.095175422105434
-0.24817586385391308 -21.88048163376858 21.88048163376858
-0.13877345568507019 -12.946775917444539 16.58338733005785
-0.07403957609784749 1.159991210956405 11.27363896243735
-0.07983953215262951 1.9089354122754514 18.57644098528759
-0.08938420921400676 8.299324737610418 19.051505757789887
2024-05-04 10:49:45.992844
creating Y/n/arts1303/202108/fa15/1bfb/aa8b.pkl: Elapsed time: 3.6254 seconds
creating Y/n/arts1303/202208/fa15/1bfb/aa8b.pkl: Elapsed time: 3.6338 seconds
creating Y/n/arts1303/202308/fa15/1bfb/aa8b.pkl: 
0 150.4416799817623 150.4416799817623
2024-05-04 10:50:39.023215
creating Y/n/ansc1319/202108/fa15/1bfb/aa8b.pkl: Elapsed time: 3.9662 seconds
creating Y/n/ansc1319/202208/fa15/1bfb/aa8b.pkl: Elapsed time: 3.6182 seconds
creating Y/n/ansc1319/202308/fa15/1bfb/aa8b.pkl: 
0 0.8287632000924194 0.8287632000924194
2024-05-04 10:52:00.229641
creating Y/n/ansc1319/202108/fa15/1bfb/aa8b.pkl: Elapsed time: 5.5307 seconds
creating Y/n/ansc1319/202208/fa15/1bfb/aa8b.pkl: Elapsed time: 4.7172 seconds
creating Y/n/ansc1319/202308/fa15/1bfb/aa8b.pkl: 
0 inf inf
-1.0 inf inf
2024-05-04 10:53:14.353331
creating Y/n/ansc1319/202108/fa15/1bfb/aa8b.pkl: Elapsed time: 5.5810 seconds
creating Y/n/ansc1319/202208/fa15/1bfb/aa8b.pkl: Elapsed time: 5.4731 seconds
creating Y/n/ansc1319/202308/fa15/1bfb/aa8b.pkl: 
0 0.8287632000924194 0.8287632000924194
-0.004143816000462097 -0.3074316977639713 0.3074316977639713
-0.002606657511642241 0.11787083226431072 0.11787083226431072
-0.0031960116729637944 0.5225467360870484 0.5225467360870484
-0.005808745353399036 0.07570006287078712 0.07570006287078712
-0.006187245667752972 0.24216820661642213 0.24216820661642213
-0.007398086700835083 -0.0627220056145461 0.0627220056145461
2024-05-04 10:55:32.931001
creating Y/n/ansc1319/202108/fa15/1bfb/aa8b.pkl: Elapsed time: 0.0905 seconds
creating Y/n/ansc1319/202208/fa15/1bfb/aa8b.pkl: Elapsed time: 0.0888 seconds
creating Y/n/ansc1319/202308/fa15/1bfb/aa8b.pkl: 
0 0.8287632000924194 0.8287632000924194
-0.004143816000462097 -0.1990132175586301 0.1990132175586301
-0.0031487499126689467 -0.07576507904415442 0.07576507904415442
-0.0027699245174481746 0.5620004445074489 0.5620004445074489
-0.005579926739985419 0.09685445519349578 0.09685445519349578
-0.006064199015952898 0.25353934023983893 0.25353934023983893
-0.007331895717152093 -0.05661257023016342 0.05661257023016342
-0.0070488328660012756 -0.5505672815643625 0.5505672815643625
-0.004295996458179463 -0.2920761643693037 0.2920761643693037
-0.0028356156363329443 0.45033965351579663 0.45033965351579663
-0.0050873139039119275 0.2843519555899565 0.2843519555899565
-0.00650907368186171 -0.43752320705728875 0.43752320705728875
-0.007331895717152093 0.05661257023016342
+----+-------------+-------------+-------------+--------------+-------------+------------+------------+------------+---------------------+-----------------+---------------------+---------------------+-------------------+--------------------+--------------+---------------+------------+
|    | crse_code   | levl_code   | styp_code   |   train_code |   pred_code | trf_hash   | imp_hash   | clf_hash   | 202408_projection   |   overall_score | error_pct           | error               | predicted         | actual             |   test_score |   train_score |     weight |
|----+-------------+-------------+-------------+--------------+-------------+------------+------------+------------+---------------------+-----------------+---------------------+---------------------+-------------------+--------------------+--------------+---------------+------------|
|  0 | ansc1319    | ug          | n           |       202308 |      202108 | fa15       | 1bfb       | aa8b       | <NA>                |         6.33349 | <NA>                | <NA>                | <NA>              | <NA>               |      5.05179 |       7.63585 | -0.0073319 |
|  1 | ansc1319    | ug          | n           |       202308 |      202208 | fa15       | 1bfb       | aa8b       | <NA>                |         6.38073 | <NA>                | <NA>                | <NA>              | <NA>               |      5.10196 |       7.63585 | -0.0073319 |
|  2 | ansc1319    | ug          | n           |       202308 |      202308 | fa15       | 1bfb       | aa8b       | 351.0575448302477   |         7.09406 | -0.5523578450382374 | -2.0547711835422433 | 369.9452288164578 | 372.00000000000006 |      6.61477 |       7.63585 | -0.0073319 |
+----+-------------+-------------+-------------+--------------+-------------+------------+------------+------------+---------------------+-----------------+---------------------+---------------------+-------------------+--------------------+--------------+---------------+------------+
Elapsed time: 497.0949 seconds
creating Y/n/arts1303/202108/fa15/1bfb/aa8b.pkl: Elapsed time: 0.1213 seconds
creating Y/n/arts1303/202208/fa15/1bfb/aa8b.pkl: Elapsed time: 0.1137 seconds
creating Y/n/arts1303/202308/fa15/1bfb/aa8b.pkl: 
0 1.164888080797688 1.164888080797688
-0.00582444040398844 0.15994555078489014 0.15994555078489014
-0.006624168157912891 82.448316875257 82.448316875257
-0.4188657525341979 -59.85795568923151 59.85795568923151
-0.11957597408804033 4.1615536338404535 4.1615536338404535
-0.1403837422572426 -16.517930281789685 16.517930281789685
-0.05779409084829418 5.192495647229656 5.192495647229656
-0.08375656908444246 -13.450514448065276 13.450514448065276
-0.016503996844116076 -0.3018931338661601 0.3018931338661601
-0.014994531174785275 47.615452816611835 47.615452816611835
-0.25307179525784446 -11.17240140667689 11.17240140667689
-0.19720978822446 -15.782055101896585 15.782055101896585
-0.00582444040398844 0.15994555078489014
+----+-------------+-------------+-------------+--------------+-------------+------------+------------+------------+---------------------+-----------------+-------------+---------+-------------+----------+--------------+---------------+-------------+
|    | crse_code   | levl_code   | styp_code   |   train_code |   pred_code | trf_hash   | imp_hash   | clf_hash   |   202408_projection |   overall_score |   error_pct |   error |   predicted |   actual |   test_score |   train_score |      weight |
|----+-------------+-------------+-------------+--------------+-------------+------------+------------+------------+---------------------+-----------------+-------------+---------+-------------+----------+--------------+---------------+-------------|
|  0 | arts1303    | ug          | n           |       202308 |      202108 | fa15       | 1bfb       | aa8b       |             23.9522 |        0.783548 |    151.852  | 4.55555 |     7.55555 |        3 |     0.364953 |       1.20214 | -0.00582444 |
|  1 | arts1303    | ug          | n           |       202308 |      202208 | fa15       | 1bfb       | aa8b       |             33.5331 |        0.911152 |     67.2558 | 4.7079  |    11.7079  |        7 |     0.620162 |       1.20214 | -0.00582444 |
|  2 | arts1303    | ug          | n           |       202308 |      202308 | fa15       | 1bfb       | aa8b       |             25.2128 |        0.866232 |     15.8975 | 3.17949 |    23.1795  |       20 |     0.582173 |       1.20214 | -0.00582444 |
+----+-------------+-------------+-------------+--------------+-------------+------------+------------+------------+---------------------+-----------------+-------------+---------+-------------+----------+--------------+---------------+-------------+
Elapsed time: 498.3775 seconds
creating Y/n/biol1407/202108/fa15/1bfb/aa8b.pkl: 
0 20.690752680249854 21.835685469693324
-0.10345376340124927 2.2735293095093034 16.235646625621523
-0.11482140994879579 -4.712726724804503 18.608307540138455
-0.09125777632477328 6.292765881267903 17.770040207281177
-0.12272160573111279 -3.092942471237481 16.471359735629594
-0.10725689337492539 0.4616629427078041 17.114843427158284
-0.10956520808846441 -0.18638773868561165 16.58199537715189
-0.10863326939503636 0.46631008970971316 16.864727244657633
-0.11096481984358492 3.049615773043231 14.54917087686782
-0.12621289870880106 -5.168209259289251 19.217600811383992
-0.10037185241235481 1.204294039578746 19.846801257467142
-0.10639332261024854 3.22063542387796 14.887035186577688
-0.11096481984358492 14.54917087686782
