2024-05-16 20:05:58.297062
creating terms.pkl: 
Elapsed time: 13.3381 seconds
creating X.pkl: Elapsed time: 5.9270 seconds
creating X_proc/n/fa15/77d7.pkl: Elapsed time: 493.1013 seconds
creating Y/n/univ0342/fa15/77d7/b66c.pkl: ...202108...202208...202308...202408Elapsed time: 460.4384 seconds
creating rslt_crse_code/n/univ0342/fa15/77d7/b66c.pkl: Elapsed time: 8.0204 seconds
creating Y/n/univ0332/fa15/77d7/b66c.pkl: ...202108...202208...202308...202408Elapsed time: 306.1590 seconds
creating rslt_crse_code/n/univ0332/fa15/77d7/b66c.pkl: Elapsed time: 8.1679 seconds
creating Y/n/univ0324/fa15/77d7/b66c.pkl: ...202108...202208...202308...202408Elapsed time: 456.9178 seconds
creating rslt_crse_code/n/univ0324/fa15/77d7/b66c.pkl: Elapsed time: 8.1138 seconds
creating Y/n/univ0314/fa15/77d7/b66c.pkl: ...202108...202208...202308...202408Elapsed time: 458.0931 seconds
creating rslt_crse_code/n/univ0314/fa15/77d7/b66c.pkl: Elapsed time: 8.0722 seconds
creating Y/n/univ0301/fa15/77d7/b66c.pkl: ...202108...202208...202308...202408Elapsed time: 606.8869 seconds
creating rslt_crse_code/n/univ0301/fa15/77d7/b66c.pkl: Elapsed time: 7.7472 seconds
creating Y/n/univ0204/fa15/77d7/b66c.pkl: ...202108...202208...202308...202408Elapsed time: 608.4214 seconds
creating rslt_crse_code/n/univ0204/fa15/77d7/b66c.pkl: Elapsed time: 7.7289 seconds
creating Y/n/univ0200/fa15/77d7/b66c.pkl: ...202108...202208...202308...202408Elapsed time: 609.8865 seconds
creating rslt_crse_code/n/univ0200/fa15/77d7/b66c.pkl: Elapsed time: 7.7914 seconds
creating Y/n/soci2303/fa15/77d7/b66c.pkl: ...202108...202208...202308...202408Elapsed time: 457.7704 seconds
creating rslt_crse_code/n/soci2303/fa15/77d7/b66c.pkl: Elapsed time: 7.9436 seconds
creating Y/n/soci1306/fa15/77d7/b66c.pkl: ...202108...202208...202308...202408Elapsed time: 607.4104 seconds
creating rslt_crse_code/n/soci1306/fa15/77d7/b66c.pkl: Elapsed time: 7.8849 seconds
creating Y/n/soci1301/fa15/77d7/b66c.pkl: ...202108...202208...202308...202408Elapsed time: 607.5119 seconds
creating rslt_crse_code/n/soci1301/fa15/77d7/b66c.pkl: Elapsed time: 8.1973 seconds
creating Y/n/psyc2301/fa15/77d7/b66c.pkl: ...202108...202208...202308...202408Elapsed time: 607.7116 seconds
creating rslt_crse_code/n/psyc2301/fa15/77d7/b66c.pkl: Elapsed time: 7.8502 seconds
creating Y/n/phys2426/fa15/77d7/b66c.pkl: ...202108...202208...202308...202408Elapsed time: 3.1710 seconds
creating rslt_crse_code/n/phys2426/fa15/77d7/b66c.pkl: /home/scook/institutional_data_analytics/admitted_matriculation_projection/admitted_matriculation_predictor/src/LiveAMP.py:399: FutureWarning: Downcasting object dtype arrays on .fillna, .ffill, .bfill is deprecated and will change in a future version. Call result.infer_objects(copy=False) instead. To opt-in to the future behavior, set `pd.set_option('future.no_silent_downcasting', True)`
  ).prep().fillna(0)
Elapsed time: 7.7252 seconds
creating Y/n/phys2425/fa15/77d7/b66c.pkl: ...202108...202208...202308...202408Elapsed time: 607.0854 seconds
creating rslt_crse_code/n/phys2425/fa15/77d7/b66c.pkl: Elapsed time: 7.8555 seconds
creating Y/n/phys1411/fa15/77d7/b66c.pkl: ...202108...202208...202308...202408Elapsed time: 2.7137 seconds
creating rslt_crse_code/n/phys1411/fa15/77d7/b66c.pkl: /home/scook/institutional_data_analytics/admitted_matriculation_projection/admitted_matriculation_predictor/src/LiveAMP.py:399: FutureWarning: Downcasting object dtype arrays on .fillna, .ffill, .bfill is deprecated and will change in a future version. Call result.infer_objects(copy=False) instead. To opt-in to the future behavior, set `pd.set_option('future.no_silent_downcasting', True)`
  ).prep().fillna(0)
Elapsed time: 7.6962 seconds
creating Y/n/phys1410/fa15/77d7/b66c.pkl: ...202108...202208...202308...202408Elapsed time: 2.6522 seconds
creating rslt_crse_code/n/phys1410/fa15/77d7/b66c.pkl: /home/scook/institutional_data_analytics/admitted_matriculation_projection/admitted_matriculation_predictor/src/LiveAMP.py:399: FutureWarning: Downcasting object dtype arrays on .fillna, .ffill, .bfill is deprecated and will change in a future version. Call result.infer_objects(copy=False) instead. To opt-in to the future behavior, set `pd.set_option('future.no_silent_downcasting', True)`
  ).prep().fillna(0)
Elapsed time: 7.6667 seconds
creating Y/n/phys1403/fa15/77d7/b66c.pkl: ...202108...202208...202308...202408Elapsed time: 2.7219 seconds
creating rslt_crse_code/n/phys1403/fa15/77d7/b66c.pkl: /home/scook/institutional_data_analytics/admitted_matriculation_projection/admitted_matriculation_predictor/src/LiveAMP.py:399: FutureWarning: Downcasting object dtype arrays on .fillna, .ffill, .bfill is deprecated and will change in a future version. Call result.infer_objects(copy=False) instead. To opt-in to the future behavior, set `pd.set_option('future.no_silent_downcasting', True)`
  ).prep().fillna(0)
Elapsed time: 7.6369 seconds
creating Y/n/phys1402/fa15/77d7/b66c.pkl: ...202108...202208...202308...202408Elapsed time: 3.3336 seconds
creating rslt_crse_code/n/phys1402/fa15/77d7/b66c.pkl: /home/scook/institutional_data_analytics/admitted_matriculation_projection/admitted_matriculation_predictor/src/LiveAMP.py:399: FutureWarning: Downcasting object dtype arrays on .fillna, .ffill, .bfill is deprecated and will change in a future version. Call result.infer_objects(copy=False) instead. To opt-in to the future behavior, set `pd.set_option('future.no_silent_downcasting', True)`
  ).prep().fillna(0)
Elapsed time: 7.7905 seconds
creating Y/n/phys1401/fa15/77d7/b66c.pkl: ...202108...202208...202308...202408Elapsed time: 458.4879 seconds
creating rslt_crse_code/n/phys1401/fa15/77d7/b66c.pkl: Elapsed time: 7.9506 seconds
creating Y/n/phys1302/fa15/77d7/b66c.pkl: ...202108...202208...202308...202408Elapsed time: 3.2399 seconds
creating rslt_crse_code/n/phys1302/fa15/77d7/b66c.pkl: /home/scook/institutional_data_analytics/admitted_matriculation_projection/admitted_matriculation_predictor/src/LiveAMP.py:399: FutureWarning: Downcasting object dtype arrays on .fillna, .ffill, .bfill is deprecated and will change in a future version. Call result.infer_objects(copy=False) instead. To opt-in to the future behavior, set `pd.set_option('future.no_silent_downcasting', True)`
  ).prep().fillna(0)
Elapsed time: 7.7148 seconds
creating Y/n/phil3301/fa15/77d7/b66c.pkl: ...202108...202208...202308...202408Elapsed time: 3.2290 seconds
creating rslt_crse_code/n/phil3301/fa15/77d7/b66c.pkl: /home/scook/institutional_data_analytics/admitted_matriculation_projection/admitted_matriculation_predictor/src/LiveAMP.py:399: FutureWarning: Downcasting object dtype arrays on .fillna, .ffill, .bfill is deprecated and will change in a future version. Call result.infer_objects(copy=False) instead. To opt-in to the future behavior, set `pd.set_option('future.no_silent_downcasting', True)`
  ).prep().fillna(0)
Elapsed time: 7.6653 seconds
creating Y/n/phil2303/fa15/77d7/b66c.pkl: ...202108...202208...202308...202408Elapsed time: 607.7871 seconds
creating rslt_crse_code/n/phil2303/fa15/77d7/b66c.pkl: Elapsed time: 7.8019 seconds
creating Y/n/phil1304/fa15/77d7/b66c.pkl: ...202108...202208...202308...202408Elapsed time: 3.2771 seconds
creating rslt_crse_code/n/phil1304/fa15/77d7/b66c.pkl: /home/scook/institutional_data_analytics/admitted_matriculation_projection/admitted_matriculation_predictor/src/LiveAMP.py:399: FutureWarning: Downcasting object dtype arrays on .fillna, .ffill, .bfill is deprecated and will change in a future version. Call result.infer_objects(copy=False) instead. To opt-in to the future behavior, set `pd.set_option('future.no_silent_downcasting', True)`
  ).prep().fillna(0)
Elapsed time: 7.6289 seconds
creating Y/n/phil1301/fa15/77d7/b66c.pkl: ...202108...202208...202308...202408Elapsed time: 608.3341 seconds
creating rslt_crse_code/n/phil1301/fa15/77d7/b66c.pkl: Elapsed time: 7.7231 seconds
creating Y/n/musi3325/fa15/77d7/b66c.pkl: ...202108...202208...202308...202408Elapsed time: 3.1923 seconds
creating rslt_crse_code/n/musi3325/fa15/77d7/b66c.pkl: /home/scook/institutional_data_analytics/admitted_matriculation_projection/admitted_matriculation_predictor/src/LiveAMP.py:399: FutureWarning: Downcasting object dtype arrays on .fillna, .ffill, .bfill is deprecated and will change in a future version. Call result.infer_objects(copy=False) instead. To opt-in to the future behavior, set `pd.set_option('future.no_silent_downcasting', True)`
  ).prep().fillna(0)
Elapsed time: 7.5951 seconds
creating Y/n/musi2350/fa15/77d7/b66c.pkl: ...202108...202208...202308...202408Elapsed time: 2.7228 seconds
creating rslt_crse_code/n/musi2350/fa15/77d7/b66c.pkl: /home/scook/institutional_data_analytics/admitted_matriculation_projection/admitted_matriculation_predictor/src/LiveAMP.py:399: FutureWarning: Downcasting object dtype arrays on .fillna, .ffill, .bfill is deprecated and will change in a future version. Call result.infer_objects(copy=False) instead. To opt-in to the future behavior, set `pd.set_option('future.no_silent_downcasting', True)`
  ).prep().fillna(0)
Elapsed time: 7.8509 seconds
creating Y/n/musi1311/fa15/77d7/b66c.pkl: ...202108...202208...202308...202408Elapsed time: 607.7246 seconds
creating rslt_crse_code/n/musi1311/fa15/77d7/b66c.pkl: Elapsed time: 7.9176 seconds
creating Y/n/musi1310/fa15/77d7/b66c.pkl: ...202108...202208...202308...202408Elapsed time: 607.4853 seconds
creating rslt_crse_code/n/musi1310/fa15/77d7/b66c.pkl: Elapsed time: 7.8852 seconds
creating Y/n/musi1303/fa15/77d7/b66c.pkl: ...202108...202208...202308...202408Elapsed time: 2.5887 seconds
creating rslt_crse_code/n/musi1303/fa15/77d7/b66c.pkl: /home/scook/institutional_data_analytics/admitted_matriculation_projection/admitted_matriculation_predictor/src/LiveAMP.py:399: FutureWarning: Downcasting object dtype arrays on .fillna, .ffill, .bfill is deprecated and will change in a future version. Call result.infer_objects(copy=False) instead. To opt-in to the future behavior, set `pd.set_option('future.no_silent_downcasting', True)`
  ).prep().fillna(0)
Elapsed time: 7.7870 seconds
creating Y/n/math2413/fa15/77d7/b66c.pkl: ...202108...202208...202308...202408Elapsed time: 611.8785 seconds
creating rslt_crse_code/n/math2413/fa15/77d7/b66c.pkl: Elapsed time: 7.9732 seconds
creating Y/n/math2412/fa15/77d7/b66c.pkl: ...202108...202208...202308...202408Elapsed time: 610.1162 seconds
creating rslt_crse_code/n/math2412/fa15/77d7/b66c.pkl: Elapsed time: 7.6928 seconds
creating Y/n/math1342/fa15/77d7/b66c.pkl: ...202108...202208...202308...202408Elapsed time: 608.0614 seconds
creating rslt_crse_code/n/math1342/fa15/77d7/b66c.pkl: Elapsed time: 7.6793 seconds
creating Y/n/math1332/fa15/77d7/b66c.pkl: ...202108...202208...202308...202408Elapsed time: 608.6359 seconds
creating rslt_crse_code/n/math1332/fa15/77d7/b66c.pkl: Elapsed time: 7.7858 seconds
creating Y/n/math1324/fa15/77d7/b66c.pkl: ...202108...202208...202308...202408Elapsed time: 607.2074 seconds
creating rslt_crse_code/n/math1324/fa15/77d7/b66c.pkl: Elapsed time: 7.8130 seconds
creating Y/n/math1316/fa15/77d7/b66c.pkl: ...202108...202208...202308...202408Elapsed time: 613.7620 seconds
creating rslt_crse_code/n/math1316/fa15/77d7/b66c.pkl: Elapsed time: 7.7978 seconds
creating Y/n/math1314/fa15/77d7/b66c.pkl: ...202108...202208...202308...202408Elapsed time: 620.3458 seconds
creating rslt_crse_code/n/math1314/fa15/77d7/b66c.pkl: Elapsed time: 7.8160 seconds
creating Y/n/kine2315/fa15/77d7/b66c.pkl: ...202108...202208...202308...202408Elapsed time: 307.8608 seconds
creating rslt_crse_code/n/kine2315/fa15/77d7/b66c.pkl: Elapsed time: 7.9613 seconds
creating Y/n/huma1315/fa15/77d7/b66c.pkl: ...202108...202208...202308...202408Elapsed time: 611.6608 seconds
creating rslt_crse_code/n/huma1315/fa15/77d7/b66c.pkl: Elapsed time: 7.7637 seconds
creating Y/n/hist2322/fa15/77d7/b66c.pkl: ...202108...202208...202308...202408Elapsed time: 606.7154 seconds
creating rslt_crse_code/n/hist2322/fa15/77d7/b66c.pkl: Elapsed time: 7.8887 seconds
creating Y/n/hist2321/fa15/77d7/b66c.pkl: ...202108...202208...202308...202408Elapsed time: 607.9213 seconds
creating rslt_crse_code/n/hist2321/fa15/77d7/b66c.pkl: Elapsed time: 7.7608 seconds
creating Y/n/hist1302/fa15/77d7/b66c.pkl: ...202108...202208...202308...202408Elapsed time: 607.2681 seconds
creating rslt_crse_code/n/hist1302/fa15/77d7/b66c.pkl: Elapsed time: 7.8680 seconds
creating Y/n/hist1301/fa15/77d7/b66c.pkl: ...202108...202208...202308...202408Elapsed time: 608.7061 seconds
creating rslt_crse_code/n/hist1301/fa15/77d7/b66c.pkl: Elapsed time: 7.6813 seconds
creating Y/n/govt2306/fa15/77d7/b66c.pkl: ...202108...202208...202308...202408Elapsed time: 608.4239 seconds
creating rslt_crse_code/n/govt2306/fa15/77d7/b66c.pkl: Elapsed time: 7.8454 seconds
creating Y/n/govt2305/fa15/77d7/b66c.pkl: ...202108...202208...202308...202408Elapsed time: 608.7014 seconds
creating rslt_crse_code/n/govt2305/fa15/77d7/b66c.pkl: Elapsed time: 7.7636 seconds
creating Y/n/geol1408/fa15/77d7/b66c.pkl: ...202108...202208...202308...202408Elapsed time: 607.2155 seconds
creating rslt_crse_code/n/geol1408/fa15/77d7/b66c.pkl: Elapsed time: 7.7994 seconds
creating Y/n/geol1407/fa15/77d7/b66c.pkl: ...202108...202208...202308...202408Elapsed time: 607.6221 seconds
creating rslt_crse_code/n/geol1407/fa15/77d7/b66c.pkl: Elapsed time: 7.8034 seconds
creating Y/n/geol1404/fa15/77d7/b66c.pkl: ...202108...202208...202308...202408Elapsed time: 607.1134 seconds
creating rslt_crse_code/n/geol1404/fa15/77d7/b66c.pkl: Elapsed time: 7.8033 seconds
creating Y/n/geol1403/fa15/77d7/b66c.pkl: ...202108...202208...202308...202408Elapsed time: 608.0700 seconds
creating rslt_crse_code/n/geol1403/fa15/77d7/b66c.pkl: Elapsed time: 7.6419 seconds
creating Y/n/geog2301/fa15/77d7/b66c.pkl: ...202108...202208...202308...202408Elapsed time: 2.9260 seconds
creating rslt_crse_code/n/geog2301/fa15/77d7/b66c.pkl: /home/scook/institutional_data_analytics/admitted_matriculation_projection/admitted_matriculation_predictor/src/LiveAMP.py:399: FutureWarning: Downcasting object dtype arrays on .fillna, .ffill, .bfill is deprecated and will change in a future version. Call result.infer_objects(copy=False) instead. To opt-in to the future behavior, set `pd.set_option('future.no_silent_downcasting', True)`
  ).prep().fillna(0)
Elapsed time: 7.6197 seconds
creating Y/n/geog1451/fa15/77d7/b66c.pkl: ...202108...202208...202308...202408Elapsed time: 305.6755 seconds
creating rslt_crse_code/n/geog1451/fa15/77d7/b66c.pkl: Elapsed time: 7.8864 seconds
creating Y/n/geog1320/fa15/77d7/b66c.pkl: ...202108...202208...202308...202408Elapsed time: 3.1974 seconds
creating rslt_crse_code/n/geog1320/fa15/77d7/b66c.pkl: /home/scook/institutional_data_analytics/admitted_matriculation_projection/admitted_matriculation_predictor/src/LiveAMP.py:399: FutureWarning: Downcasting object dtype arrays on .fillna, .ffill, .bfill is deprecated and will change in a future version. Call result.infer_objects(copy=False) instead. To opt-in to the future behavior, set `pd.set_option('future.no_silent_downcasting', True)`
  ).prep().fillna(0)
Elapsed time: 7.7646 seconds
creating Y/n/geog1303/fa15/77d7/b66c.pkl: ...202108...202208...202308...202408Elapsed time: 607.4165 seconds
creating rslt_crse_code/n/geog1303/fa15/77d7/b66c.pkl: Elapsed time: 8.3316 seconds
creating Y/n/fina1360/fa15/77d7/b66c.pkl: ...202108...202208...202308...202408Elapsed time: 457.2368 seconds
creating rslt_crse_code/n/fina1360/fa15/77d7/b66c.pkl: Elapsed time: 8.3221 seconds
creating Y/n/envs1302/fa15/77d7/b66c.pkl: ...202108...202208...202308...202408Elapsed time: 306.3227 seconds
creating rslt_crse_code/n/envs1302/fa15/77d7/b66c.pkl: Elapsed time: 8.5154 seconds
creating Y/n/engr2303/fa15/77d7/b66c.pkl: ...202108...202208...202308...202408Elapsed time: 2.6704 seconds
creating rslt_crse_code/n/engr2303/fa15/77d7/b66c.pkl: /home/scook/institutional_data_analytics/admitted_matriculation_projection/admitted_matriculation_predictor/src/LiveAMP.py:399: FutureWarning: Downcasting object dtype arrays on .fillna, .ffill, .bfill is deprecated and will change in a future version. Call result.infer_objects(copy=False) instead. To opt-in to the future behavior, set `pd.set_option('future.no_silent_downcasting', True)`
  ).prep().fillna(0)
Elapsed time: 7.6960 seconds
creating Y/n/engl2368/fa15/77d7/b66c.pkl: ...202108...202208...202308...202408Elapsed time: 306.2220 seconds
creating rslt_crse_code/n/engl2368/fa15/77d7/b66c.pkl: Elapsed time: 8.1905 seconds
creating Y/n/engl2366/fa15/77d7/b66c.pkl: ...202108...202208...202308...202408Elapsed time: 3.1694 seconds
creating rslt_crse_code/n/engl2366/fa15/77d7/b66c.pkl: /home/scook/institutional_data_analytics/admitted_matriculation_projection/admitted_matriculation_predictor/src/LiveAMP.py:399: FutureWarning: Downcasting object dtype arrays on .fillna, .ffill, .bfill is deprecated and will change in a future version. Call result.infer_objects(copy=False) instead. To opt-in to the future behavior, set `pd.set_option('future.no_silent_downcasting', True)`
  ).prep().fillna(0)
Elapsed time: 8.1414 seconds
creating Y/n/engl2364/fa15/77d7/b66c.pkl: ...202108...202208...202308...202408Elapsed time: 3.5255 seconds
creating rslt_crse_code/n/engl2364/fa15/77d7/b66c.pkl: /home/scook/institutional_data_analytics/admitted_matriculation_projection/admitted_matriculation_predictor/src/LiveAMP.py:399: FutureWarning: Downcasting object dtype arrays on .fillna, .ffill, .bfill is deprecated and will change in a future version. Call result.infer_objects(copy=False) instead. To opt-in to the future behavior, set `pd.set_option('future.no_silent_downcasting', True)`
  ).prep().fillna(0)
Elapsed time: 7.7326 seconds
creating Y/n/engl2362/fa15/77d7/b66c.pkl: ...202108...202208...202308...202408Elapsed time: 2.4485 seconds
creating rslt_crse_code/n/engl2362/fa15/77d7/b66c.pkl: /home/scook/institutional_data_analytics/admitted_matriculation_projection/admitted_matriculation_predictor/src/LiveAMP.py:399: FutureWarning: Downcasting object dtype arrays on .fillna, .ffill, .bfill is deprecated and will change in a future version. Call result.infer_objects(copy=False) instead. To opt-in to the future behavior, set `pd.set_option('future.no_silent_downcasting', True)`
  ).prep().fillna(0)
Elapsed time: 7.8319 seconds
creating Y/n/engl2360/fa15/77d7/b66c.pkl: ...202108...202208...202308...202408Elapsed time: 305.9566 seconds
creating rslt_crse_code/n/engl2360/fa15/77d7/b66c.pkl: Elapsed time: 7.9763 seconds
creating Y/n/engl2350/fa15/77d7/b66c.pkl: ...202108...202208...202308...202408Elapsed time: 3.2304 seconds
creating rslt_crse_code/n/engl2350/fa15/77d7/b66c.pkl: /home/scook/institutional_data_analytics/admitted_matriculation_projection/admitted_matriculation_predictor/src/LiveAMP.py:399: FutureWarning: Downcasting object dtype arrays on .fillna, .ffill, .bfill is deprecated and will change in a future version. Call result.infer_objects(copy=False) instead. To opt-in to the future behavior, set `pd.set_option('future.no_silent_downcasting', True)`
  ).prep().fillna(0)
Elapsed time: 7.5630 seconds
creating Y/n/engl2340/fa15/77d7/b66c.pkl: ...202108...202208...202308...202408Elapsed time: 305.4983 seconds
creating rslt_crse_code/n/engl2340/fa15/77d7/b66c.pkl: Elapsed time: 7.9503 seconds
creating Y/n/engl2326/fa15/77d7/b66c.pkl: ...202108...202208...202308...202408Elapsed time: 2.7007 seconds
creating rslt_crse_code/n/engl2326/fa15/77d7/b66c.pkl: /home/scook/institutional_data_analytics/admitted_matriculation_projection/admitted_matriculation_predictor/src/LiveAMP.py:399: FutureWarning: Downcasting object dtype arrays on .fillna, .ffill, .bfill is deprecated and will change in a future version. Call result.infer_objects(copy=False) instead. To opt-in to the future behavior, set `pd.set_option('future.no_silent_downcasting', True)`
  ).prep().fillna(0)
Elapsed time: 7.7972 seconds
creating Y/n/engl2321/fa15/77d7/b66c.pkl: ...202108...202208...202308...202408Elapsed time: 2.6788 seconds
creating rslt_crse_code/n/engl2321/fa15/77d7/b66c.pkl: /home/scook/institutional_data_analytics/admitted_matriculation_projection/admitted_matriculation_predictor/src/LiveAMP.py:399: FutureWarning: Downcasting object dtype arrays on .fillna, .ffill, .bfill is deprecated and will change in a future version. Call result.infer_objects(copy=False) instead. To opt-in to the future behavior, set `pd.set_option('future.no_silent_downcasting', True)`
  ).prep().fillna(0)
Elapsed time: 7.9276 seconds
creating Y/n/engl2320/fa15/77d7/b66c.pkl: ...202108...202208...202308...202408Elapsed time: 606.6029 seconds
creating rslt_crse_code/n/engl2320/fa15/77d7/b66c.pkl: Elapsed time: 8.1584 seconds
creating Y/n/engl2307/fa15/77d7/b66c.pkl: ...202108...202208...202308...202408Elapsed time: 305.9084 seconds
creating rslt_crse_code/n/engl2307/fa15/77d7/b66c.pkl: Elapsed time: 8.4495 seconds
creating Y/n/engl1302/fa15/77d7/b66c.pkl: ...202108...202208...202308...202408Elapsed time: 607.0635 seconds
creating rslt_crse_code/n/engl1302/fa15/77d7/b66c.pkl: Elapsed time: 7.9230 seconds
creating Y/n/engl1301/fa15/77d7/b66c.pkl: ...202108...202208...202308...202408Elapsed time: 607.1852 seconds
creating rslt_crse_code/n/engl1301/fa15/77d7/b66c.pkl: Elapsed time: 8.0002 seconds
creating Y/n/econ2301/fa15/77d7/b66c.pkl: ...202108...202208...202308...202408Elapsed time: 606.7567 seconds
creating rslt_crse_code/n/econ2301/fa15/77d7/b66c.pkl: Elapsed time: 8.2627 seconds
creating Y/n/econ1301/fa15/77d7/b66c.pkl: ...202108...202208...202308...202408Elapsed time: 607.1481 seconds
creating rslt_crse_code/n/econ1301/fa15/77d7/b66c.pkl: Elapsed time: 7.9876 seconds
creating Y/n/easc2310/fa15/77d7/b66c.pkl: ...202108...202208...202308...202408Elapsed time: 606.4961 seconds
creating rslt_crse_code/n/easc2310/fa15/77d7/b66c.pkl: Elapsed time: 8.7013 seconds
creating Y/n/dram4304/fa15/77d7/b66c.pkl: ...202108...202208...202308...202408Elapsed time: 2.5733 seconds
creating rslt_crse_code/n/dram4304/fa15/77d7/b66c.pkl: /home/scook/institutional_data_analytics/admitted_matriculation_projection/admitted_matriculation_predictor/src/LiveAMP.py:399: FutureWarning: Downcasting object dtype arrays on .fillna, .ffill, .bfill is deprecated and will change in a future version. Call result.infer_objects(copy=False) instead. To opt-in to the future behavior, set `pd.set_option('future.no_silent_downcasting', True)`
  ).prep().fillna(0)
Elapsed time: 7.9724 seconds
creating Y/n/dram2361/fa15/77d7/b66c.pkl: ...202108...202208...202308...202408Elapsed time: 457.8083 seconds
creating rslt_crse_code/n/dram2361/fa15/77d7/b66c.pkl: Elapsed time: 8.7227 seconds
creating Y/n/dram1310/fa15/77d7/b66c.pkl: ...202108...202208...202308...202408Elapsed time: 607.7469 seconds
creating rslt_crse_code/n/dram1310/fa15/77d7/b66c.pkl: Elapsed time: 7.8531 seconds
creating Y/n/crij1301/fa15/77d7/b66c.pkl: ...202108...202208...202308...202408Elapsed time: 606.7538 seconds
creating rslt_crse_code/n/crij1301/fa15/77d7/b66c.pkl: Elapsed time: 7.8228 seconds
creating Y/n/comm2302/fa15/77d7/b66c.pkl: ...202108...202208...202308...202408Elapsed time: 607.3988 seconds
creating rslt_crse_code/n/comm2302/fa15/77d7/b66c.pkl: Elapsed time: 7.9325 seconds
creating Y/n/comm1315/fa15/77d7/b66c.pkl: ...202108...202208...202308...202408Elapsed time: 608.2664 seconds
creating rslt_crse_code/n/comm1315/fa15/77d7/b66c.pkl: Elapsed time: 8.5082 seconds
creating Y/n/comm1311/fa15/77d7/b66c.pkl: ...202108...202208...202308...202408Elapsed time: 607.2964 seconds
creating rslt_crse_code/n/comm1311/fa15/77d7/b66c.pkl: Elapsed time: 7.9826 seconds
creating Y/n/chem1412/fa15/77d7/b66c.pkl: ...202108...202208...202308...202408Elapsed time: 3.1517 seconds
creating rslt_crse_code/n/chem1412/fa15/77d7/b66c.pkl: /home/scook/institutional_data_analytics/admitted_matriculation_projection/admitted_matriculation_predictor/src/LiveAMP.py:399: FutureWarning: Downcasting object dtype arrays on .fillna, .ffill, .bfill is deprecated and will change in a future version. Call result.infer_objects(copy=False) instead. To opt-in to the future behavior, set `pd.set_option('future.no_silent_downcasting', True)`
  ).prep().fillna(0)
Elapsed time: 7.7640 seconds
creating Y/n/chem1411/fa15/77d7/b66c.pkl: ...202108...202208...202308...202408Elapsed time: 306.0698 seconds
creating rslt_crse_code/n/chem1411/fa15/77d7/b66c.pkl: Elapsed time: 9.2549 seconds
creating Y/n/chem1407/fa15/77d7/b66c.pkl: ...202108...202208...202308...202408Elapsed time: 606.8256 seconds
creating rslt_crse_code/n/chem1407/fa15/77d7/b66c.pkl: Elapsed time: 8.4310 seconds
creating Y/n/chem1312/fa15/77d7/b66c.pkl: ...202108...202208...202308...202408Elapsed time: 305.9567 seconds
creating rslt_crse_code/n/chem1312/fa15/77d7/b66c.pkl: Elapsed time: 8.2882 seconds
creating Y/n/chem1311/fa15/77d7/b66c.pkl: ...202108...202208...202308...202408Elapsed time: 457.5545 seconds
creating rslt_crse_code/n/chem1311/fa15/77d7/b66c.pkl: Elapsed time: 8.2140 seconds
creating Y/n/chem1302/fa15/77d7/b66c.pkl: ...202108...202208...202308...202408Elapsed time: 606.7865 seconds
creating rslt_crse_code/n/chem1302/fa15/77d7/b66c.pkl: Elapsed time: 8.0680 seconds
creating Y/n/chem1112/fa15/77d7/b66c.pkl: ...202108...202208...202308...202408Elapsed time: 306.2290 seconds
creating rslt_crse_code/n/chem1112/fa15/77d7/b66c.pkl: Elapsed time: 8.7090 seconds
creating Y/n/chem1111/fa15/77d7/b66c.pkl: ...202108...202208...202308...202408Elapsed time: 456.9893 seconds
creating rslt_crse_code/n/chem1111/fa15/77d7/b66c.pkl: Elapsed time: 8.0060 seconds
creating Y/n/busi1307/fa15/77d7/b66c.pkl: ...202108...202208...202308...202408Elapsed time: 459.1574 seconds
creating rslt_crse_code/n/busi1307/fa15/77d7/b66c.pkl: Elapsed time: 8.1378 seconds
creating Y/n/busi1301/fa15/77d7/b66c.pkl: ...202108...202208...202308...202408Elapsed time: 607.7355 seconds
creating rslt_crse_code/n/busi1301/fa15/77d7/b66c.pkl: Elapsed time: 8.0438 seconds
creating Y/n/biol2402/fa15/77d7/b66c.pkl: ...202108...202208...202308...202408Elapsed time: 606.7027 seconds
creating rslt_crse_code/n/biol2402/fa15/77d7/b66c.pkl: Elapsed time: 8.0523 seconds
creating Y/n/biol2401/fa15/77d7/b66c.pkl: ...202108...202208...202308...202408Elapsed time: 607.2150 seconds
creating rslt_crse_code/n/biol2401/fa15/77d7/b66c.pkl: Elapsed time: 7.8851 seconds
creating Y/n/biol1407/fa15/77d7/b66c.pkl: ...202108...202208...202308...202408Elapsed time: 607.2635 seconds
creating rslt_crse_code/n/biol1407/fa15/77d7/b66c.pkl: Elapsed time: 9.0478 seconds
creating Y/n/biol1406/fa15/77d7/b66c.pkl: ...202108...202208...202308...202408Elapsed time: 609.8327 seconds
creating rslt_crse_code/n/biol1406/fa15/77d7/b66c.pkl: Elapsed time: 7.9743 seconds
creating Y/n/biol1305/fa15/77d7/b66c.pkl: ...202108...202208...202308...202408Elapsed time: 3.3799 seconds
creating rslt_crse_code/n/biol1305/fa15/77d7/b66c.pkl: /home/scook/institutional_data_analytics/admitted_matriculation_projection/admitted_matriculation_predictor/src/LiveAMP.py:399: FutureWarning: Downcasting object dtype arrays on .fillna, .ffill, .bfill is deprecated and will change in a future version. Call result.infer_objects(copy=False) instead. To opt-in to the future behavior, set `pd.set_option('future.no_silent_downcasting', True)`
  ).prep().fillna(0)
Elapsed time: 8.0252 seconds
creating Y/n/arts3331/fa15/77d7/b66c.pkl: ...202108...202208...202308...202408Elapsed time: 2.5376 seconds
creating rslt_crse_code/n/arts3331/fa15/77d7/b66c.pkl: /home/scook/institutional_data_analytics/admitted_matriculation_projection/admitted_matriculation_predictor/src/LiveAMP.py:399: FutureWarning: Downcasting object dtype arrays on .fillna, .ffill, .bfill is deprecated and will change in a future version. Call result.infer_objects(copy=False) instead. To opt-in to the future behavior, set `pd.set_option('future.no_silent_downcasting', True)`
  ).prep().fillna(0)
Elapsed time: 8.0273 seconds
creating Y/n/arts1304/fa15/77d7/b66c.pkl: ...202108...202208...202308...202408Elapsed time: 2.7683 seconds
creating rslt_crse_code/n/arts1304/fa15/77d7/b66c.pkl: /home/scook/institutional_data_analytics/admitted_matriculation_projection/admitted_matriculation_predictor/src/LiveAMP.py:399: FutureWarning: Downcasting object dtype arrays on .fillna, .ffill, .bfill is deprecated and will change in a future version. Call result.infer_objects(copy=False) instead. To opt-in to the future behavior, set `pd.set_option('future.no_silent_downcasting', True)`
  ).prep().fillna(0)
Elapsed time: 7.9831 seconds
creating Y/n/arts1303/fa15/77d7/b66c.pkl: ...202108...202208...202308...202408Elapsed time: 457.1954 seconds
creating rslt_crse_code/n/arts1303/fa15/77d7/b66c.pkl: Elapsed time: 8.9549 seconds
creating Y/n/arts1301/fa15/77d7/b66c.pkl: ...202108...202208...202308...202408Elapsed time: 606.5559 seconds
creating rslt_crse_code/n/arts1301/fa15/77d7/b66c.pkl: Elapsed time: 8.0645 seconds
creating Y/n/anth2351/fa15/77d7/b66c.pkl: ...202108...202208...202308...202408Elapsed time: 2.8899 seconds
creating rslt_crse_code/n/anth2351/fa15/77d7/b66c.pkl: /home/scook/institutional_data_analytics/admitted_matriculation_projection/admitted_matriculation_predictor/src/LiveAMP.py:399: FutureWarning: Downcasting object dtype arrays on .fillna, .ffill, .bfill is deprecated and will change in a future version. Call result.infer_objects(copy=False) instead. To opt-in to the future behavior, set `pd.set_option('future.no_silent_downcasting', True)`
  ).prep().fillna(0)
Elapsed time: 7.8815 seconds
creating Y/n/anth2302/fa15/77d7/b66c.pkl: ...202108...202208...202308...202408Elapsed time: 3.1831 seconds
creating rslt_crse_code/n/anth2302/fa15/77d7/b66c.pkl: /home/scook/institutional_data_analytics/admitted_matriculation_projection/admitted_matriculation_predictor/src/LiveAMP.py:399: FutureWarning: Downcasting object dtype arrays on .fillna, .ffill, .bfill is deprecated and will change in a future version. Call result.infer_objects(copy=False) instead. To opt-in to the future behavior, set `pd.set_option('future.no_silent_downcasting', True)`
  ).prep().fillna(0)
Elapsed time: 7.8758 seconds
creating Y/n/ansc1319/fa15/77d7/b66c.pkl: ...202108...202208...202308...202408Elapsed time: 306.2463 seconds
creating rslt_crse_code/n/ansc1319/fa15/77d7/b66c.pkl: Elapsed time: 8.2466 seconds
creating Y/n/ansc1119/fa15/77d7/b66c.pkl: ...202108...202208...202308...202408Elapsed time: 306.7175 seconds
creating rslt_crse_code/n/ansc1119/fa15/77d7/b66c.pkl: Elapsed time: 8.5376 seconds
creating Y/n/agec2317/fa15/77d7/b66c.pkl: ...202108...202208...202308...202408Elapsed time: 606.9586 seconds
creating rslt_crse_code/n/agec2317/fa15/77d7/b66c.pkl: Elapsed time: 9.3853 seconds
creating Y/n/_allcrse/fa15/77d7/b66c.pkl: ...202108...202208...202308...202408Elapsed time: 614.9734 seconds
creating rslt_crse_code/n/_allcrse/fa15/77d7/b66c.pkl: Elapsed time: 7.9664 seconds
creating rslt_coll_desc/n/_allcrse/fa15/77d7/b66c.pkl: Elapsed time: 10.4953 seconds
creating rslt_dept_desc/n/_allcrse/fa15/77d7/b66c.pkl: Elapsed time: 23.5897 seconds
creating rslt_majr_desc/n/_allcrse/fa15/77d7/b66c.pkl: Elapsed time: 43.3123 seconds
creating rslt_camp_desc/n/_allcrse/fa15/77d7/b66c.pkl: Elapsed time: 9.8001 seconds
creating rslt_stat_desc/n/_allcrse/fa15/77d7/b66c.pkl: Elapsed time: 26.0241 seconds
creating rslt_cnty_desc/n/_allcrse/fa15/77d7/b66c.pkl: Elapsed time: 101.5124 seconds
creating rslt_gender/n/_allcrse/fa15/77d7/b66c.pkl: Elapsed time: 9.1054 seconds
creating rslt_race_american_indian/n/_allcrse/fa15/77d7/b66c.pkl: Elapsed time: 9.1791 seconds
creating rslt_race_asian/n/_allcrse/fa15/77d7/b66c.pkl: Elapsed time: 9.3277 seconds
creating rslt_race_black/n/_allcrse/fa15/77d7/b66c.pkl: Elapsed time: 9.1399 seconds
creating rslt_race_pacific/n/_allcrse/fa15/77d7/b66c.pkl: Elapsed time: 9.4090 seconds
creating rslt_race_white/n/_allcrse/fa15/77d7/b66c.pkl: Elapsed time: 9.2882 seconds
creating rslt_race_hispanic/n/_allcrse/fa15/77d7/b66c.pkl: Elapsed time: 9.1831 seconds
creating rslt_waiver/n/_allcrse/fa15/77d7/b66c.pkl: Elapsed time: 9.1236 seconds
creating rslt_hs_qrtl/n/_allcrse/fa15/77d7/b66c.pkl: Elapsed time: 10.1994 seconds
creating rslt_international/n/_allcrse/fa15/77d7/b66c.pkl: Elapsed time: 9.5127 seconds
creating rslt_resd_desc/n/_allcrse/fa15/77d7/b66c.pkl: Elapsed time: 9.8201 seconds
creating rslt_lgcy/n/_allcrse/fa15/77d7/b66c.pkl: Elapsed time: 9.5818 seconds
creating rslt_lgcy_desc/n/_allcrse/fa15/77d7/b66c.pkl: Elapsed time: 12.8514 seconds
creating rslt_admt_desc/n/_allcrse/fa15/77d7/b66c.pkl: Elapsed time: 10.9269 seconds
creating rslt_math/n/_allcrse/fa15/77d7/b66c.pkl: Elapsed time: 9.4693 seconds
creating rslt_reading/n/_allcrse/fa15/77d7/b66c.pkl: Elapsed time: 10.1063 seconds
creating rslt_writing/n/_allcrse/fa15/77d7/b66c.pkl: Elapsed time: 9.8550 seconds
creating rslt_ssb/n/_allcrse/fa15/77d7/b66c.pkl: Elapsed time: 9.5142 seconds
creating rslt_oriented/n/_allcrse/fa15/77d7/b66c.pkl: Elapsed time: 9.5605 seconds
creating stack.pkl: /home/scook/miniconda3/envs/my3.11/lib/python3.11/site-packages/pandas/core/dtypes/cast.py:378: RuntimeWarning: invalid value encountered in cast
  new_result = trans(result).astype(dtype)
Elapsed time: 437.4398 seconds
Traceback (most recent call last):
  File "/home/scook/miniconda3/envs/my3.11/lib/python3.11/site-packages/pandas/core/groupby/groupby.py", line 1942, in _agg_py_fallback
    res_values = self._grouper.agg_series(ser, alt, preserve_dtype=True)
                 ^^^^^^^^^^^^^^^^^^^^^^^^^^^^^^^^^^^^^^^^^^^^^^^^^^^^^^^
  File "/home/scook/miniconda3/envs/my3.11/lib/python3.11/site-packages/pandas/core/groupby/ops.py", line 864, in agg_series
    result = self._aggregate_series_pure_python(obj, func)
             ^^^^^^^^^^^^^^^^^^^^^^^^^^^^^^^^^^^^^^^^^^^^^
  File "/home/scook/miniconda3/envs/my3.11/lib/python3.11/site-packages/pandas/core/groupby/ops.py", line 885, in _aggregate_series_pure_python
    res = func(group)
          ^^^^^^^^^^^
  File "/home/scook/miniconda3/envs/my3.11/lib/python3.11/site-packages/pandas/core/groupby/groupby.py", line 2454, in <lambda>
    alt=lambda x: Series(x, copy=False).mean(numeric_only=numeric_only),
                  ^^^^^^^^^^^^^^^^^^^^^^^^^^^^^^^^^^^^^^^^^^^^^^^^^^^^^
  File "/home/scook/miniconda3/envs/my3.11/lib/python3.11/site-packages/pandas/core/series.py", line 6540, in mean
    return NDFrame.mean(self, axis, skipna, numeric_only, **kwargs)
           ^^^^^^^^^^^^^^^^^^^^^^^^^^^^^^^^^^^^^^^^^^^^^^^^^^^^^^^^
  File "/home/scook/miniconda3/envs/my3.11/lib/python3.11/site-packages/pandas/core/generic.py", line 12417, in mean
    return self._stat_function(
           ^^^^^^^^^^^^^^^^^^^^
  File "/home/scook/miniconda3/envs/my3.11/lib/python3.11/site-packages/pandas/core/generic.py", line 12374, in _stat_function
    return self._reduce(
           ^^^^^^^^^^^^^
  File "/home/scook/miniconda3/envs/my3.11/lib/python3.11/site-packages/pandas/core/series.py", line 6434, in _reduce
    return delegate._reduce(name, skipna=skipna, **kwds)
           ^^^^^^^^^^^^^^^^^^^^^^^^^^^^^^^^^^^^^^^^^^^^^
  File "/home/scook/miniconda3/envs/my3.11/lib/python3.11/site-packages/pandas/core/arrays/string_.py", line 523, in _reduce
    raise TypeError(f"Cannot perform reduction '{name}' with string dtype")
TypeError: Cannot perform reduction 'mean' with string dtype

The above exception was the direct cause of the following exception:

Traceback (most recent call last):
  File "/home/scook/institutional_data_analytics/admitted_matriculation_projection/admitted_matriculation_predictor/src/LiveAMP.py", line 541, in <module>
    run_amp(119)
  File "/home/scook/institutional_data_analytics/admitted_matriculation_projection/admitted_matriculation_predictor/src/LiveAMP.py", line 527, in run_amp
    return self.get(func, f"stack.pkl", drop=["terms","X","y","mlt","X_proc","clf","Y","summary","rslt"])
           ^^^^^^^^^^^^^^^^^^^^^^^^^^^^^^^^^^^^^^^^^^^^^^^^^^^^^^^^^^^^^^^^^^^^^^^^^^^^^^^^^^^^^^^^^^^^^^
  File "/home/scook/institutional_data_analytics/admitted_matriculation_projection/admitted_matriculation_predictor/src/setup.py", line 346, in get
    if func() != 'fail':
       ^^^^^^
  File "/home/scook/institutional_data_analytics/admitted_matriculation_projection/admitted_matriculation_predictor/src/LiveAMP.py", line 522, in func
    Y = self.stack['Y'].query("crse_code=='_allcrse'").groupby('idx')[['actual','proba']].mean()
        ^^^^^^^^^^^^^^^^^^^^^^^^^^^^^^^^^^^^^^^^^^^^^^^^^^^^^^^^^^^^^^^^^^^^^^^^^^^^^^^^^^^^^^^^
  File "/home/scook/miniconda3/envs/my3.11/lib/python3.11/site-packages/pandas/core/groupby/groupby.py", line 2452, in mean
    result = self._cython_agg_general(
             ^^^^^^^^^^^^^^^^^^^^^^^^^
  File "/home/scook/miniconda3/envs/my3.11/lib/python3.11/site-packages/pandas/core/groupby/groupby.py", line 1998, in _cython_agg_general
    new_mgr = data.grouped_reduce(array_func)
              ^^^^^^^^^^^^^^^^^^^^^^^^^^^^^^^
  File "/home/scook/miniconda3/envs/my3.11/lib/python3.11/site-packages/pandas/core/internals/managers.py", line 1472, in grouped_reduce
    applied = blk.apply(func)
              ^^^^^^^^^^^^^^^
  File "/home/scook/miniconda3/envs/my3.11/lib/python3.11/site-packages/pandas/core/internals/blocks.py", line 393, in apply
    result = func(self.values, **kwargs)
             ^^^^^^^^^^^^^^^^^^^^^^^^^^^
  File "/home/scook/miniconda3/envs/my3.11/lib/python3.11/site-packages/pandas/core/groupby/groupby.py", line 1995, in array_func
    result = self._agg_py_fallback(how, values, ndim=data.ndim, alt=alt)
             ^^^^^^^^^^^^^^^^^^^^^^^^^^^^^^^^^^^^^^^^^^^^^^^^^^^^^^^^^^^
  File "/home/scook/miniconda3/envs/my3.11/lib/python3.11/site-packages/pandas/core/groupby/groupby.py", line 1946, in _agg_py_fallback
    raise type(err)(msg) from err
TypeError: agg function failed [how->mean,dtype->string]
2024-05-17 10:04:59.956039
creating stack.pkl: /home/scook/miniconda3/envs/my3.11/lib/python3.11/site-packages/pandas/core/dtypes/cast.py:378: RuntimeWarning: invalid value encountered in cast
  new_result = trans(result).astype(dtype)
Elapsed time: 1041.0229 seconds
Traceback (most recent call last):
  File "/home/scook/institutional_data_analytics/admitted_matriculation_projection/admitted_matriculation_predictor/src/LiveAMP.py", line 541, in <module>
    run_amp(119)
  File "/home/scook/institutional_data_analytics/admitted_matriculation_projection/admitted_matriculation_predictor/src/LiveAMP.py", line 527, in run_amp
    return self.get(func, f"stack.pkl", drop=["terms","X","y","mlt","X_proc","clf","Y","summary","rslt"])
           ^^^^^^^^^^^^^^^^^^^^^^^^^^^^^^^^^^^^^^^^^^^^^^^^^^^^^^^^^^^^^^^^^^^^^^^^^^^^^^^^^^^^^^^^^^^^^^
  File "/home/scook/institutional_data_analytics/admitted_matriculation_projection/admitted_matriculation_predictor/src/setup.py", line 350, in get
    self.dump(path)
  File "/home/scook/institutional_data_analytics/admitted_matriculation_projection/admitted_matriculation_predictor/src/setup.py", line 326, in dump
    write(path, self.__dict__, overwrite)
  File "/home/scook/institutional_data_analytics/admitted_matriculation_projection/admitted_matriculation_predictor/src/setup.py", line 269, in write
    dill.dump(obj, f, **kwargs)
  File "/home/scook/miniconda3/envs/my3.11/lib/python3.11/site-packages/dill/_dill.py", line 252, in dump
    Pickler(file, protocol, **_kwds).dump(obj)
  File "/home/scook/miniconda3/envs/my3.11/lib/python3.11/site-packages/dill/_dill.py", line 420, in dump
    StockPickler.dump(self, obj)
  File "/home/scook/miniconda3/envs/my3.11/lib/python3.11/pickle.py", line 487, in dump
    self.save(obj)
  File "/home/scook/miniconda3/envs/my3.11/lib/python3.11/site-packages/dill/_dill.py", line 414, in save
    StockPickler.save(self, obj, save_persistent_id)
  File "/home/scook/miniconda3/envs/my3.11/lib/python3.11/pickle.py", line 560, in save
    f(self, obj)  # Call unbound method with explicit self
    ^^^^^^^^^^^^
  File "/home/scook/miniconda3/envs/my3.11/lib/python3.11/site-packages/dill/_dill.py", line 1217, in save_module_dict
    StockPickler.save_dict(pickler, obj)
  File "/home/scook/miniconda3/envs/my3.11/lib/python3.11/pickle.py", line 972, in save_dict
    self._batch_setitems(obj.items())
  File "/home/scook/miniconda3/envs/my3.11/lib/python3.11/pickle.py", line 998, in _batch_setitems
    save(v)
  File "/home/scook/miniconda3/envs/my3.11/lib/python3.11/site-packages/dill/_dill.py", line 414, in save
    StockPickler.save(self, obj, save_persistent_id)
  File "/home/scook/miniconda3/envs/my3.11/lib/python3.11/pickle.py", line 560, in save
    f(self, obj)  # Call unbound method with explicit self
    ^^^^^^^^^^^^
  File "/home/scook/miniconda3/envs/my3.11/lib/python3.11/site-packages/dill/_dill.py", line 1217, in save_module_dict
    StockPickler.save_dict(pickler, obj)
  File "/home/scook/miniconda3/envs/my3.11/lib/python3.11/pickle.py", line 972, in save_dict
    self._batch_setitems(obj.items())
  File "/home/scook/miniconda3/envs/my3.11/lib/python3.11/pickle.py", line 998, in _batch_setitems
    save(v)
  File "/home/scook/miniconda3/envs/my3.11/lib/python3.11/site-packages/dill/_dill.py", line 414, in save
    StockPickler.save(self, obj, save_persistent_id)
  File "/home/scook/miniconda3/envs/my3.11/lib/python3.11/pickle.py", line 603, in save
    self.save_reduce(obj=obj, *rv)
  File "/home/scook/miniconda3/envs/my3.11/lib/python3.11/pickle.py", line 717, in save_reduce
    save(state)
  File "/home/scook/miniconda3/envs/my3.11/lib/python3.11/site-packages/dill/_dill.py", line 414, in save
    StockPickler.save(self, obj, save_persistent_id)
  File "/home/scook/miniconda3/envs/my3.11/lib/python3.11/pickle.py", line 560, in save
    f(self, obj)  # Call unbound method with explicit self
    ^^^^^^^^^^^^
  File "/home/scook/miniconda3/envs/my3.11/lib/python3.11/site-packages/dill/_dill.py", line 1217, in save_module_dict
    StockPickler.save_dict(pickler, obj)
  File "/home/scook/miniconda3/envs/my3.11/lib/python3.11/pickle.py", line 972, in save_dict
    self._batch_setitems(obj.items())
  File "/home/scook/miniconda3/envs/my3.11/lib/python3.11/pickle.py", line 998, in _batch_setitems
    save(v)
  File "/home/scook/miniconda3/envs/my3.11/lib/python3.11/site-packages/dill/_dill.py", line 414, in save
    StockPickler.save(self, obj, save_persistent_id)
  File "/home/scook/miniconda3/envs/my3.11/lib/python3.11/pickle.py", line 603, in save
    self.save_reduce(obj=obj, *rv)
  File "/home/scook/miniconda3/envs/my3.11/lib/python3.11/pickle.py", line 692, in save_reduce
    save(args)
  File "/home/scook/miniconda3/envs/my3.11/lib/python3.11/site-packages/dill/_dill.py", line 414, in save
    StockPickler.save(self, obj, save_persistent_id)
  File "/home/scook/miniconda3/envs/my3.11/lib/python3.11/pickle.py", line 560, in save
    f(self, obj)  # Call unbound method with explicit self
    ^^^^^^^^^^^^
  File "/home/scook/miniconda3/envs/my3.11/lib/python3.11/pickle.py", line 887, in save_tuple
    save(element)
  File "/home/scook/miniconda3/envs/my3.11/lib/python3.11/site-packages/dill/_dill.py", line 414, in save
    StockPickler.save(self, obj, save_persistent_id)
  File "/home/scook/miniconda3/envs/my3.11/lib/python3.11/pickle.py", line 560, in save
    f(self, obj)  # Call unbound method with explicit self
    ^^^^^^^^^^^^
  File "/home/scook/miniconda3/envs/my3.11/lib/python3.11/pickle.py", line 902, in save_tuple
    save(element)
  File "/home/scook/miniconda3/envs/my3.11/lib/python3.11/site-packages/dill/_dill.py", line 414, in save
    StockPickler.save(self, obj, save_persistent_id)
  File "/home/scook/miniconda3/envs/my3.11/lib/python3.11/pickle.py", line 603, in save
    self.save_reduce(obj=obj, *rv)
  File "/home/scook/miniconda3/envs/my3.11/lib/python3.11/pickle.py", line 692, in save_reduce
    save(args)
  File "/home/scook/miniconda3/envs/my3.11/lib/python3.11/site-packages/dill/_dill.py", line 414, in save
    StockPickler.save(self, obj, save_persistent_id)
  File "/home/scook/miniconda3/envs/my3.11/lib/python3.11/pickle.py", line 560, in save
    f(self, obj)  # Call unbound method with explicit self
    ^^^^^^^^^^^^
  File "/home/scook/miniconda3/envs/my3.11/lib/python3.11/pickle.py", line 887, in save_tuple
    save(element)
  File "/home/scook/miniconda3/envs/my3.11/lib/python3.11/site-packages/dill/_dill.py", line 414, in save
    StockPickler.save(self, obj, save_persistent_id)
  File "/home/scook/miniconda3/envs/my3.11/lib/python3.11/pickle.py", line 603, in save
    self.save_reduce(obj=obj, *rv)
  File "/home/scook/miniconda3/envs/my3.11/lib/python3.11/pickle.py", line 717, in save_reduce
    save(state)
  File "/home/scook/miniconda3/envs/my3.11/lib/python3.11/site-packages/dill/_dill.py", line 414, in save
    StockPickler.save(self, obj, save_persistent_id)
  File "/home/scook/miniconda3/envs/my3.11/lib/python3.11/pickle.py", line 560, in save
    f(self, obj)  # Call unbound method with explicit self
    ^^^^^^^^^^^^
  File "/home/scook/miniconda3/envs/my3.11/lib/python3.11/pickle.py", line 887, in save_tuple
    save(element)
  File "/home/scook/miniconda3/envs/my3.11/lib/python3.11/site-packages/dill/_dill.py", line 414, in save
    StockPickler.save(self, obj, save_persistent_id)
  File "/home/scook/miniconda3/envs/my3.11/lib/python3.11/pickle.py", line 560, in save
    f(self, obj)  # Call unbound method with explicit self
    ^^^^^^^^^^^^
  File "/home/scook/miniconda3/envs/my3.11/lib/python3.11/site-packages/dill/_dill.py", line 406, in save_numpy_array
    pickler.save_reduce(_create_array, (f,args,state,npdict), obj=obj)
  File "/home/scook/miniconda3/envs/my3.11/lib/python3.11/pickle.py", line 692, in save_reduce
    save(args)
  File "/home/scook/miniconda3/envs/my3.11/lib/python3.11/site-packages/dill/_dill.py", line 414, in save
    StockPickler.save(self, obj, save_persistent_id)
  File "/home/scook/miniconda3/envs/my3.11/lib/python3.11/pickle.py", line 560, in save
    f(self, obj)  # Call unbound method with explicit self
    ^^^^^^^^^^^^
  File "/home/scook/miniconda3/envs/my3.11/lib/python3.11/pickle.py", line 902, in save_tuple
    save(element)
  File "/home/scook/miniconda3/envs/my3.11/lib/python3.11/site-packages/dill/_dill.py", line 414, in save
    StockPickler.save(self, obj, save_persistent_id)
  File "/home/scook/miniconda3/envs/my3.11/lib/python3.11/pickle.py", line 560, in save
    f(self, obj)  # Call unbound method with explicit self
    ^^^^^^^^^^^^
  File "/home/scook/miniconda3/envs/my3.11/lib/python3.11/pickle.py", line 902, in save_tuple
    save(element)
  File "/home/scook/miniconda3/envs/my3.11/lib/python3.11/site-packages/dill/_dill.py", line 414, in save
    StockPickler.save(self, obj, save_persistent_id)
  File "/home/scook/miniconda3/envs/my3.11/lib/python3.11/pickle.py", line 560, in save
    f(self, obj)  # Call unbound method with explicit self
    ^^^^^^^^^^^^
  File "/home/scook/miniconda3/envs/my3.11/lib/python3.11/pickle.py", line 932, in save_list
    self._batch_appends(obj)
  File "/home/scook/miniconda3/envs/my3.11/lib/python3.11/pickle.py", line 956, in _batch_appends
    save(x)
  File "/home/scook/miniconda3/envs/my3.11/lib/python3.11/site-packages/dill/_dill.py", line 414, in save
    StockPickler.save(self, obj, save_persistent_id)
  File "/home/scook/miniconda3/envs/my3.11/lib/python3.11/pickle.py", line 560, in save
    f(self, obj)  # Call unbound method with explicit self
    ^^^^^^^^^^^^
  File "/home/scook/miniconda3/envs/my3.11/lib/python3.11/pickle.py", line 871, in save_str
    self.memoize(obj)
  File "/home/scook/miniconda3/envs/my3.11/lib/python3.11/pickle.py", line 511, in memoize
    self.memo[id(obj)] = idx, obj
    ~~~~~~~~~^^^^^^^^^
MemoryError
